<?xml version="1.0" encoding="UTF-8"?>
<coverage generated="1776270458860" clover="3.2.0">
  <project timestamp="1776270458861" name="All files">
    <metrics statements="877" coveredstatements="612" conditionals="371" coveredconditionals="229" methods="159" coveredmethods="118" elements="1407" coveredelements="959" complexity="0" loc="877" ncloc="877" packages="8" files="17" classes="17"/>
    <package name="src">
      <metrics statements="54" coveredstatements="49" conditionals="16" coveredconditionals="12" methods="5" coveredmethods="4"/>
      <file name="app.js" path="C:\Users\swaya\OneDrive\Desktop\promptWars\smartvenue-ai\backend\src\app.js">
        <metrics statements="54" coveredstatements="49" conditionals="16" coveredconditionals="12" methods="5" coveredmethods="4"/>
        <line num="1" count="5" type="stmt"/>
        <line num="2" count="5" type="stmt"/>
        <line num="3" count="5" type="stmt"/>
        <line num="4" count="5" type="stmt"/>
        <line num="5" count="5" type="stmt"/>
        <line num="6" count="5" type="stmt"/>
        <line num="7" count="5" type="stmt"/>
        <line num="8" count="5" type="stmt"/>
        <line num="10" count="5" type="stmt"/>
        <line num="11" count="5" type="stmt"/>
        <line num="12" count="5" type="stmt"/>
        <line num="13" count="5" type="stmt"/>
        <line num="14" count="5" type="stmt"/>
        <line num="15" count="5" type="stmt"/>
        <line num="16" count="5" type="stmt"/>
        <line num="18" count="5" type="stmt"/>
        <line num="21" count="5" type="stmt"/>
        <line num="24" count="5" type="stmt"/>
        <line num="38" count="5" type="stmt"/>
        <line num="44" count="5" type="stmt"/>
        <line num="46" count="741" type="cond" truecount="2" falsecount="0"/>
        <line num="47" count="2" type="cond" truecount="2" falsecount="0"/>
        <line num="49" count="1" type="cond" truecount="3" falsecount="1"/>
        <line num="50" count="0" type="stmt"/>
        <line num="53" count="1" type="cond" truecount="1" falsecount="1"/>
        <line num="54" count="0" type="stmt"/>
        <line num="56" count="1" type="stmt"/>
        <line num="62" count="5" type="stmt"/>
        <line num="70" count="5" type="stmt"/>
        <line num="76" count="5" type="stmt"/>
        <line num="77" count="5" type="stmt"/>
        <line num="80" count="5" type="stmt"/>
        <line num="81" count="5" type="stmt"/>
        <line num="84" count="5" type="stmt"/>
        <line num="87" count="5" type="cond" truecount="1" falsecount="1"/>
        <line num="88" count="0" type="stmt"/>
        <line num="89" count="0" type="stmt"/>
        <line num="90" count="0" type="stmt"/>
        <line num="95" count="5" type="stmt"/>
        <line num="96" count="19" type="stmt"/>
        <line num="97" count="19" type="stmt"/>
        <line num="101" count="5" type="stmt"/>
        <line num="102" count="5" type="stmt"/>
        <line num="103" count="5" type="stmt"/>
        <line num="104" count="5" type="stmt"/>
        <line num="105" count="5" type="stmt"/>
        <line num="106" count="5" type="stmt"/>
        <line num="107" count="5" type="stmt"/>
        <line num="110" count="5" type="stmt"/>
        <line num="111" count="3" type="stmt"/>
        <line num="115" count="5" type="stmt"/>
        <line num="116" count="1" type="stmt"/>
        <line num="117" count="1" type="cond" truecount="2" falsecount="0"/>
        <line num="122" count="5" type="stmt"/>
      </file>
    </package>
    <package name="src.config">
      <metrics statements="38" coveredstatements="13" conditionals="22" coveredconditionals="5" methods="8" coveredmethods="3"/>
      <file name="firebaseAdmin.js" path="C:\Users\swaya\OneDrive\Desktop\promptWars\smartvenue-ai\backend\src\config\firebaseAdmin.js">
        <metrics statements="38" coveredstatements="13" conditionals="22" coveredconditionals="5" methods="8" coveredmethods="3"/>
        <line num="6" count="8" type="stmt"/>
        <line num="8" count="8" type="stmt"/>
        <line num="9" count="8" type="stmt"/>
        <line num="12" count="8" type="cond" truecount="1" falsecount="1"/>
        <line num="14" count="8" type="stmt"/>
        <line num="15" count="8" type="stmt"/>
        <line num="17" count="8" type="cond" truecount="2" falsecount="2"/>
        <line num="18" count="8" type="stmt"/>
        <line num="19" count="8" type="stmt"/>
        <line num="22" count="0" type="stmt"/>
        <line num="23" count="0" type="cond" truecount="0" falsecount="2"/>
        <line num="24" count="0" type="stmt"/>
        <line num="26" count="0" type="cond" truecount="0" falsecount="2"/>
        <line num="28" count="0" type="stmt"/>
        <line num="29" count="0" type="stmt"/>
        <line num="33" count="0" type="cond" truecount="0" falsecount="2"/>
        <line num="35" count="0" type="stmt"/>
        <line num="43" count="0" type="stmt"/>
        <line num="44" count="0" type="stmt"/>
        <line num="45" count="0" type="stmt"/>
        <line num="49" count="0" type="stmt"/>
        <line num="50" count="0" type="stmt"/>
        <line num="51" count="0" type="stmt"/>
        <line num="53" count="0" type="stmt"/>
        <line num="57" count="8" type="stmt"/>
        <line num="60" count="104" type="cond" truecount="1" falsecount="1"/>
        <line num="61" count="0" type="stmt"/>
        <line num="62" count="0" type="stmt"/>
        <line num="63" count="0" type="stmt"/>
        <line num="77" count="0" type="stmt"/>
        <line num="81" count="10" type="cond" truecount="1" falsecount="1"/>
        <line num="82" count="0" type="stmt"/>
        <line num="86" count="0" type="cond" truecount="0" falsecount="2"/>
        <line num="87" count="0" type="stmt"/>
        <line num="88" count="0" type="stmt"/>
        <line num="90" count="0" type="stmt"/>
        <line num="94" count="8" type="stmt"/>
        <line num="99" count="0" type="stmt"/>
      </file>
    </package>
    <package name="src.middleware">
      <metrics statements="41" coveredstatements="33" conditionals="22" coveredconditionals="17" methods="3" coveredmethods="3"/>
      <file name="auth.js" path="C:\Users\swaya\OneDrive\Desktop\promptWars\smartvenue-ai\backend\src\middleware\auth.js">
        <metrics statements="41" coveredstatements="33" conditionals="22" coveredconditionals="17" methods="3" coveredmethods="3"/>
        <line num="14" count="6" type="stmt"/>
        <line num="15" count="6" type="stmt"/>
        <line num="31" count="6" type="stmt"/>
        <line num="32" count="35" type="stmt"/>
        <line num="35" count="35" type="cond" truecount="4" falsecount="0"/>
        <line num="36" count="9" type="stmt"/>
        <line num="40" count="9" type="stmt"/>
        <line num="47" count="26" type="stmt"/>
        <line num="48" count="26" type="cond" truecount="1" falsecount="1"/>
        <line num="49" count="0" type="stmt"/>
        <line num="50" count="0" type="stmt"/>
        <line num="56" count="26" type="stmt"/>
        <line num="59" count="26" type="cond" truecount="3" falsecount="1"/>
        <line num="60" count="0" type="stmt"/>
        <line num="61" count="0" type="stmt"/>
        <line num="67" count="26" type="stmt"/>
        <line num="69" count="26" type="stmt"/>
        <line num="75" count="21" type="cond" truecount="3" falsecount="1"/>
        <line num="76" count="0" type="stmt"/>
        <line num="80" count="21" type="stmt"/>
        <line num="87" count="21" type="stmt"/>
        <line num="92" count="21" type="stmt"/>
        <line num="95" count="5" type="stmt"/>
        <line num="102" count="5" type="stmt"/>
        <line num="123" count="6" type="stmt"/>
        <line num="124" count="16" type="cond" truecount="1" falsecount="1"/>
        <line num="125" count="0" type="stmt"/>
        <line num="126" count="0" type="stmt"/>
        <line num="132" count="16" type="cond" truecount="2" falsecount="0"/>
        <line num="133" count="3" type="stmt"/>
        <line num="138" count="3" type="stmt"/>
        <line num="144" count="13" type="stmt"/>
        <line num="156" count="6" type="stmt"/>
        <line num="157" count="3" type="cond" truecount="1" falsecount="1"/>
        <line num="158" count="0" type="stmt"/>
        <line num="164" count="3" type="stmt"/>
        <line num="165" count="3" type="cond" truecount="2" falsecount="0"/>
        <line num="166" count="1" type="stmt"/>
        <line num="171" count="1" type="stmt"/>
        <line num="177" count="2" type="stmt"/>
        <line num="180" count="6" type="stmt"/>
      </file>
    </package>
    <package name="src.routes">
      <metrics statements="444" coveredstatements="378" conditionals="177" coveredconditionals="139" methods="76" coveredmethods="67"/>
      <file name="alerts.js" path="C:\Users\swaya\OneDrive\Desktop\promptWars\smartvenue-ai\backend\src\routes\alerts.js">
        <metrics statements="71" coveredstatements="60" conditionals="10" coveredconditionals="8" methods="9" coveredmethods="7"/>
        <line num="14" count="5" type="stmt"/>
        <line num="15" count="5" type="stmt"/>
        <line num="16" count="5" type="stmt"/>
        <line num="17" count="5" type="stmt"/>
        <line num="18" count="5" type="stmt"/>
        <line num="19" count="5" type="stmt"/>
        <line num="20" count="5" type="stmt"/>
        <line num="21" count="5" type="stmt"/>
        <line num="23" count="5" type="stmt"/>
        <line num="29" count="5" type="stmt"/>
        <line num="35" count="5" type="stmt"/>
        <line num="57" count="12" type="stmt"/>
        <line num="58" count="12" type="stmt"/>
        <line num="60" count="12" type="stmt"/>
        <line num="61" count="240" type="cond" truecount="1" falsecount="1"/>
        <line num="62" count="0" type="stmt"/>
        <line num="73" count="240" type="cond" truecount="1" falsecount="1"/>
        <line num="74" count="0" type="stmt"/>
        <line num="89" count="12" type="stmt"/>
        <line num="90" count="12" type="stmt"/>
        <line num="110" count="5" type="stmt"/>
        <line num="111" count="12" type="stmt"/>
        <line num="112" count="12" type="stmt"/>
        <line num="113" count="12" type="stmt"/>
        <line num="116" count="12" type="stmt"/>
        <line num="119" count="0" type="stmt"/>
        <line num="122" count="12" type="stmt"/>
        <line num="124" count="12" type="stmt"/>
        <line num="126" count="0" type="stmt"/>
        <line num="127" count="0" type="stmt"/>
        <line num="153" count="5" type="stmt"/>
        <line num="158" count="9" type="stmt"/>
        <line num="159" count="9" type="stmt"/>
        <line num="160" count="9" type="cond" truecount="2" falsecount="0"/>
        <line num="161" count="3" type="stmt"/>
        <line num="162" count="3" type="stmt"/>
        <line num="165" count="6" type="stmt"/>
        <line num="174" count="6" type="stmt"/>
        <line num="175" count="6" type="stmt"/>
        <line num="176" count="6" type="stmt"/>
        <line num="179" count="6" type="stmt"/>
        <line num="185" count="6" type="stmt"/>
        <line num="187" count="6" type="stmt"/>
        <line num="193" count="0" type="stmt"/>
        <line num="194" count="0" type="stmt"/>
        <line num="210" count="5" type="stmt"/>
        <line num="211" count="2" type="stmt"/>
        <line num="212" count="3" type="stmt"/>
        <line num="214" count="2" type="cond" truecount="2" falsecount="0"/>
        <line num="215" count="1" type="stmt"/>
        <line num="216" count="1" type="stmt"/>
        <line num="219" count="1" type="stmt"/>
        <line num="220" count="1" type="stmt"/>
        <line num="221" count="1" type="stmt"/>
        <line num="224" count="1" type="stmt"/>
        <line num="230" count="1" type="stmt"/>
        <line num="232" count="1" type="stmt"/>
        <line num="237" count="0" type="stmt"/>
        <line num="238" count="0" type="stmt"/>
        <line num="259" count="5" type="stmt"/>
        <line num="260" count="2" type="stmt"/>
        <line num="261" count="2" type="stmt"/>
        <line num="274" count="2" type="stmt"/>
        <line num="275" count="2" type="stmt"/>
        <line num="276" count="2" type="stmt"/>
        <line num="279" count="2" type="stmt"/>
        <line num="285" count="2" type="stmt"/>
        <line num="287" count="2" type="stmt"/>
        <line num="292" count="0" type="stmt"/>
        <line num="293" count="0" type="stmt"/>
        <line num="297" count="5" type="stmt"/>
      </file>
      <file name="analytics.js" path="C:\Users\swaya\OneDrive\Desktop\promptWars\smartvenue-ai\backend\src\routes\analytics.js">
        <metrics statements="43" coveredstatements="39" conditionals="23" coveredconditionals="21" methods="10" coveredmethods="10"/>
        <line num="11" count="5" type="stmt"/>
        <line num="12" count="5" type="stmt"/>
        <line num="13" count="5" type="stmt"/>
        <line num="14" count="5" type="stmt"/>
        <line num="15" count="5" type="stmt"/>
        <line num="17" count="5" type="stmt"/>
        <line num="38" count="11" type="stmt"/>
        <line num="39" count="11" type="stmt"/>
        <line num="41" count="11" type="stmt"/>
        <line num="42" count="150" type="stmt"/>
        <line num="43" count="150" type="stmt"/>
        <line num="46" count="150" type="cond" truecount="2" falsecount="0"/>
        <line num="53" count="150" type="stmt"/>
        <line num="62" count="11" type="stmt"/>
        <line num="90" count="5" type="stmt"/>
        <line num="91" count="1" type="stmt"/>
        <line num="92" count="1" type="stmt"/>
        <line num="93" count="1" type="stmt"/>
        <line num="95" count="1" type="stmt"/>
        <line num="96" count="13" type="cond" truecount="2" falsecount="0"/>
        <line num="98" count="1" type="stmt"/>
        <line num="100" count="20" type="cond" truecount="2" falsecount="0"/>
        <line num="101" count="20" type="stmt"/>
        <line num="102" count="20" type="stmt"/>
        <line num="103" count="20" type="cond" truecount="1" falsecount="1"/>
        <line num="107" count="20" type="stmt"/>
        <line num="113" count="63" type="stmt"/>
        <line num="118" count="1" type="stmt"/>
        <line num="125" count="1" type="stmt"/>
        <line num="127" count="1" type="stmt"/>
        <line num="132" count="0" type="stmt"/>
        <line num="133" count="0" type="stmt"/>
        <line num="163" count="5" type="stmt"/>
        <line num="164" count="10" type="stmt"/>
        <line num="165" count="10" type="cond" truecount="2" falsecount="0"/>
        <line num="166" count="10" type="stmt"/>
        <line num="169" count="10" type="stmt"/>
        <line num="174" count="10" type="stmt"/>
        <line num="175" count="10" type="stmt"/>
        <line num="177" count="10" type="stmt"/>
        <line num="179" count="0" type="stmt"/>
        <line num="180" count="0" type="stmt"/>
        <line num="184" count="5" type="stmt"/>
      </file>
      <file name="auth.js" path="C:\Users\swaya\OneDrive\Desktop\promptWars\smartvenue-ai\backend\src\routes\auth.js">
        <metrics statements="54" coveredstatements="46" conditionals="12" coveredconditionals="10" methods="4" coveredmethods="4"/>
        <line num="13" count="5" type="stmt"/>
        <line num="14" count="5" type="stmt"/>
        <line num="15" count="5" type="stmt"/>
        <line num="16" count="5" type="stmt"/>
        <line num="17" count="5" type="stmt"/>
        <line num="18" count="5" type="stmt"/>
        <line num="19" count="5" type="stmt"/>
        <line num="21" count="5" type="stmt"/>
        <line num="28" count="5" type="stmt"/>
        <line num="76" count="5" type="stmt"/>
        <line num="80" count="47" type="stmt"/>
        <line num="81" count="47" type="stmt"/>
        <line num="82" count="47" type="cond" truecount="2" falsecount="0"/>
        <line num="83" count="6" type="stmt"/>
        <line num="84" count="6" type="stmt"/>
        <line num="87" count="41" type="stmt"/>
        <line num="88" count="41" type="cond" truecount="1" falsecount="1"/>
        <line num="89" count="0" type="stmt"/>
        <line num="90" count="0" type="stmt"/>
        <line num="93" count="41" type="stmt"/>
        <line num="94" count="75" type="stmt"/>
        <line num="97" count="41" type="cond" truecount="2" falsecount="0"/>
        <line num="98" count="32" type="stmt"/>
        <line num="99" count="32" type="stmt"/>
        <line num="102" count="32" type="stmt"/>
        <line num="108" count="32" type="stmt"/>
        <line num="112" count="9" type="stmt"/>
        <line num="113" count="9" type="stmt"/>
        <line num="114" count="9" type="stmt"/>
        <line num="116" count="9" type="cond" truecount="4" falsecount="0"/>
        <line num="117" count="2" type="stmt"/>
        <line num="120" count="2" type="stmt"/>
        <line num="126" count="2" type="stmt"/>
        <line num="129" count="7" type="stmt"/>
        <line num="136" count="7" type="stmt"/>
        <line num="143" count="7" type="stmt"/>
        <line num="148" count="7" type="stmt"/>
        <line num="154" count="0" type="stmt"/>
        <line num="155" count="0" type="stmt"/>
        <line num="179" count="5" type="stmt"/>
        <line num="180" count="2" type="stmt"/>
        <line num="182" count="2" type="stmt"/>
        <line num="188" count="2" type="stmt"/>
        <line num="190" count="2" type="stmt"/>
        <line num="192" count="0" type="stmt"/>
        <line num="193" count="0" type="stmt"/>
        <line num="212" count="5" type="stmt"/>
        <line num="213" count="2" type="stmt"/>
        <line num="215" count="2" type="stmt"/>
        <line num="222" count="2" type="stmt"/>
        <line num="224" count="2" type="stmt"/>
        <line num="226" count="0" type="stmt"/>
        <line num="227" count="0" type="stmt"/>
        <line num="231" count="5" type="stmt"/>
      </file>
      <file name="chat.js" path="C:\Users\swaya\OneDrive\Desktop\promptWars\smartvenue-ai\backend\src\routes\chat.js">
        <metrics statements="86" coveredstatements="68" conditionals="71" coveredconditionals="54" methods="23" coveredmethods="18"/>
        <line num="11" count="5" type="stmt"/>
        <line num="12" count="5" type="stmt"/>
        <line num="13" count="5" type="stmt"/>
        <line num="14" count="5" type="stmt"/>
        <line num="15" count="5" type="stmt"/>
        <line num="17" count="5" type="stmt"/>
        <line num="23" count="5" type="stmt"/>
        <line num="32" count="0" type="stmt"/>
        <line num="33" count="0" type="stmt"/>
        <line num="34" count="0" type="stmt"/>
        <line num="35" count="0" type="stmt"/>
        <line num="36" count="0" type="cond" truecount="0" falsecount="2"/>
        <line num="37" count="0" type="stmt"/>
        <line num="38" count="0" type="stmt"/>
        <line num="54" count="16" type="stmt"/>
        <line num="56" count="16" type="cond" truecount="6" falsecount="0"/>
        <line num="57" count="5" type="stmt"/>
        <line num="58" count="5" type="stmt"/>
        <line num="59" count="20" type="stmt"/>
        <line num="60" count="30" type="stmt"/>
        <line num="61" count="5" type="stmt"/>
        <line num="64" count="11" type="cond" truecount="5" falsecount="0"/>
        <line num="65" count="2" type="stmt"/>
        <line num="66" count="2" type="stmt"/>
        <line num="67" count="8" type="stmt"/>
        <line num="68" count="11" type="stmt"/>
        <line num="69" count="2" type="stmt"/>
        <line num="72" count="9" type="cond" truecount="6" falsecount="0"/>
        <line num="73" count="2" type="stmt"/>
        <line num="74" count="2" type="stmt"/>
        <line num="75" count="8" type="stmt"/>
        <line num="76" count="11" type="stmt"/>
        <line num="77" count="2" type="stmt"/>
        <line num="80" count="7" type="cond" truecount="5" falsecount="0"/>
        <line num="81" count="1" type="stmt"/>
        <line num="82" count="20" type="stmt"/>
        <line num="83" count="1" type="cond" truecount="1" falsecount="1"/>
        <line num="84" count="0" type="stmt"/>
        <line num="86" count="1" type="stmt"/>
        <line num="89" count="6" type="cond" truecount="4" falsecount="0"/>
        <line num="90" count="1" type="stmt"/>
        <line num="91" count="1" type="stmt"/>
        <line num="92" count="1" type="cond" truecount="1" falsecount="1"/>
        <line num="93" count="1" type="stmt"/>
        <line num="96" count="5" type="cond" truecount="4" falsecount="0"/>
        <line num="97" count="1" type="stmt"/>
        <line num="98" count="1" type="stmt"/>
        <line num="101" count="4" type="cond" truecount="6" falsecount="0"/>
        <line num="102" count="1" type="cond" truecount="1" falsecount="1"/>
        <line num="105" count="3" type="cond" truecount="4" falsecount="1"/>
        <line num="106" count="0" type="stmt"/>
        <line num="109" count="3" type="stmt"/>
        <line num="128" count="16" type="stmt"/>
        <line num="129" count="16" type="cond" truecount="2" falsecount="2"/>
        <line num="130" count="0" type="cond" truecount="0" falsecount="2"/>
        <line num="132" count="0" type="stmt"/>
        <line num="133" count="0" type="stmt"/>
        <line num="160" count="0" type="cond" truecount="0" falsecount="2"/>
        <line num="161" count="0" type="stmt"/>
        <line num="162" count="0" type="cond" truecount="0" falsecount="2"/>
        <line num="164" count="0" type="stmt"/>
        <line num="192" count="5" type="stmt"/>
        <line num="195" count="19" type="stmt"/>
        <line num="196" count="19" type="stmt"/>
        <line num="197" count="19" type="cond" truecount="2" falsecount="0"/>
        <line num="198" count="3" type="stmt"/>
        <line num="199" count="3" type="stmt"/>
        <line num="202" count="16" type="stmt"/>
        <line num="203" count="16" type="stmt"/>
        <line num="205" count="16" type="stmt"/>
        <line num="206" count="16" type="stmt"/>
        <line num="208" count="320" type="stmt"/>
        <line num="209" count="320" type="stmt"/>
        <line num="210" count="320" type="stmt"/>
        <line num="211" count="320" type="stmt"/>
        <line num="212" count="320" type="stmt"/>
        <line num="215" count="16" type="stmt"/>
        <line num="216" count="16" type="stmt"/>
        <line num="218" count="16" type="cond" truecount="1" falsecount="1"/>
        <line num="219" count="16" type="stmt"/>
        <line num="223" count="16" type="stmt"/>
        <line num="232" count="16" type="stmt"/>
        <line num="234" count="16" type="stmt"/>
        <line num="240" count="0" type="stmt"/>
        <line num="241" count="0" type="stmt"/>
        <line num="250" count="5" type="stmt"/>
      </file>
      <file name="crowd.js" path="C:\Users\swaya\OneDrive\Desktop\promptWars\smartvenue-ai\backend\src\routes\crowd.js">
        <metrics statements="46" coveredstatements="38" conditionals="4" coveredconditionals="4" methods="5" coveredmethods="5"/>
        <line num="10" count="5" type="stmt"/>
        <line num="11" count="5" type="stmt"/>
        <line num="12" count="5" type="stmt"/>
        <line num="13" count="5" type="stmt"/>
        <line num="15" count="5" type="stmt"/>
        <line num="41" count="5" type="stmt"/>
        <line num="42" count="370" type="stmt"/>
        <line num="43" count="370" type="stmt"/>
        <line num="46" count="370" type="stmt"/>
        <line num="51" count="370" type="stmt"/>
        <line num="52" count="370" type="stmt"/>
        <line num="54" count="370" type="stmt"/>
        <line num="56" count="0" type="stmt"/>
        <line num="57" count="0" type="stmt"/>
        <line num="88" count="5" type="stmt"/>
        <line num="89" count="3" type="stmt"/>
        <line num="90" count="3" type="stmt"/>
        <line num="91" count="3" type="stmt"/>
        <line num="93" count="3" type="cond" truecount="2" falsecount="0"/>
        <line num="94" count="2" type="stmt"/>
        <line num="95" count="2" type="stmt"/>
        <line num="99" count="1" type="stmt"/>
        <line num="106" count="1" type="stmt"/>
        <line num="108" count="1" type="stmt"/>
        <line num="110" count="0" type="stmt"/>
        <line num="111" count="0" type="stmt"/>
        <line num="143" count="5" type="stmt"/>
        <line num="144" count="13" type="stmt"/>
        <line num="145" count="13" type="stmt"/>
        <line num="148" count="13" type="stmt"/>
        <line num="150" count="260" type="cond" truecount="2" falsecount="0"/>
        <line num="153" count="13" type="stmt"/>
        <line num="154" count="13" type="stmt"/>
        <line num="156" count="13" type="stmt"/>
        <line num="158" count="0" type="stmt"/>
        <line num="159" count="0" type="stmt"/>
        <line num="186" count="5" type="stmt"/>
        <line num="187" count="12" type="stmt"/>
        <line num="188" count="12" type="stmt"/>
        <line num="191" count="12" type="stmt"/>
        <line num="197" count="12" type="stmt"/>
        <line num="198" count="12" type="stmt"/>
        <line num="200" count="12" type="stmt"/>
        <line num="205" count="0" type="stmt"/>
        <line num="206" count="0" type="stmt"/>
        <line num="210" count="5" type="stmt"/>
      </file>
      <file name="navigation.js" path="C:\Users\swaya\OneDrive\Desktop\promptWars\smartvenue-ai\backend\src\routes\navigation.js">
        <metrics statements="98" coveredstatements="85" conditionals="39" coveredconditionals="29" methods="17" coveredmethods="15"/>
        <line num="14" count="5" type="stmt"/>
        <line num="15" count="5" type="stmt"/>
        <line num="16" count="5" type="stmt"/>
        <line num="17" count="5" type="stmt"/>
        <line num="18" count="5" type="stmt"/>
        <line num="20" count="5" type="stmt"/>
        <line num="37" count="4" type="stmt"/>
        <line num="38" count="4" type="stmt"/>
        <line num="41" count="4" type="stmt"/>
        <line num="42" count="80" type="stmt"/>
        <line num="46" count="4" type="stmt"/>
        <line num="47" count="80" type="stmt"/>
        <line num="48" count="760" type="stmt"/>
        <line num="49" count="760" type="stmt"/>
        <line num="52" count="760" type="stmt"/>
        <line num="55" count="760" type="cond" truecount="2" falsecount="0"/>
        <line num="56" count="252" type="cond" truecount="1" falsecount="1"/>
        <line num="57" count="252" type="cond" truecount="1" falsecount="1"/>
        <line num="61" count="252" type="stmt"/>
        <line num="63" count="252" type="stmt"/>
        <line num="68" count="252" type="stmt"/>
        <line num="77" count="4" type="stmt"/>
        <line num="97" count="4" type="stmt"/>
        <line num="98" count="4" type="stmt"/>
        <line num="99" count="4" type="stmt"/>
        <line num="100" count="4" type="stmt"/>
        <line num="103" count="4" type="stmt"/>
        <line num="104" count="80" type="stmt"/>
        <line num="105" count="80" type="stmt"/>
        <line num="107" count="4" type="stmt"/>
        <line num="110" count="4" type="stmt"/>
        <line num="112" count="33" type="stmt"/>
        <line num="113" count="33" type="stmt"/>
        <line num="115" count="33" type="stmt"/>
        <line num="116" count="660" type="cond" truecount="4" falsecount="0"/>
        <line num="117" count="55" type="stmt"/>
        <line num="118" count="55" type="stmt"/>
        <line num="123" count="33" type="cond" truecount="4" falsecount="0"/>
        <line num="125" count="29" type="stmt"/>
        <line num="128" count="29" type="cond" truecount="1" falsecount="1"/>
        <line num="129" count="29" type="stmt"/>
        <line num="130" count="185" type="cond" truecount="2" falsecount="0"/>
        <line num="131" count="116" type="stmt"/>
        <line num="132" count="116" type="cond" truecount="2" falsecount="0"/>
        <line num="133" count="51" type="stmt"/>
        <line num="134" count="51" type="stmt"/>
        <line num="141" count="4" type="stmt"/>
        <line num="142" count="4" type="stmt"/>
        <line num="143" count="4" type="stmt"/>
        <line num="144" count="14" type="stmt"/>
        <line num="145" count="14" type="stmt"/>
        <line num="148" count="4" type="stmt"/>
        <line num="168" count="14" type="stmt"/>
        <line num="169" count="14" type="stmt"/>
        <line num="170" count="4" type="stmt"/>
        <line num="186" count="5" type="stmt"/>
        <line num="191" count="20" type="stmt"/>
        <line num="192" count="20" type="cond" truecount="2" falsecount="0"/>
        <line num="193" count="15" type="stmt"/>
        <line num="194" count="15" type="stmt"/>
        <line num="197" count="5" type="cond" truecount="1" falsecount="0"/>
        <line num="198" count="5" type="stmt"/>
        <line num="199" count="5" type="stmt"/>
        <line num="202" count="100" type="stmt"/>
        <line num="203" count="5" type="cond" truecount="2" falsecount="0"/>
        <line num="204" count="1" type="stmt"/>
        <line num="205" count="1" type="stmt"/>
        <line num="207" count="4" type="cond" truecount="1" falsecount="1"/>
        <line num="208" count="0" type="stmt"/>
        <line num="209" count="0" type="stmt"/>
        <line num="212" count="4" type="stmt"/>
        <line num="214" count="4" type="stmt"/>
        <line num="215" count="4" type="stmt"/>
        <line num="217" count="4" type="cond" truecount="1" falsecount="1"/>
        <line num="218" count="0" type="stmt"/>
        <line num="219" count="0" type="stmt"/>
        <line num="223" count="4" type="stmt"/>
        <line num="224" count="117" type="stmt"/>
        <line num="225" count="14" type="stmt"/>
        <line num="226" count="14" type="stmt"/>
        <line num="237" count="14" type="stmt"/>
        <line num="238" count="14" type="stmt"/>
        <line num="239" count="4" type="stmt"/>
        <line num="241" count="4" type="stmt"/>
        <line num="253" count="4" type="stmt"/>
        <line num="261" count="4" type="stmt"/>
        <line num="268" count="4" type="stmt"/>
        <line num="270" count="0" type="stmt"/>
        <line num="271" count="0" type="stmt"/>
        <line num="284" count="5" type="stmt"/>
        <line num="285" count="0" type="stmt"/>
        <line num="286" count="0" type="stmt"/>
        <line num="287" count="0" type="stmt"/>
        <line num="294" count="0" type="stmt"/>
        <line num="295" count="0" type="stmt"/>
        <line num="301" count="0" type="stmt"/>
        <line num="302" count="0" type="stmt"/>
        <line num="306" count="5" type="stmt"/>
      </file>
      <file name="queue.js" path="C:\Users\swaya\OneDrive\Desktop\promptWars\smartvenue-ai\backend\src\routes\queue.js">
        <metrics statements="46" coveredstatements="42" conditionals="18" coveredconditionals="13" methods="8" coveredmethods="8"/>
        <line num="10" count="5" type="stmt"/>
        <line num="11" count="5" type="stmt"/>
        <line num="12" count="5" type="stmt"/>
        <line num="13" count="5" type="stmt"/>
        <line num="15" count="5" type="stmt"/>
        <line num="21" count="5" type="stmt"/>
        <line num="48" count="40" type="stmt"/>
        <line num="49" count="40" type="cond" truecount="1" falsecount="1"/>
        <line num="51" count="40" type="stmt"/>
        <line num="52" count="40" type="stmt"/>
        <line num="55" count="40" type="cond" truecount="2" falsecount="0"/>
        <line num="56" count="40" type="cond" truecount="1" falsecount="1"/>
        <line num="58" count="40" type="stmt"/>
        <line num="59" count="40" type="cond" truecount="1" falsecount="1"/>
        <line num="63" count="40" type="stmt"/>
        <line num="97" count="5" type="stmt"/>
        <line num="98" count="2" type="stmt"/>
        <line num="99" count="2" type="stmt"/>
        <line num="100" count="2" type="stmt"/>
        <line num="101" count="2" type="stmt"/>
        <line num="103" count="2" type="stmt"/>
        <line num="104" count="24" type="stmt"/>
        <line num="105" count="6" type="stmt"/>
        <line num="109" count="2" type="stmt"/>
        <line num="114" count="2" type="stmt"/>
        <line num="116" count="2" type="stmt"/>
        <line num="118" count="0" type="stmt"/>
        <line num="119" count="0" type="stmt"/>
        <line num="146" count="5" type="stmt"/>
        <line num="147" count="16" type="stmt"/>
        <line num="148" count="16" type="stmt"/>
        <line num="150" count="16" type="cond" truecount="2" falsecount="0"/>
        <line num="151" count="12" type="stmt"/>
        <line num="152" count="12" type="stmt"/>
        <line num="157" count="4" type="stmt"/>
        <line num="158" count="4" type="stmt"/>
        <line num="159" count="16" type="stmt"/>
        <line num="163" count="4" type="stmt"/>
        <line num="164" count="16" type="cond" truecount="2" falsecount="0"/>
        <line num="169" count="4" type="stmt"/>
        <line num="173" count="16" type="stmt"/>
        <line num="176" count="4" type="stmt"/>
        <line num="183" count="4" type="stmt"/>
        <line num="189" count="0" type="stmt"/>
        <line num="193" count="0" type="stmt"/>
        <line num="197" count="5" type="stmt"/>
      </file>
    </package>
    <package name="src.services">
      <metrics statements="108" coveredstatements="43" conditionals="40" coveredconditionals="15" methods="26" coveredmethods="21"/>
      <file name="crowdService.js" path="C:\Users\swaya\OneDrive\Desktop\promptWars\smartvenue-ai\backend\src\services\crowdService.js">
        <metrics statements="21" coveredstatements="21" conditionals="8" coveredconditionals="7" methods="15" coveredmethods="15"/>
        <line num="8" count="7" type="stmt"/>
        <line num="37" count="586" type="stmt"/>
        <line num="38" count="586" type="stmt"/>
        <line num="60" count="5" type="stmt"/>
        <line num="61" count="5" type="cond" truecount="2" falsecount="0"/>
        <line num="85" count="14" type="stmt"/>
        <line num="86" count="280" type="stmt"/>
        <line num="117" count="113" type="stmt"/>
        <line num="118" count="2260" type="cond" truecount="2" falsecount="0"/>
        <line num="119" count="2260" type="stmt"/>
        <line num="120" count="2260" type="stmt"/>
        <line num="122" count="113" type="stmt"/>
        <line num="127" count="2260" type="stmt"/>
        <line num="128" count="2260" type="stmt"/>
        <line num="129" count="2260" type="stmt"/>
        <line num="130" count="2260" type="cond" truecount="1" falsecount="1"/>
        <line num="151" count="2" type="stmt"/>
        <line num="152" count="2" type="cond" truecount="2" falsecount="0"/>
        <line num="153" count="40" type="stmt"/>
        <line num="154" count="5" type="stmt"/>
        <line num="158" count="7" type="stmt"/>
      </file>
      <file name="firebaseService.js" path="C:\Users\swaya\OneDrive\Desktop\promptWars\smartvenue-ai\backend\src\services\firebaseService.js">
        <metrics statements="87" coveredstatements="22" conditionals="32" coveredconditionals="8" methods="11" coveredmethods="6"/>
        <line num="14" count="19" type="stmt"/>
        <line num="15" count="19" type="stmt"/>
        <line num="17" count="19" type="stmt"/>
        <line num="18" count="19" type="stmt"/>
        <line num="19" count="19" type="stmt"/>
        <line num="28" count="19" type="cond" truecount="1" falsecount="1"/>
        <line num="29" count="0" type="stmt"/>
        <line num="32" count="19" type="stmt"/>
        <line num="34" count="19" type="stmt"/>
        <line num="35" count="19" type="stmt"/>
        <line num="37" count="19" type="cond" truecount="1" falsecount="1"/>
        <line num="38" count="19" type="stmt"/>
        <line num="39" count="19" type="stmt"/>
        <line num="43" count="0" type="cond" truecount="0" falsecount="2"/>
        <line num="44" count="0" type="stmt"/>
        <line num="45" count="0" type="stmt"/>
        <line num="52" count="0" type="stmt"/>
        <line num="58" count="0" type="stmt"/>
        <line num="59" count="0" type="stmt"/>
        <line num="60" count="0" type="stmt"/>
        <line num="62" count="0" type="stmt"/>
        <line num="63" count="0" type="stmt"/>
        <line num="65" count="0" type="stmt"/>
        <line num="66" count="0" type="stmt"/>
        <line num="78" count="0" type="cond" truecount="0" falsecount="2"/>
        <line num="79" count="0" type="stmt"/>
        <line num="82" count="0" type="stmt"/>
        <line num="83" count="0" type="stmt"/>
        <line num="84" count="0" type="stmt"/>
        <line num="85" count="0" type="stmt"/>
        <line num="87" count="0" type="stmt"/>
        <line num="88" count="0" type="stmt"/>
        <line num="100" count="1" type="cond" truecount="2" falsecount="2"/>
        <line num="101" count="1" type="stmt"/>
        <line num="104" count="0" type="stmt"/>
        <line num="105" count="0" type="stmt"/>
        <line num="106" count="0" type="stmt"/>
        <line num="110" count="0" type="stmt"/>
        <line num="112" count="0" type="stmt"/>
        <line num="124" count="508" type="cond" truecount="1" falsecount="1"/>
        <line num="125" count="508" type="stmt"/>
        <line num="128" count="0" type="stmt"/>
        <line num="130" count="0" type="stmt"/>
        <line num="131" count="0" type="stmt"/>
        <line num="136" count="0" type="stmt"/>
        <line num="138" count="0" type="stmt"/>
        <line num="152" count="0" type="cond" truecount="0" falsecount="4"/>
        <line num="153" count="0" type="stmt"/>
        <line num="154" count="0" type="stmt"/>
        <line num="157" count="0" type="stmt"/>
        <line num="158" count="0" type="stmt"/>
        <line num="167" count="0" type="stmt"/>
        <line num="168" count="0" type="stmt"/>
        <line num="173" count="0" type="stmt"/>
        <line num="179" count="0" type="stmt"/>
        <line num="180" count="0" type="stmt"/>
        <line num="191" count="0" type="cond" truecount="0" falsecount="2"/>
        <line num="192" count="0" type="stmt"/>
        <line num="195" count="0" type="stmt"/>
        <line num="196" count="0" type="stmt"/>
        <line num="197" count="0" type="stmt"/>
        <line num="206" count="0" type="stmt"/>
        <line num="207" count="0" type="stmt"/>
        <line num="218" count="5" type="cond" truecount="2" falsecount="2"/>
        <line num="219" count="5" type="stmt"/>
        <line num="222" count="0" type="stmt"/>
        <line num="223" count="0" type="stmt"/>
        <line num="224" count="0" type="stmt"/>
        <line num="228" count="0" type="stmt"/>
        <line num="229" count="0" type="stmt"/>
        <line num="231" count="0" type="stmt"/>
        <line num="232" count="0" type="stmt"/>
        <line num="243" count="0" type="cond" truecount="0" falsecount="4"/>
        <line num="244" count="0" type="stmt"/>
        <line num="247" count="0" type="stmt"/>
        <line num="248" count="0" type="stmt"/>
        <line num="249" count="0" type="stmt"/>
        <line num="250" count="0" type="stmt"/>
        <line num="252" count="0" type="stmt"/>
        <line num="253" count="0" type="stmt"/>
        <line num="259" count="0" type="stmt"/>
        <line num="261" count="0" type="stmt"/>
        <line num="262" count="0" type="stmt"/>
        <line num="272" count="1" type="stmt"/>
        <line num="284" count="496" type="stmt"/>
        <line num="288" count="19" type="stmt"/>
        <line num="290" count="19" type="stmt"/>
      </file>
    </package>
    <package name="src.simulation">
      <metrics statements="56" coveredstatements="49" conditionals="26" coveredconditionals="17" methods="12" coveredmethods="10"/>
      <file name="crowdSimulator.js" path="C:\Users\swaya\OneDrive\Desktop\promptWars\smartvenue-ai\backend\src\simulation\crowdSimulator.js">
        <metrics statements="56" coveredstatements="49" conditionals="26" coveredconditionals="17" methods="12" coveredmethods="10"/>
        <line num="10" count="7" type="stmt"/>
        <line num="11" count="7" type="stmt"/>
        <line num="17" count="7" type="stmt"/>
        <line num="44" count="7" type="stmt"/>
        <line num="50" count="7" type="stmt"/>
        <line num="56" count="7" type="stmt"/>
        <line num="59" count="7" type="stmt"/>
        <line num="60" count="140" type="stmt"/>
        <line num="67" count="140" type="stmt"/>
        <line num="83" count="102" type="stmt"/>
        <line num="84" count="102" type="stmt"/>
        <line num="86" count="102" type="stmt"/>
        <line num="87" count="102" type="cond" truecount="1" falsecount="1"/>
        <line num="88" count="102" type="cond" truecount="1" falsecount="1"/>
        <line num="89" count="102" type="cond" truecount="1" falsecount="1"/>
        <line num="90" count="102" type="stmt"/>
        <line num="105" count="2040" type="cond" truecount="1" falsecount="1"/>
        <line num="106" count="2040" type="cond" truecount="1" falsecount="1"/>
        <line num="107" count="2040" type="cond" truecount="2" falsecount="0"/>
        <line num="108" count="2012" type="stmt"/>
        <line num="124" count="2040" type="stmt"/>
        <line num="125" count="2040" type="cond" truecount="2" falsecount="0"/>
        <line num="127" count="19240" type="stmt"/>
        <line num="128" count="1980" type="stmt"/>
        <line num="130" count="1980" type="stmt"/>
        <line num="131" count="9900" type="stmt"/>
        <line num="132" count="9900" type="stmt"/>
        <line num="160" count="102" type="stmt"/>
        <line num="161" count="102" type="stmt"/>
        <line num="163" count="102" type="stmt"/>
        <line num="164" count="2040" type="stmt"/>
        <line num="167" count="2040" type="stmt"/>
        <line num="168" count="2040" type="stmt"/>
        <line num="169" count="2040" type="stmt"/>
        <line num="170" count="2040" type="stmt"/>
        <line num="173" count="2040" type="stmt"/>
        <line num="176" count="2040" type="cond" truecount="6" falsecount="0"/>
        <line num="177" count="2040" type="stmt"/>
        <line num="180" count="2040" type="stmt"/>
        <line num="181" count="2040" type="cond" truecount="2" falsecount="0"/>
        <line num="183" count="2040" type="stmt"/>
        <line num="185" count="2040" type="stmt"/>
        <line num="196" count="2040" type="stmt"/>
        <line num="200" count="102" type="stmt"/>
        <line num="203" count="102" type="stmt"/>
        <line num="205" count="102" type="stmt"/>
        <line num="215" count="0" type="cond" truecount="0" falsecount="2"/>
        <line num="216" count="0" type="stmt"/>
        <line num="217" count="0" type="stmt"/>
        <line num="227" count="0" type="cond" truecount="0" falsecount="2"/>
        <line num="228" count="0" type="stmt"/>
        <line num="229" count="0" type="stmt"/>
        <line num="230" count="0" type="stmt"/>
        <line num="240" count="656" type="stmt"/>
        <line num="249" count="16" type="stmt"/>
        <line num="252" count="7" type="stmt"/>
      </file>
    </package>
    <package name="src.utils">
      <metrics statements="35" coveredstatements="29" conditionals="39" coveredconditionals="23" methods="12" coveredmethods="8"/>
      <file name="apiResponse.js" path="C:\Users\swaya\OneDrive\Desktop\promptWars\smartvenue-ai\backend\src\utils\apiResponse.js">
        <metrics statements="9" coveredstatements="4" conditionals="5" coveredconditionals="0" methods="3" coveredmethods="0"/>
        <line num="6" count="1" type="cond" truecount="0" falsecount="1"/>
        <line num="7" count="0" type="stmt"/>
        <line num="14" count="1" type="cond" truecount="0" falsecount="2"/>
        <line num="15" count="0" type="stmt"/>
        <line num="16" count="0" type="cond" truecount="0" falsecount="2"/>
        <line num="17" count="0" type="stmt"/>
        <line num="20" count="1" type="stmt"/>
        <line num="21" count="0" type="stmt"/>
        <line num="29" count="1" type="stmt"/>
      </file>
      <file name="logger.js" path="C:\Users\swaya\OneDrive\Desktop\promptWars\smartvenue-ai\backend\src\utils\logger.js">
        <metrics statements="13" coveredstatements="12" conditionals="19" coveredconditionals="11" methods="6" coveredmethods="5"/>
        <line num="5" count="20" type="cond" truecount="2" falsecount="0"/>
        <line num="6" count="20" type="stmt"/>
        <line num="8" count="20" type="stmt"/>
        <line num="9" count="20" type="cond" truecount="1" falsecount="1"/>
        <line num="12" count="705" type="stmt"/>
        <line num="19" count="705" type="cond" truecount="3" falsecount="1"/>
        <line num="22" count="20" type="stmt"/>
        <line num="23" count="2" type="cond" truecount="1" falsecount="1"/>
        <line num="24" count="216" type="cond" truecount="1" falsecount="1"/>
        <line num="25" count="487" type="cond" truecount="1" falsecount="1"/>
        <line num="26" count="23" type="cond" truecount="1" falsecount="1"/>
        <line num="27" count="0" type="cond" truecount="0" falsecount="2"/>
        <line num="30" count="20" type="stmt"/>
      </file>
      <file name="sanitize.js" path="C:\Users\swaya\OneDrive\Desktop\promptWars\smartvenue-ai\backend\src\utils\sanitize.js">
        <metrics statements="13" coveredstatements="13" conditionals="15" coveredconditionals="12" methods="3" coveredmethods="3"/>
        <line num="8" count="190" type="cond" truecount="1" falsecount="1"/>
        <line num="9" count="190" type="stmt"/>
        <line num="20" count="771" type="cond" truecount="1" falsecount="1"/>
        <line num="21" count="771" type="cond" truecount="2" falsecount="0"/>
        <line num="22" count="581" type="cond" truecount="4" falsecount="0"/>
        <line num="23" count="580" type="stmt"/>
        <line num="24" count="580" type="stmt"/>
        <line num="25" count="191" type="stmt"/>
        <line num="27" count="580" type="stmt"/>
        <line num="32" count="580" type="cond" truecount="3" falsecount="1"/>
        <line num="33" count="580" type="stmt"/>
        <line num="35" count="580" type="stmt"/>
        <line num="38" count="6" type="stmt"/>
      </file>
    </package>
    <package name="src.websocket">
      <metrics statements="101" coveredstatements="18" conditionals="29" coveredconditionals="1" methods="17" coveredmethods="2"/>
      <file name="wsServer.js" path="C:\Users\swaya\OneDrive\Desktop\promptWars\smartvenue-ai\backend\src\websocket\wsServer.js">
        <metrics statements="101" coveredstatements="18" conditionals="29" coveredconditionals="1" methods="17" coveredmethods="2"/>
        <line num="15" count="17" type="stmt"/>
        <line num="16" count="17" type="stmt"/>
        <line num="17" count="17" type="stmt"/>
        <line num="19" count="17" type="stmt"/>
        <line num="20" count="17" type="stmt"/>
        <line num="21" count="17" type="stmt"/>
        <line num="35" count="0" type="stmt"/>
        <line num="38" count="0" type="stmt"/>
        <line num="39" count="0" type="stmt"/>
        <line num="40" count="0" type="cond" truecount="0" falsecount="2"/>
        <line num="41" count="0" type="stmt"/>
        <line num="42" count="0" type="cond" truecount="0" falsecount="2"/>
        <line num="43" count="0" type="stmt"/>
        <line num="48" count="0" type="stmt"/>
        <line num="49" count="0" type="stmt"/>
        <line num="50" count="0" type="stmt"/>
        <line num="53" count="0" type="stmt"/>
        <line num="54" count="0" type="stmt"/>
        <line num="57" count="0" type="stmt"/>
        <line num="74" count="0" type="cond" truecount="0" falsecount="2"/>
        <line num="76" count="0" type="stmt"/>
        <line num="77" count="0" type="stmt"/>
        <line num="78" count="0" type="stmt"/>
        <line num="80" count="0" type="stmt"/>
        <line num="87" count="0" type="stmt"/>
        <line num="88" count="0" type="stmt"/>
        <line num="90" count="0" type="stmt"/>
        <line num="98" count="0" type="stmt"/>
        <line num="104" count="0" type="stmt"/>
        <line num="105" count="0" type="stmt"/>
        <line num="109" count="0" type="stmt"/>
        <line num="110" count="0" type="stmt"/>
        <line num="111" count="0" type="stmt"/>
        <line num="112" count="0" type="stmt"/>
        <line num="114" count="0" type="stmt"/>
        <line num="118" count="0" type="stmt"/>
        <line num="126" count="0" type="stmt"/>
        <line num="127" count="0" type="stmt"/>
        <line num="128" count="0" type="stmt"/>
        <line num="130" count="0" type="stmt"/>
        <line num="135" count="0" type="stmt"/>
        <line num="142" count="0" type="stmt"/>
        <line num="143" count="0" type="stmt"/>
        <line num="147" count="0" type="stmt"/>
        <line num="148" count="0" type="stmt"/>
        <line num="167" count="0" type="stmt"/>
        <line num="172" count="0" type="cond" truecount="0" falsecount="5"/>
        <line num="174" count="0" type="stmt"/>
        <line num="178" count="0" type="stmt"/>
        <line num="181" count="0" type="cond" truecount="0" falsecount="2"/>
        <line num="182" count="0" type="cond" truecount="0" falsecount="2"/>
        <line num="183" count="0" type="stmt"/>
        <line num="185" count="0" type="stmt"/>
        <line num="187" count="0" type="stmt"/>
        <line num="192" count="0" type="stmt"/>
        <line num="197" count="0" type="stmt"/>
        <line num="200" count="0" type="cond" truecount="0" falsecount="4"/>
        <line num="201" count="0" type="stmt"/>
        <line num="203" count="0" type="stmt"/>
        <line num="208" count="0" type="stmt"/>
        <line num="211" count="0" type="stmt"/>
        <line num="212" count="0" type="stmt"/>
        <line num="217" count="0" type="stmt"/>
        <line num="220" count="0" type="stmt"/>
        <line num="224" count="0" type="stmt"/>
        <line num="236" count="0" type="cond" truecount="0" falsecount="2"/>
        <line num="237" count="0" type="stmt"/>
        <line num="238" count="0" type="stmt"/>
        <line num="239" count="0" type="stmt"/>
        <line num="241" count="0" type="stmt"/>
        <line num="242" count="0" type="stmt"/>
        <line num="245" count="0" type="stmt"/>
        <line num="259" count="118" type="cond" truecount="1" falsecount="1"/>
        <line num="260" count="118" type="stmt"/>
        <line num="261" count="118" type="stmt"/>
        <line num="264" count="0" type="stmt"/>
        <line num="265" count="0" type="stmt"/>
        <line num="267" count="0" type="stmt"/>
        <line num="268" count="0" type="cond" truecount="0" falsecount="2"/>
        <line num="269" count="0" type="stmt"/>
        <line num="270" count="0" type="stmt"/>
        <line num="271" count="0" type="stmt"/>
        <line num="273" count="0" type="stmt"/>
        <line num="282" count="0" type="cond" truecount="0" falsecount="4"/>
        <line num="283" count="0" type="stmt"/>
        <line num="284" count="0" type="stmt"/>
        <line num="286" count="0" type="stmt"/>
        <line num="292" count="0" type="stmt"/>
        <line num="297" count="0" type="stmt"/>
        <line num="312" count="5" type="stmt"/>
        <line num="319" count="5" type="stmt"/>
        <line num="320" count="5" type="stmt"/>
        <line num="321" count="5" type="stmt"/>
        <line num="323" count="5" type="stmt"/>
        <line num="328" count="0" type="stmt"/>
        <line num="334" count="5" type="stmt"/>
        <line num="337" count="5" type="stmt"/>
        <line num="343" count="5" type="stmt"/>
        <line num="352" count="0" type="stmt"/>
        <line num="361" count="0" type="stmt"/>
        <line num="368" count="17" type="stmt"/>
      </file>
    </package>
  </project>
</coverage>
