{"total": {"lines":{"total":1086,"covered":179,"skipped":0,"pct":16.48},"statements":{"total":1150,"covered":193,"skipped":0,"pct":16.78},"functions":{"total":200,"covered":45,"skipped":0,"pct":22.5},"branches":{"total":477,"covered":76,"skipped":0,"pct":15.93},"branchesTrue":{"total":0,"covered":0,"skipped":0,"pct":100}}
,"C:\\Users\\swaya\\OneDrive\\Desktop\\promptWars\\smartvenue-ai\\backend\\src\\app.js": {"lines":{"total":63,"covered":0,"skipped":0,"pct":0},"functions":{"total":5,"covered":0,"skipped":0,"pct":0},"statements":{"total":65,"covered":0,"skipped":0,"pct":0},"branches":{"total":22,"covered":0,"skipped":0,"pct":0}}
,"C:\\Users\\swaya\\OneDrive\\Desktop\\promptWars\\smartvenue-ai\\backend\\src\\config\\firebaseAdmin.js": {"lines":{"total":38,"covered":13,"skipped":0,"pct":34.21},"functions":{"total":8,"covered":3,"skipped":0,"pct":37.5},"statements":{"total":42,"covered":15,"skipped":0,"pct":35.71},"branches":{"total":22,"covered":5,"skipped":0,"pct":22.72}}
,"C:\\Users\\swaya\\OneDrive\\Desktop\\promptWars\\smartvenue-ai\\backend\\src\\middleware\\auth.js": {"lines":{"total":41,"covered":33,"skipped":0,"pct":80.48},"functions":{"total":3,"covered":3,"skipped":0,"pct":100},"statements":{"total":41,"covered":33,"skipped":0,"pct":80.48},"branches":{"total":22,"covered":17,"skipped":0,"pct":77.27}}
,"C:\\Users\\swaya\\OneDrive\\Desktop\\promptWars\\smartvenue-ai\\backend\\src\\middleware\\csrfProtection.js": {"lines":{"total":17,"covered":0,"skipped":0,"pct":0},"functions":{"total":2,"covered":0,"skipped":0,"pct":0},"statements":{"total":17,"covered":0,"skipped":0,"pct":0},"branches":{"total":11,"covered":0,"skipped":0,"pct":0}}
,"C:\\Users\\swaya\\OneDrive\\Desktop\\promptWars\\smartvenue-ai\\backend\\src\\middleware\\rateLimiter.js": {"lines":{"total":27,"covered":0,"skipped":0,"pct":0},"functions":{"total":4,"covered":0,"skipped":0,"pct":0},"statements":{"total":27,"covered":0,"skipped":0,"pct":0},"branches":{"total":13,"covered":0,"skipped":0,"pct":0}}
,"C:\\Users\\swaya\\OneDrive\\Desktop\\promptWars\\smartvenue-ai\\backend\\src\\middleware\\requestId.js": {"lines":{"total":4,"covered":0,"skipped":0,"pct":0},"functions":{"total":1,"covered":0,"skipped":0,"pct":0},"statements":{"total":4,"covered":0,"skipped":0,"pct":0},"branches":{"total":2,"covered":0,"skipped":0,"pct":0}}
,"C:\\Users\\swaya\\OneDrive\\Desktop\\promptWars\\smartvenue-ai\\backend\\src\\routes\\alerts.js": {"lines":{"total":71,"covered":0,"skipped":0,"pct":0},"functions":{"total":9,"covered":0,"skipped":0,"pct":0},"statements":{"total":73,"covered":0,"skipped":0,"pct":0},"branches":{"total":10,"covered":0,"skipped":0,"pct":0}}
,"C:\\Users\\swaya\\OneDrive\\Desktop\\promptWars\\smartvenue-ai\\backend\\src\\routes\\analytics.js": {"lines":{"total":43,"covered":0,"skipped":0,"pct":0},"functions":{"total":10,"covered":0,"skipped":0,"pct":0},"statements":{"total":45,"covered":0,"skipped":0,"pct":0},"branches":{"total":23,"covered":0,"skipped":0,"pct":0}}
,"C:\\Users\\swaya\\OneDrive\\Desktop\\promptWars\\smartvenue-ai\\backend\\src\\routes\\auth.js": {"lines":{"total":57,"covered":0,"skipped":0,"pct":0},"functions":{"total":4,"covered":0,"skipped":0,"pct":0},"statements":{"total":58,"covered":0,"skipped":0,"pct":0},"branches":{"total":12,"covered":0,"skipped":0,"pct":0}}
,"C:\\Users\\swaya\\OneDrive\\Desktop\\promptWars\\smartvenue-ai\\backend\\src\\routes\\chat.js": {"lines":{"total":86,"covered":0,"skipped":0,"pct":0},"functions":{"total":23,"covered":0,"skipped":0,"pct":0},"statements":{"total":98,"covered":0,"skipped":0,"pct":0},"branches":{"total":71,"covered":0,"skipped":0,"pct":0}}
,"C:\\Users\\swaya\\OneDrive\\Desktop\\promptWars\\smartvenue-ai\\backend\\src\\routes\\crowd.js": {"lines":{"total":46,"covered":0,"skipped":0,"pct":0},"functions":{"total":5,"covered":0,"skipped":0,"pct":0},"statements":{"total":46,"covered":0,"skipped":0,"pct":0},"branches":{"total":4,"covered":0,"skipped":0,"pct":0}}
,"C:\\Users\\swaya\\OneDrive\\Desktop\\promptWars\\smartvenue-ai\\backend\\src\\routes\\monitoring.js": {"lines":{"total":36,"covered":0,"skipped":0,"pct":0},"functions":{"total":4,"covered":0,"skipped":0,"pct":0},"statements":{"total":36,"covered":0,"skipped":0,"pct":0},"branches":{"total":4,"covered":0,"skipped":0,"pct":0}}
,"C:\\Users\\swaya\\OneDrive\\Desktop\\promptWars\\smartvenue-ai\\backend\\src\\routes\\navigation.js": {"lines":{"total":98,"covered":0,"skipped":0,"pct":0},"functions":{"total":17,"covered":0,"skipped":0,"pct":0},"statements":{"total":108,"covered":0,"skipped":0,"pct":0},"branches":{"total":39,"covered":0,"skipped":0,"pct":0}}
,"C:\\Users\\swaya\\OneDrive\\Desktop\\promptWars\\smartvenue-ai\\backend\\src\\routes\\queue.js": {"lines":{"total":46,"covered":0,"skipped":0,"pct":0},"functions":{"total":8,"covered":0,"skipped":0,"pct":0},"statements":{"total":48,"covered":0,"skipped":0,"pct":0},"branches":{"total":18,"covered":0,"skipped":0,"pct":0}}
,"C:\\Users\\swaya\\OneDrive\\Desktop\\promptWars\\smartvenue-ai\\backend\\src\\services\\crowdService.js": {"lines":{"total":21,"covered":21,"skipped":0,"pct":100},"functions":{"total":15,"covered":15,"skipped":0,"pct":100},"statements":{"total":25,"covered":25,"skipped":0,"pct":100},"branches":{"total":8,"covered":7,"skipped":0,"pct":87.5}}
,"C:\\Users\\swaya\\OneDrive\\Desktop\\promptWars\\smartvenue-ai\\backend\\src\\services\\firebaseService.js": {"lines":{"total":87,"covered":22,"skipped":0,"pct":25.28},"functions":{"total":11,"covered":6,"skipped":0,"pct":54.54},"statements":{"total":87,"covered":22,"skipped":0,"pct":25.28},"branches":{"total":32,"covered":8,"skipped":0,"pct":25}}
,"C:\\Users\\swaya\\OneDrive\\Desktop\\promptWars\\smartvenue-ai\\backend\\src\\simulation\\crowdSimulator.js": {"lines":{"total":56,"covered":43,"skipped":0,"pct":76.78},"functions":{"total":12,"covered":8,"skipped":0,"pct":66.66},"statements":{"total":66,"covered":46,"skipped":0,"pct":69.69},"branches":{"total":26,"covered":15,"skipped":0,"pct":57.69}}
,"C:\\Users\\swaya\\OneDrive\\Desktop\\promptWars\\smartvenue-ai\\backend\\src\\utils\\apiResponse.js": {"lines":{"total":9,"covered":4,"skipped":0,"pct":44.44},"functions":{"total":3,"covered":0,"skipped":0,"pct":0},"statements":{"total":10,"covered":4,"skipped":0,"pct":40},"branches":{"total":5,"covered":0,"skipped":0,"pct":0}}
,"C:\\Users\\swaya\\OneDrive\\Desktop\\promptWars\\smartvenue-ai\\backend\\src\\utils\\cache.js": {"lines":{"total":41,"covered":0,"skipped":0,"pct":0},"functions":{"total":11,"covered":0,"skipped":0,"pct":0},"statements":{"total":42,"covered":0,"skipped":0,"pct":0},"branches":{"total":14,"covered":0,"skipped":0,"pct":0}}
,"C:\\Users\\swaya\\OneDrive\\Desktop\\promptWars\\smartvenue-ai\\backend\\src\\utils\\logger.js": {"lines":{"total":13,"covered":12,"skipped":0,"pct":92.3},"functions":{"total":6,"covered":5,"skipped":0,"pct":83.33},"statements":{"total":18,"covered":15,"skipped":0,"pct":83.33},"branches":{"total":19,"covered":11,"skipped":0,"pct":57.89}}
,"C:\\Users\\swaya\\OneDrive\\Desktop\\promptWars\\smartvenue-ai\\backend\\src\\utils\\performance.js": {"lines":{"total":41,"covered":0,"skipped":0,"pct":0},"functions":{"total":12,"covered":0,"skipped":0,"pct":0},"statements":{"total":43,"covered":0,"skipped":0,"pct":0},"branches":{"total":12,"covered":0,"skipped":0,"pct":0}}
,"C:\\Users\\swaya\\OneDrive\\Desktop\\promptWars\\smartvenue-ai\\backend\\src\\utils\\sanitize.js": {"lines":{"total":13,"covered":13,"skipped":0,"pct":100},"functions":{"total":3,"covered":3,"skipped":0,"pct":100},"statements":{"total":17,"covered":15,"skipped":0,"pct":88.23},"branches":{"total":15,"covered":12,"skipped":0,"pct":80}}
,"C:\\Users\\swaya\\OneDrive\\Desktop\\promptWars\\smartvenue-ai\\backend\\src\\utils\\validation.js": {"lines":{"total":31,"covered":0,"skipped":0,"pct":0},"functions":{"total":7,"covered":0,"skipped":0,"pct":0},"statements":{"total":33,"covered":0,"skipped":0,"pct":0},"branches":{"total":44,"covered":0,"skipped":0,"pct":0}}
,"C:\\Users\\swaya\\OneDrive\\Desktop\\promptWars\\smartvenue-ai\\backend\\src\\websocket\\wsServer.js": {"lines":{"total":101,"covered":18,"skipped":0,"pct":17.82},"functions":{"total":17,"covered":2,"skipped":0,"pct":11.76},"statements":{"total":101,"covered":18,"skipped":0,"pct":17.82},"branches":{"total":29,"covered":1,"skipped":0,"pct":3.44}}
}
