{"C:\\Users\\swaya\\OneDrive\\Desktop\\promptWars\\smartvenue-ai\\backend\\src\\app.js": {"path":"C:\\Users\\swaya\\OneDrive\\Desktop\\promptWars\\smartvenue-ai\\backend\\src\\app.js","statementMap":{"0":{"start":{"line":1,"column":16},"end":{"line":1,"column":34}},"1":{"start":{"line":2,"column":13},"end":{"line":2,"column":28}},"2":{"start":{"line":3,"column":15},"end":{"line":3,"column":32}},"3":{"start":{"line":4,"column":15},"end":{"line":4,"column":32}},"4":{"start":{"line":5,"column":18},"end":{"line":5,"column":47}},"5":{"start":{"line":6,"column":20},"end":{"line":6,"column":42}},"6":{"start":{"line":7,"column":25},"end":{"line":7,"column":52}},"7":{"start":{"line":8,"column":15},"end":{"line":8,"column":40}},"8":{"start":{"line":10,"column":19},"end":{"line":10,"column":43}},"9":{"start":{"line":11,"column":20},"end":{"line":11,"column":45}},"10":{"start":{"line":12,"column":25},"end":{"line":12,"column":55}},"11":{"start":{"line":13,"column":20},"end":{"line":13,"column":45}},"12":{"start":{"line":14,"column":20},"end":{"line":14,"column":46}},"13":{"start":{"line":15,"column":19},"end":{"line":15,"column":43}},"14":{"start":{"line":16,"column":24},"end":{"line":16,"column":53}},"15":{"start":{"line":18,"column":12},"end":{"line":18,"column":21}},"16":{"start":{"line":21,"column":0},"end":{"line":21,"column":23}},"17":{"start":{"line":24,"column":0},"end":{"line":35,"column":4}},"18":{"start":{"line":38,"column":23},"end":{"line":42,"column":17}},"19":{"start":{"line":44,"column":0},"end":{"line":59,"column":4}},"20":{"start":{"line":46,"column":4},"end":{"line":46,"column":45}},"21":{"start":{"line":46,"column":17},"end":{"line":46,"column":45}},"22":{"start":{"line":47,"column":4},"end":{"line":47,"column":69}},"23":{"start":{"line":47,"column":41},"end":{"line":47,"column":69}},"24":{"start":{"line":49,"column":4},"end":{"line":51,"column":5}},"25":{"start":{"line":50,"column":6},"end":{"line":50,"column":34}},"26":{"start":{"line":53,"column":4},"end":{"line":55,"column":5}},"27":{"start":{"line":54,"column":6},"end":{"line":54,"column":34}},"28":{"start":{"line":56,"column":4},"end":{"line":56,"column":51}},"29":{"start":{"line":62,"column":16},"end":{"line":68,"column":2}},"30":{"start":{"line":70,"column":20},"end":{"line":74,"column":2}},"31":{"start":{"line":76,"column":0},"end":{"line":76,"column":26}},"32":{"start":{"line":77,"column":0},"end":{"line":77,"column":40}},"33":{"start":{"line":80,"column":0},"end":{"line":80,"column":41}},"34":{"start":{"line":81,"column":0},"end":{"line":81,"column":48}},"35":{"start":{"line":84,"column":0},"end":{"line":84,"column":22}},"36":{"start":{"line":87,"column":0},"end":{"line":92,"column":1}},"37":{"start":{"line":88,"column":2},"end":{"line":91,"column":5}},"38":{"start":{"line":89,"column":4},"end":{"line":89,"column":102}},"39":{"start":{"line":90,"column":4},"end":{"line":90,"column":11}},"40":{"start":{"line":95,"column":0},"end":{"line":98,"column":3}},"41":{"start":{"line":96,"column":2},"end":{"line":96,"column":39}},"42":{"start":{"line":97,"column":2},"end":{"line":97,"column":92}},"43":{"start":{"line":101,"column":0},"end":{"line":101,"column":33}},"44":{"start":{"line":102,"column":0},"end":{"line":102,"column":35}},"45":{"start":{"line":103,"column":0},"end":{"line":103,"column":45}},"46":{"start":{"line":104,"column":0},"end":{"line":104,"column":35}},"47":{"start":{"line":105,"column":0},"end":{"line":105,"column":36}},"48":{"start":{"line":106,"column":0},"end":{"line":106,"column":33}},"49":{"start":{"line":107,"column":0},"end":{"line":107,"column":43}},"50":{"start":{"line":110,"column":0},"end":{"line":112,"column":3}},"51":{"start":{"line":111,"column":2},"end":{"line":111,"column":53}},"52":{"start":{"line":115,"column":0},"end":{"line":120,"column":3}},"53":{"start":{"line":116,"column":2},"end":{"line":116,"column":27}},"54":{"start":{"line":117,"column":2},"end":{"line":119,"column":5}},"55":{"start":{"line":122,"column":0},"end":{"line":122,"column":21}}},"fnMap":{"0":{"name":"(anonymous_0)","decl":{"start":{"line":45,"column":10},"end":{"line":45,"column":11}},"loc":{"start":{"line":45,"column":32},"end":{"line":57,"column":3}},"line":45},"1":{"name":"(anonymous_1)","decl":{"start":{"line":88,"column":10},"end":{"line":88,"column":11}},"loc":{"start":{"line":88,"column":30},"end":{"line":91,"column":3}},"line":88},"2":{"name":"(anonymous_2)","decl":{"start":{"line":95,"column":19},"end":{"line":95,"column":20}},"loc":{"start":{"line":95,"column":33},"end":{"line":98,"column":1}},"line":95},"3":{"name":"(anonymous_3)","decl":{"start":{"line":110,"column":8},"end":{"line":110,"column":9}},"loc":{"start":{"line":110,"column":22},"end":{"line":112,"column":1}},"line":110},"4":{"name":"(anonymous_4)","decl":{"start":{"line":115,"column":8},"end":{"line":115,"column":9}},"loc":{"start":{"line":115,"column":33},"end":{"line":120,"column":1}},"line":115}},"branchMap":{"0":{"loc":{"start":{"line":46,"column":4},"end":{"line":46,"column":45}},"type":"if","locations":[{"start":{"line":46,"column":4},"end":{"line":46,"column":45}},{"start":{},"end":{}}],"line":46},"1":{"loc":{"start":{"line":47,"column":4},"end":{"line":47,"column":69}},"type":"if","locations":[{"start":{"line":47,"column":4},"end":{"line":47,"column":69}},{"start":{},"end":{}}],"line":47},"2":{"loc":{"start":{"line":49,"column":4},"end":{"line":51,"column":5}},"type":"if","locations":[{"start":{"line":49,"column":4},"end":{"line":51,"column":5}},{"start":{},"end":{}}],"line":49},"3":{"loc":{"start":{"line":49,"column":8},"end":{"line":49,"column":72}},"type":"binary-expr","locations":[{"start":{"line":49,"column":8},"end":{"line":49,"column":34}},{"start":{"line":49,"column":38},"end":{"line":49,"column":72}}],"line":49},"4":{"loc":{"start":{"line":53,"column":4},"end":{"line":55,"column":5}},"type":"if","locations":[{"start":{"line":53,"column":4},"end":{"line":55,"column":5}},{"start":{},"end":{}}],"line":53},"5":{"loc":{"start":{"line":87,"column":0},"end":{"line":92,"column":1}},"type":"if","locations":[{"start":{"line":87,"column":0},"end":{"line":92,"column":1}},{"start":{},"end":{}}],"line":87},"6":{"loc":{"start":{"line":117,"column":13},"end":{"line":117,"column":30}},"type":"binary-expr","locations":[{"start":{"line":117,"column":13},"end":{"line":117,"column":23}},{"start":{"line":117,"column":27},"end":{"line":117,"column":30}}],"line":117},"7":{"loc":{"start":{"line":118,"column":11},"end":{"line":118,"column":88}},"type":"cond-expr","locations":[{"start":{"line":118,"column":51},"end":{"line":118,"column":74}},{"start":{"line":118,"column":77},"end":{"line":118,"column":88}}],"line":118}},"s":{"0":5,"1":5,"2":5,"3":5,"4":5,"5":5,"6":5,"7":5,"8":5,"9":5,"10":5,"11":5,"12":5,"13":5,"14":5,"15":5,"16":5,"17":5,"18":5,"19":5,"20":741,"21":739,"22":2,"23":1,"24":1,"25":0,"26":1,"27":0,"28":1,"29":5,"30":5,"31":5,"32":5,"33":5,"34":5,"35":5,"36":5,"37":0,"38":0,"39":0,"40":5,"41":19,"42":19,"43":5,"44":5,"45":5,"46":5,"47":5,"48":5,"49":5,"50":5,"51":3,"52":5,"53":1,"54":1,"55":5},"f":{"0":741,"1":0,"2":19,"3":3,"4":1},"b":{"0":[739,2],"1":[1,1],"2":[0,1],"3":[1,1],"4":[0,1],"5":[0,5],"6":[1,1],"7":[0,1]},"_coverageSchema":"1a1c01bbd47fc00a2c39e90264f33305004495a9","hash":"1e924a2dca5b3f7b20ec4411e5a4d3ea22189c9b"}
,"C:\\Users\\swaya\\OneDrive\\Desktop\\promptWars\\smartvenue-ai\\backend\\src\\config\\firebaseAdmin.js": {"path":"C:\\Users\\swaya\\OneDrive\\Desktop\\promptWars\\smartvenue-ai\\backend\\src\\config\\firebaseAdmin.js","statementMap":{"0":{"start":{"line":6,"column":14},"end":{"line":6,"column":39}},"1":{"start":{"line":8,"column":20},"end":{"line":8,"column":25}},"2":{"start":{"line":9,"column":9},"end":{"line":9,"column":13}},"3":{"start":{"line":12,"column":2},"end":{"line":12,"column":28}},"4":{"start":{"line":12,"column":21},"end":{"line":12,"column":28}},"5":{"start":{"line":14,"column":22},"end":{"line":14,"column":53}},"6":{"start":{"line":15,"column":22},"end":{"line":15,"column":55}},"7":{"start":{"line":17,"column":2},"end":{"line":20,"column":3}},"8":{"start":{"line":18,"column":4},"end":{"line":18,"column":65}},"9":{"start":{"line":19,"column":4},"end":{"line":19,"column":11}},"10":{"start":{"line":22,"column":2},"end":{"line":54,"column":3}},"11":{"start":{"line":23,"column":4},"end":{"line":47,"column":5}},"12":{"start":{"line":24,"column":33},"end":{"line":24,"column":75}},"13":{"start":{"line":26,"column":6},"end":{"line":46,"column":7}},"14":{"start":{"line":28,"column":31},"end":{"line":28,"column":58}},"15":{"start":{"line":29,"column":8},"end":{"line":32,"column":11}},"16":{"start":{"line":33,"column":13},"end":{"line":46,"column":7}},"17":{"start":{"line":35,"column":8},"end":{"line":38,"column":11}},"18":{"start":{"line":43,"column":8},"end":{"line":43,"column":104}},"19":{"start":{"line":44,"column":8},"end":{"line":44,"column":30}},"20":{"start":{"line":45,"column":8},"end":{"line":45,"column":15}},"21":{"start":{"line":49,"column":4},"end":{"line":49,"column":26}},"22":{"start":{"line":50,"column":4},"end":{"line":50,"column":25}},"23":{"start":{"line":51,"column":4},"end":{"line":51,"column":50}},"24":{"start":{"line":53,"column":4},"end":{"line":53,"column":62}},"25":{"start":{"line":57,"column":0},"end":{"line":57,"column":20}},"26":{"start":{"line":60,"column":2},"end":{"line":60,"column":18}},"27":{"start":{"line":60,"column":11},"end":{"line":60,"column":18}},"28":{"start":{"line":61,"column":20},"end":{"line":61,"column":22}},"29":{"start":{"line":62,"column":2},"end":{"line":76,"column":5}},"30":{"start":{"line":63,"column":4},"end":{"line":75,"column":6}},"31":{"start":{"line":77,"column":2},"end":{"line":77,"column":58}},"32":{"start":{"line":81,"column":2},"end":{"line":81,"column":18}},"33":{"start":{"line":81,"column":11},"end":{"line":81,"column":18}},"34":{"start":{"line":82,"column":2},"end":{"line":82,"column":58}},"35":{"start":{"line":86,"column":2},"end":{"line":86,"column":34}},"36":{"start":{"line":86,"column":22},"end":{"line":86,"column":34}},"37":{"start":{"line":87,"column":2},"end":{"line":91,"column":3}},"38":{"start":{"line":88,"column":4},"end":{"line":88,"column":53}},"39":{"start":{"line":90,"column":4},"end":{"line":90,"column":16}},"40":{"start":{"line":94,"column":0},"end":{"line":100,"column":2}},"41":{"start":{"line":99,"column":25},"end":{"line":99,"column":38}}},"fnMap":{"0":{"name":"initFirebaseAdmin","decl":{"start":{"line":11,"column":9},"end":{"line":11,"column":26}},"loc":{"start":{"line":11,"column":29},"end":{"line":55,"column":1}},"line":11},"1":{"name":"pushCrowdToFirebase","decl":{"start":{"line":59,"column":9},"end":{"line":59,"column":28}},"loc":{"start":{"line":59,"column":38},"end":{"line":78,"column":1}},"line":59},"2":{"name":"(anonymous_2)","decl":{"start":{"line":62,"column":34},"end":{"line":62,"column":35}},"loc":{"start":{"line":62,"column":50},"end":{"line":76,"column":3}},"line":62},"3":{"name":"(anonymous_3)","decl":{"start":{"line":77,"column":48},"end":{"line":77,"column":49}},"loc":{"start":{"line":77,"column":54},"end":{"line":77,"column":56}},"line":77},"4":{"name":"pushAlertToFirebase","decl":{"start":{"line":80,"column":9},"end":{"line":80,"column":28}},"loc":{"start":{"line":80,"column":36},"end":{"line":83,"column":1}},"line":80},"5":{"name":"(anonymous_5)","decl":{"start":{"line":82,"column":48},"end":{"line":82,"column":49}},"loc":{"start":{"line":82,"column":54},"end":{"line":82,"column":56}},"line":82},"6":{"name":"verifyFirebaseToken","decl":{"start":{"line":85,"column":15},"end":{"line":85,"column":34}},"loc":{"start":{"line":85,"column":44},"end":{"line":92,"column":1}},"line":85},"7":{"name":"(anonymous_7)","decl":{"start":{"line":99,"column":19},"end":{"line":99,"column":20}},"loc":{"start":{"line":99,"column":25},"end":{"line":99,"column":38}},"line":99}},"branchMap":{"0":{"loc":{"start":{"line":12,"column":2},"end":{"line":12,"column":28}},"type":"if","locations":[{"start":{"line":12,"column":2},"end":{"line":12,"column":28}},{"start":{},"end":{}}],"line":12},"1":{"loc":{"start":{"line":17,"column":2},"end":{"line":20,"column":3}},"type":"if","locations":[{"start":{"line":17,"column":2},"end":{"line":20,"column":3}},{"start":{},"end":{}}],"line":17},"2":{"loc":{"start":{"line":17,"column":6},"end":{"line":17,"column":32}},"type":"binary-expr","locations":[{"start":{"line":17,"column":6},"end":{"line":17,"column":16}},{"start":{"line":17,"column":20},"end":{"line":17,"column":32}}],"line":17},"3":{"loc":{"start":{"line":23,"column":4},"end":{"line":47,"column":5}},"type":"if","locations":[{"start":{"line":23,"column":4},"end":{"line":47,"column":5}},{"start":{},"end":{}}],"line":23},"4":{"loc":{"start":{"line":26,"column":6},"end":{"line":46,"column":7}},"type":"if","locations":[{"start":{"line":26,"column":6},"end":{"line":46,"column":7}},{"start":{"line":33,"column":13},"end":{"line":46,"column":7}}],"line":26},"5":{"loc":{"start":{"line":33,"column":13},"end":{"line":46,"column":7}},"type":"if","locations":[{"start":{"line":33,"column":13},"end":{"line":46,"column":7}},{"start":{"line":39,"column":13},"end":{"line":46,"column":7}}],"line":33},"6":{"loc":{"start":{"line":60,"column":2},"end":{"line":60,"column":18}},"type":"if","locations":[{"start":{"line":60,"column":2},"end":{"line":60,"column":18}},{"start":{},"end":{}}],"line":60},"7":{"loc":{"start":{"line":73,"column":19},"end":{"line":73,"column":41}},"type":"binary-expr","locations":[{"start":{"line":73,"column":19},"end":{"line":73,"column":35}},{"start":{"line":73,"column":39},"end":{"line":73,"column":41}}],"line":73},"8":{"loc":{"start":{"line":74,"column":19},"end":{"line":74,"column":61}},"type":"binary-expr","locations":[{"start":{"line":74,"column":19},"end":{"line":74,"column":33}},{"start":{"line":74,"column":37},"end":{"line":74,"column":61}}],"line":74},"9":{"loc":{"start":{"line":81,"column":2},"end":{"line":81,"column":18}},"type":"if","locations":[{"start":{"line":81,"column":2},"end":{"line":81,"column":18}},{"start":{},"end":{}}],"line":81},"10":{"loc":{"start":{"line":86,"column":2},"end":{"line":86,"column":34}},"type":"if","locations":[{"start":{"line":86,"column":2},"end":{"line":86,"column":34}},{"start":{},"end":{}}],"line":86}},"s":{"0":8,"1":8,"2":8,"3":8,"4":0,"5":8,"6":8,"7":8,"8":8,"9":8,"10":0,"11":0,"12":0,"13":0,"14":0,"15":0,"16":0,"17":0,"18":0,"19":0,"20":0,"21":0,"22":0,"23":0,"24":0,"25":8,"26":104,"27":104,"28":0,"29":0,"30":0,"31":0,"32":10,"33":10,"34":0,"35":0,"36":0,"37":0,"38":0,"39":0,"40":8,"41":0},"f":{"0":8,"1":104,"2":0,"3":0,"4":10,"5":0,"6":0,"7":0},"b":{"0":[0,8],"1":[8,0],"2":[8,0],"3":[0,0],"4":[0,0],"5":[0,0],"6":[104,0],"7":[0,0],"8":[0,0],"9":[10,0],"10":[0,0]},"_coverageSchema":"1a1c01bbd47fc00a2c39e90264f33305004495a9","hash":"e7bd18ff86451e321481fdb1c24da2d6d4e36b00"}
,"C:\\Users\\swaya\\OneDrive\\Desktop\\promptWars\\smartvenue-ai\\backend\\src\\middleware\\auth.js": {"path":"C:\\Users\\swaya\\OneDrive\\Desktop\\promptWars\\smartvenue-ai\\backend\\src\\middleware\\auth.js","statementMap":{"0":{"start":{"line":14,"column":12},"end":{"line":14,"column":35}},"1":{"start":{"line":15,"column":15},"end":{"line":15,"column":41}},"2":{"start":{"line":31,"column":21},"end":{"line":107,"column":1}},"3":{"start":{"line":32,"column":21},"end":{"line":32,"column":46}},"4":{"start":{"line":35,"column":2},"end":{"line":44,"column":3}},"5":{"start":{"line":36,"column":4},"end":{"line":39,"column":7}},"6":{"start":{"line":40,"column":4},"end":{"line":43,"column":7}},"7":{"start":{"line":47,"column":17},"end":{"line":47,"column":39}},"8":{"start":{"line":48,"column":2},"end":{"line":54,"column":3}},"9":{"start":{"line":49,"column":4},"end":{"line":49,"column":70}},"10":{"start":{"line":50,"column":4},"end":{"line":53,"column":7}},"11":{"start":{"line":56,"column":16},"end":{"line":56,"column":40}},"12":{"start":{"line":59,"column":2},"end":{"line":65,"column":3}},"13":{"start":{"line":60,"column":4},"end":{"line":60,"column":70}},"14":{"start":{"line":61,"column":4},"end":{"line":64,"column":7}},"15":{"start":{"line":67,"column":2},"end":{"line":106,"column":3}},"16":{"start":{"line":69,"column":20},"end":{"line":72,"column":6}},"17":{"start":{"line":75,"column":4},"end":{"line":77,"column":5}},"18":{"start":{"line":76,"column":6},"end":{"line":76,"column":47}},"19":{"start":{"line":80,"column":4},"end":{"line":85,"column":6}},"20":{"start":{"line":87,"column":4},"end":{"line":90,"column":7}},"21":{"start":{"line":92,"column":4},"end":{"line":92,"column":11}},"22":{"start":{"line":95,"column":4},"end":{"line":99,"column":7}},"23":{"start":{"line":102,"column":4},"end":{"line":105,"column":7}},"24":{"start":{"line":123,"column":18},"end":{"line":145,"column":1}},"25":{"start":{"line":124,"column":2},"end":{"line":130,"column":3}},"26":{"start":{"line":125,"column":4},"end":{"line":125,"column":71}},"27":{"start":{"line":126,"column":4},"end":{"line":129,"column":7}},"28":{"start":{"line":132,"column":2},"end":{"line":142,"column":3}},"29":{"start":{"line":133,"column":4},"end":{"line":137,"column":7}},"30":{"start":{"line":138,"column":4},"end":{"line":141,"column":7}},"31":{"start":{"line":144,"column":2},"end":{"line":144,"column":9}},"32":{"start":{"line":156,"column":24},"end":{"line":178,"column":1}},"33":{"start":{"line":157,"column":2},"end":{"line":162,"column":3}},"34":{"start":{"line":158,"column":4},"end":{"line":161,"column":7}},"35":{"start":{"line":164,"column":23},"end":{"line":164,"column":44}},"36":{"start":{"line":165,"column":2},"end":{"line":175,"column":3}},"37":{"start":{"line":166,"column":4},"end":{"line":170,"column":7}},"38":{"start":{"line":171,"column":4},"end":{"line":174,"column":7}},"39":{"start":{"line":177,"column":2},"end":{"line":177,"column":9}},"40":{"start":{"line":180,"column":0},"end":{"line":184,"column":2}}},"fnMap":{"0":{"name":"(anonymous_0)","decl":{"start":{"line":31,"column":21},"end":{"line":31,"column":22}},"loc":{"start":{"line":31,"column":41},"end":{"line":107,"column":1}},"line":31},"1":{"name":"(anonymous_1)","decl":{"start":{"line":123,"column":18},"end":{"line":123,"column":19}},"loc":{"start":{"line":123,"column":38},"end":{"line":145,"column":1}},"line":123},"2":{"name":"(anonymous_2)","decl":{"start":{"line":156,"column":24},"end":{"line":156,"column":25}},"loc":{"start":{"line":156,"column":44},"end":{"line":178,"column":1}},"line":156}},"branchMap":{"0":{"loc":{"start":{"line":35,"column":2},"end":{"line":44,"column":3}},"type":"if","locations":[{"start":{"line":35,"column":2},"end":{"line":44,"column":3}},{"start":{},"end":{}}],"line":35},"1":{"loc":{"start":{"line":35,"column":6},"end":{"line":35,"column":54}},"type":"binary-expr","locations":[{"start":{"line":35,"column":6},"end":{"line":35,"column":17}},{"start":{"line":35,"column":21},"end":{"line":35,"column":54}}],"line":35},"2":{"loc":{"start":{"line":48,"column":2},"end":{"line":54,"column":3}},"type":"if","locations":[{"start":{"line":48,"column":2},"end":{"line":54,"column":3}},{"start":{},"end":{}}],"line":48},"3":{"loc":{"start":{"line":59,"column":2},"end":{"line":65,"column":3}},"type":"if","locations":[{"start":{"line":59,"column":2},"end":{"line":65,"column":3}},{"start":{},"end":{}}],"line":59},"4":{"loc":{"start":{"line":59,"column":6},"end":{"line":59,"column":34}},"type":"binary-expr","locations":[{"start":{"line":59,"column":6},"end":{"line":59,"column":12}},{"start":{"line":59,"column":16},"end":{"line":59,"column":34}}],"line":59},"5":{"loc":{"start":{"line":75,"column":4},"end":{"line":77,"column":5}},"type":"if","locations":[{"start":{"line":75,"column":4},"end":{"line":77,"column":5}},{"start":{},"end":{}}],"line":75},"6":{"loc":{"start":{"line":75,"column":8},"end":{"line":75,"column":36}},"type":"binary-expr","locations":[{"start":{"line":75,"column":8},"end":{"line":75,"column":19}},{"start":{"line":75,"column":23},"end":{"line":75,"column":36}}],"line":75},"7":{"loc":{"start":{"line":124,"column":2},"end":{"line":130,"column":3}},"type":"if","locations":[{"start":{"line":124,"column":2},"end":{"line":130,"column":3}},{"start":{},"end":{}}],"line":124},"8":{"loc":{"start":{"line":132,"column":2},"end":{"line":142,"column":3}},"type":"if","locations":[{"start":{"line":132,"column":2},"end":{"line":142,"column":3}},{"start":{},"end":{}}],"line":132},"9":{"loc":{"start":{"line":157,"column":2},"end":{"line":162,"column":3}},"type":"if","locations":[{"start":{"line":157,"column":2},"end":{"line":162,"column":3}},{"start":{},"end":{}}],"line":157},"10":{"loc":{"start":{"line":165,"column":2},"end":{"line":175,"column":3}},"type":"if","locations":[{"start":{"line":165,"column":2},"end":{"line":175,"column":3}},{"start":{},"end":{}}],"line":165}},"s":{"0":6,"1":6,"2":6,"3":35,"4":35,"5":9,"6":9,"7":26,"8":26,"9":0,"10":0,"11":26,"12":26,"13":0,"14":0,"15":26,"16":26,"17":21,"18":0,"19":21,"20":21,"21":21,"22":5,"23":5,"24":6,"25":16,"26":0,"27":0,"28":16,"29":3,"30":3,"31":13,"32":6,"33":3,"34":0,"35":3,"36":3,"37":1,"38":1,"39":2,"40":6},"f":{"0":35,"1":16,"2":3},"b":{"0":[9,26],"1":[35,27],"2":[0,26],"3":[0,26],"4":[26,26],"5":[0,21],"6":[21,21],"7":[0,16],"8":[3,13],"9":[0,3],"10":[1,2]},"_coverageSchema":"1a1c01bbd47fc00a2c39e90264f33305004495a9","hash":"107e3d372ce079768b9107e22991cb274ab59898"}
,"C:\\Users\\swaya\\OneDrive\\Desktop\\promptWars\\smartvenue-ai\\backend\\src\\routes\\alerts.js": {"path":"C:\\Users\\swaya\\OneDrive\\Desktop\\promptWars\\smartvenue-ai\\backend\\src\\routes\\alerts.js","statementMap":{"0":{"start":{"line":14,"column":16},"end":{"line":14,"column":34}},"1":{"start":{"line":15,"column":35},"end":{"line":15,"column":63}},"2":{"start":{"line":16,"column":36},"end":{"line":16,"column":65}},"3":{"start":{"line":17,"column":27},"end":{"line":17,"column":59}},"4":{"start":{"line":18,"column":28},"end":{"line":18,"column":67}},"5":{"start":{"line":19,"column":32},"end":{"line":19,"column":66}},"6":{"start":{"line":20,"column":15},"end":{"line":20,"column":41}},"7":{"start":{"line":21,"column":32},"end":{"line":21,"column":70}},"8":{"start":{"line":23,"column":15},"end":{"line":23,"column":31}},"9":{"start":{"line":29,"column":13},"end":{"line":29,"column":15}},"10":{"start":{"line":35,"column":21},"end":{"line":35,"column":22}},"11":{"start":{"line":57,"column":16},"end":{"line":57,"column":33}},"12":{"start":{"line":58,"column":20},"end":{"line":58,"column":22}},"13":{"start":{"line":60,"column":2},"end":{"line":86,"column":5}},"14":{"start":{"line":61,"column":4},"end":{"line":85,"column":5}},"15":{"start":{"line":62,"column":6},"end":{"line":72,"column":9}},"16":{"start":{"line":73,"column":11},"end":{"line":85,"column":5}},"17":{"start":{"line":74,"column":6},"end":{"line":84,"column":9}},"18":{"start":{"line":89,"column":2},"end":{"line":89,"column":50}},"19":{"start":{"line":90,"column":2},"end":{"line":90,"column":19}},"20":{"start":{"line":110,"column":0},"end":{"line":129,"column":3}},"21":{"start":{"line":111,"column":2},"end":{"line":128,"column":3}},"22":{"start":{"line":112,"column":4},"end":{"line":112,"column":22}},"23":{"start":{"line":113,"column":19},"end":{"line":113,"column":54}},"24":{"start":{"line":113,"column":38},"end":{"line":113,"column":53}},"25":{"start":{"line":116,"column":4},"end":{"line":120,"column":7}},"26":{"start":{"line":119,"column":42},"end":{"line":119,"column":63}},"27":{"start":{"line":122,"column":4},"end":{"line":122,"column":90}},"28":{"start":{"line":124,"column":4},"end":{"line":124,"column":85}},"29":{"start":{"line":126,"column":4},"end":{"line":126,"column":70}},"30":{"start":{"line":127,"column":4},"end":{"line":127,"column":65}},"31":{"start":{"line":153,"column":0},"end":{"line":196,"column":3}},"32":{"start":{"line":158,"column":2},"end":{"line":195,"column":3}},"33":{"start":{"line":159,"column":19},"end":{"line":159,"column":40}},"34":{"start":{"line":160,"column":4},"end":{"line":163,"column":5}},"35":{"start":{"line":161,"column":6},"end":{"line":161,"column":82}},"36":{"start":{"line":162,"column":6},"end":{"line":162,"column":62}},"37":{"start":{"line":165,"column":18},"end":{"line":172,"column":5}},"38":{"start":{"line":174,"column":4},"end":{"line":174,"column":26}},"39":{"start":{"line":175,"column":4},"end":{"line":175,"column":26}},"40":{"start":{"line":176,"column":4},"end":{"line":176,"column":31}},"41":{"start":{"line":179,"column":4},"end":{"line":183,"column":7}},"42":{"start":{"line":185,"column":4},"end":{"line":185,"column":36}},"43":{"start":{"line":187,"column":4},"end":{"line":191,"column":7}},"44":{"start":{"line":193,"column":4},"end":{"line":193,"column":67}},"45":{"start":{"line":194,"column":4},"end":{"line":194,"column":62}},"46":{"start":{"line":210,"column":0},"end":{"line":240,"column":3}},"47":{"start":{"line":211,"column":2},"end":{"line":239,"column":3}},"48":{"start":{"line":212,"column":18},"end":{"line":212,"column":68}},"49":{"start":{"line":212,"column":35},"end":{"line":212,"column":67}},"50":{"start":{"line":214,"column":4},"end":{"line":217,"column":5}},"51":{"start":{"line":215,"column":6},"end":{"line":215,"column":84}},"52":{"start":{"line":216,"column":6},"end":{"line":216,"column":64}},"53":{"start":{"line":219,"column":4},"end":{"line":219,"column":30}},"54":{"start":{"line":220,"column":4},"end":{"line":220,"column":45}},"55":{"start":{"line":221,"column":4},"end":{"line":221,"column":52}},"56":{"start":{"line":224,"column":4},"end":{"line":228,"column":7}},"57":{"start":{"line":230,"column":4},"end":{"line":230,"column":24}},"58":{"start":{"line":232,"column":4},"end":{"line":235,"column":7}},"59":{"start":{"line":237,"column":4},"end":{"line":237,"column":96}},"60":{"start":{"line":238,"column":4},"end":{"line":238,"column":67}},"61":{"start":{"line":259,"column":0},"end":{"line":295,"column":3}},"62":{"start":{"line":260,"column":2},"end":{"line":294,"column":3}},"63":{"start":{"line":261,"column":18},"end":{"line":272,"column":5}},"64":{"start":{"line":274,"column":4},"end":{"line":274,"column":26}},"65":{"start":{"line":275,"column":4},"end":{"line":275,"column":26}},"66":{"start":{"line":276,"column":4},"end":{"line":276,"column":31}},"67":{"start":{"line":279,"column":4},"end":{"line":283,"column":7}},"68":{"start":{"line":285,"column":4},"end":{"line":285,"column":89}},"69":{"start":{"line":287,"column":4},"end":{"line":290,"column":7}},"70":{"start":{"line":292,"column":4},"end":{"line":292,"column":79}},"71":{"start":{"line":293,"column":4},"end":{"line":293,"column":73}},"72":{"start":{"line":297,"column":0},"end":{"line":297,"column":24}}},"fnMap":{"0":{"name":"checkAutoAlerts","decl":{"start":{"line":56,"column":9},"end":{"line":56,"column":24}},"loc":{"start":{"line":56,"column":27},"end":{"line":91,"column":1}},"line":56},"1":{"name":"(anonymous_1)","decl":{"start":{"line":60,"column":31},"end":{"line":60,"column":32}},"loc":{"start":{"line":60,"column":39},"end":{"line":86,"column":3}},"line":60},"2":{"name":"(anonymous_2)","decl":{"start":{"line":110,"column":16},"end":{"line":110,"column":17}},"loc":{"start":{"line":110,"column":30},"end":{"line":129,"column":1}},"line":110},"3":{"name":"(anonymous_3)","decl":{"start":{"line":113,"column":33},"end":{"line":113,"column":34}},"loc":{"start":{"line":113,"column":38},"end":{"line":113,"column":53}},"line":113},"4":{"name":"(anonymous_4)","decl":{"start":{"line":119,"column":37},"end":{"line":119,"column":38}},"loc":{"start":{"line":119,"column":42},"end":{"line":119,"column":63}},"line":119},"5":{"name":"(anonymous_5)","decl":{"start":{"line":157,"column":3},"end":{"line":157,"column":4}},"loc":{"start":{"line":157,"column":17},"end":{"line":196,"column":1}},"line":157},"6":{"name":"(anonymous_6)","decl":{"start":{"line":210,"column":47},"end":{"line":210,"column":48}},"loc":{"start":{"line":210,"column":61},"end":{"line":240,"column":1}},"line":210},"7":{"name":"(anonymous_7)","decl":{"start":{"line":212,"column":30},"end":{"line":212,"column":31}},"loc":{"start":{"line":212,"column":35},"end":{"line":212,"column":67}},"line":212},"8":{"name":"(anonymous_8)","decl":{"start":{"line":259,"column":51},"end":{"line":259,"column":52}},"loc":{"start":{"line":259,"column":65},"end":{"line":295,"column":1}},"line":259}},"branchMap":{"0":{"loc":{"start":{"line":61,"column":4},"end":{"line":85,"column":5}},"type":"if","locations":[{"start":{"line":61,"column":4},"end":{"line":85,"column":5}},{"start":{"line":73,"column":11},"end":{"line":85,"column":5}}],"line":61},"1":{"loc":{"start":{"line":73,"column":11},"end":{"line":85,"column":5}},"type":"if","locations":[{"start":{"line":73,"column":11},"end":{"line":85,"column":5}},{"start":{},"end":{}}],"line":73},"2":{"loc":{"start":{"line":160,"column":4},"end":{"line":163,"column":5}},"type":"if","locations":[{"start":{"line":160,"column":4},"end":{"line":163,"column":5}},{"start":{},"end":{}}],"line":160},"3":{"loc":{"start":{"line":214,"column":4},"end":{"line":217,"column":5}},"type":"if","locations":[{"start":{"line":214,"column":4},"end":{"line":217,"column":5}},{"start":{},"end":{}}],"line":214},"4":{"loc":{"start":{"line":265,"column":15},"end":{"line":265,"column":114}},"type":"binary-expr","locations":[{"start":{"line":265,"column":15},"end":{"line":265,"column":31}},{"start":{"line":265,"column":35},"end":{"line":265,"column":114}}],"line":265}},"s":{"0":5,"1":5,"2":5,"3":5,"4":5,"5":5,"6":5,"7":5,"8":5,"9":5,"10":5,"11":12,"12":12,"13":12,"14":240,"15":0,"16":240,"17":0,"18":12,"19":12,"20":5,"21":12,"22":12,"23":12,"24":0,"25":12,"26":0,"27":12,"28":12,"29":0,"30":0,"31":5,"32":9,"33":9,"34":9,"35":3,"36":3,"37":6,"38":6,"39":6,"40":6,"41":6,"42":6,"43":6,"44":0,"45":0,"46":5,"47":2,"48":2,"49":3,"50":2,"51":1,"52":1,"53":1,"54":1,"55":1,"56":1,"57":1,"58":1,"59":0,"60":0,"61":5,"62":2,"63":2,"64":2,"65":2,"66":2,"67":2,"68":2,"69":2,"70":0,"71":0,"72":5},"f":{"0":12,"1":240,"2":12,"3":0,"4":0,"5":9,"6":2,"7":3,"8":2},"b":{"0":[0,240],"1":[0,240],"2":[3,6],"3":[1,1],"4":[2,1]},"_coverageSchema":"1a1c01bbd47fc00a2c39e90264f33305004495a9","hash":"0bab689fa477b89a907a1f18ab3fe98a711032d6"}
,"C:\\Users\\swaya\\OneDrive\\Desktop\\promptWars\\smartvenue-ai\\backend\\src\\routes\\analytics.js": {"path":"C:\\Users\\swaya\\OneDrive\\Desktop\\promptWars\\smartvenue-ai\\backend\\src\\routes\\analytics.js","statementMap":{"0":{"start":{"line":11,"column":16},"end":{"line":11,"column":34}},"1":{"start":{"line":12,"column":36},"end":{"line":12,"column":65}},"2":{"start":{"line":13,"column":28},"end":{"line":13,"column":67}},"3":{"start":{"line":14,"column":15},"end":{"line":14,"column":41}},"4":{"start":{"line":15,"column":32},"end":{"line":15,"column":70}},"5":{"start":{"line":17,"column":15},"end":{"line":17,"column":31}},"6":{"start":{"line":38,"column":15},"end":{"line":38,"column":17}},"7":{"start":{"line":39,"column":14},"end":{"line":39,"column":24}},"8":{"start":{"line":41,"column":2},"end":{"line":60,"column":3}},"9":{"start":{"line":41,"column":15},"end":{"line":41,"column":20}},"10":{"start":{"line":42,"column":17},"end":{"line":42,"column":51}},"11":{"start":{"line":43,"column":17},"end":{"line":43,"column":32}},"12":{"start":{"line":46,"column":26},"end":{"line":51,"column":47}},"13":{"start":{"line":53,"column":4},"end":{"line":59,"column":7}},"14":{"start":{"line":62,"column":2},"end":{"line":62,"column":14}},"15":{"start":{"line":90,"column":0},"end":{"line":135,"column":3}},"16":{"start":{"line":91,"column":2},"end":{"line":134,"column":3}},"17":{"start":{"line":92,"column":18},"end":{"line":92,"column":35}},"18":{"start":{"line":93,"column":18},"end":{"line":93,"column":38}},"19":{"start":{"line":95,"column":23},"end":{"line":95,"column":49}},"20":{"start":{"line":96,"column":21},"end":{"line":96,"column":104}},"21":{"start":{"line":96,"column":51},"end":{"line":96,"column":88}},"22":{"start":{"line":98,"column":21},"end":{"line":115,"column":5}},"23":{"start":{"line":100,"column":48},"end":{"line":100,"column":68}},"24":{"start":{"line":101,"column":48},"end":{"line":101,"column":63}},"25":{"start":{"line":102,"column":41},"end":{"line":102,"column":67}},"26":{"start":{"line":103,"column":57},"end":{"line":103,"column":80}},"27":{"start":{"line":107,"column":33},"end":{"line":113,"column":7}},"28":{"start":{"line":113,"column":25},"end":{"line":113,"column":74}},"29":{"start":{"line":118,"column":4},"end":{"line":123,"column":7}},"30":{"start":{"line":125,"column":4},"end":{"line":125,"column":23}},"31":{"start":{"line":127,"column":4},"end":{"line":130,"column":7}},"32":{"start":{"line":132,"column":4},"end":{"line":132,"column":82}},"33":{"start":{"line":133,"column":4},"end":{"line":133,"column":77}},"34":{"start":{"line":163,"column":0},"end":{"line":182,"column":3}},"35":{"start":{"line":164,"column":2},"end":{"line":181,"column":3}},"36":{"start":{"line":165,"column":18},"end":{"line":165,"column":62}},"37":{"start":{"line":166,"column":17},"end":{"line":166,"column":46}},"38":{"start":{"line":169,"column":4},"end":{"line":172,"column":7}},"39":{"start":{"line":174,"column":4},"end":{"line":174,"column":51}},"40":{"start":{"line":175,"column":4},"end":{"line":175,"column":75}},"41":{"start":{"line":177,"column":4},"end":{"line":177,"column":77}},"42":{"start":{"line":179,"column":4},"end":{"line":179,"column":75}},"43":{"start":{"line":180,"column":4},"end":{"line":180,"column":70}},"44":{"start":{"line":184,"column":0},"end":{"line":184,"column":24}}},"fnMap":{"0":{"name":"generateHistoricalData","decl":{"start":{"line":37,"column":9},"end":{"line":37,"column":31}},"loc":{"start":{"line":37,"column":44},"end":{"line":63,"column":1}},"line":37},"1":{"name":"(anonymous_1)","decl":{"start":{"line":90,"column":49},"end":{"line":90,"column":50}},"loc":{"start":{"line":90,"column":63},"end":{"line":135,"column":1}},"line":90},"2":{"name":"(anonymous_2)","decl":{"start":{"line":96,"column":39},"end":{"line":96,"column":40}},"loc":{"start":{"line":96,"column":51},"end":{"line":96,"column":88}},"line":96},"3":{"name":"(anonymous_3)","decl":{"start":{"line":100,"column":36},"end":{"line":100,"column":37}},"loc":{"start":{"line":100,"column":48},"end":{"line":100,"column":68}},"line":100},"4":{"name":"(anonymous_4)","decl":{"start":{"line":101,"column":36},"end":{"line":101,"column":37}},"loc":{"start":{"line":101,"column":48},"end":{"line":101,"column":63}},"line":101},"5":{"name":"(anonymous_5)","decl":{"start":{"line":102,"column":36},"end":{"line":102,"column":37}},"loc":{"start":{"line":102,"column":41},"end":{"line":102,"column":67}},"line":102},"6":{"name":"(anonymous_6)","decl":{"start":{"line":103,"column":45},"end":{"line":103,"column":46}},"loc":{"start":{"line":103,"column":57},"end":{"line":103,"column":80}},"line":103},"7":{"name":"(anonymous_7)","decl":{"start":{"line":107,"column":27},"end":{"line":107,"column":28}},"loc":{"start":{"line":107,"column":33},"end":{"line":113,"column":7}},"line":107},"8":{"name":"(anonymous_8)","decl":{"start":{"line":113,"column":15},"end":{"line":113,"column":16}},"loc":{"start":{"line":113,"column":25},"end":{"line":113,"column":74}},"line":113},"9":{"name":"(anonymous_9)","decl":{"start":{"line":163,"column":22},"end":{"line":163,"column":23}},"loc":{"start":{"line":163,"column":36},"end":{"line":182,"column":1}},"line":163}},"branchMap":{"0":{"loc":{"start":{"line":37,"column":32},"end":{"line":37,"column":42}},"type":"default-arg","locations":[{"start":{"line":37,"column":40},"end":{"line":37,"column":42}}],"line":37},"1":{"loc":{"start":{"line":46,"column":26},"end":{"line":51,"column":47}},"type":"cond-expr","locations":[{"start":{"line":46,"column":38},"end":{"line":46,"column":41}},{"start":{"line":47,"column":6},"end":{"line":51,"column":47}}],"line":46},"2":{"loc":{"start":{"line":47,"column":6},"end":{"line":51,"column":47}},"type":"cond-expr","locations":[{"start":{"line":47,"column":18},"end":{"line":47,"column":41}},{"start":{"line":48,"column":6},"end":{"line":51,"column":47}}],"line":47},"3":{"loc":{"start":{"line":48,"column":6},"end":{"line":51,"column":47}},"type":"cond-expr","locations":[{"start":{"line":48,"column":18},"end":{"line":48,"column":21}},{"start":{"line":49,"column":6},"end":{"line":51,"column":47}}],"line":48},"4":{"loc":{"start":{"line":49,"column":6},"end":{"line":51,"column":47}},"type":"cond-expr","locations":[{"start":{"line":49,"column":18},"end":{"line":49,"column":44}},{"start":{"line":50,"column":6},"end":{"line":51,"column":47}}],"line":49},"5":{"loc":{"start":{"line":50,"column":6},"end":{"line":51,"column":47}},"type":"cond-expr","locations":[{"start":{"line":50,"column":18},"end":{"line":50,"column":44}},{"start":{"line":51,"column":6},"end":{"line":51,"column":47}}],"line":50},"6":{"loc":{"start":{"line":51,"column":6},"end":{"line":51,"column":47}},"type":"cond-expr","locations":[{"start":{"line":51,"column":18},"end":{"line":51,"column":41}},{"start":{"line":51,"column":44},"end":{"line":51,"column":47}}],"line":51},"7":{"loc":{"start":{"line":58,"column":17},"end":{"line":58,"column":72}},"type":"cond-expr","locations":[{"start":{"line":58,"column":39},"end":{"line":58,"column":68}},{"start":{"line":58,"column":71},"end":{"line":58,"column":72}}],"line":58},"8":{"loc":{"start":{"line":96,"column":51},"end":{"line":96,"column":88}},"type":"cond-expr","locations":[{"start":{"line":96,"column":81},"end":{"line":96,"column":82}},{"start":{"line":96,"column":85},"end":{"line":96,"column":88}}],"line":96},"9":{"loc":{"start":{"line":100,"column":55},"end":{"line":100,"column":67}},"type":"binary-expr","locations":[{"start":{"line":100,"column":55},"end":{"line":100,"column":62}},{"start":{"line":100,"column":66},"end":{"line":100,"column":67}}],"line":100},"10":{"loc":{"start":{"line":103,"column":64},"end":{"line":103,"column":79}},"type":"binary-expr","locations":[{"start":{"line":103,"column":64},"end":{"line":103,"column":74}},{"start":{"line":103,"column":78},"end":{"line":103,"column":79}}],"line":103},"11":{"loc":{"start":{"line":165,"column":27},"end":{"line":165,"column":57}},"type":"binary-expr","locations":[{"start":{"line":165,"column":27},"end":{"line":165,"column":52}},{"start":{"line":165,"column":56},"end":{"line":165,"column":57}}],"line":165}},"s":{"0":5,"1":5,"2":5,"3":5,"4":5,"5":5,"6":11,"7":11,"8":11,"9":11,"10":150,"11":150,"12":150,"13":150,"14":11,"15":5,"16":1,"17":1,"18":1,"19":1,"20":1,"21":13,"22":1,"23":20,"24":20,"25":20,"26":20,"27":20,"28":63,"29":1,"30":1,"31":1,"32":0,"33":0,"34":5,"35":10,"36":10,"37":10,"38":10,"39":10,"40":10,"41":10,"42":0,"43":0,"44":5},"f":{"0":11,"1":1,"2":13,"3":20,"4":20,"5":20,"6":20,"7":20,"8":63,"9":10},"b":{"0":[0],"1":[33,117],"2":[24,93],"3":[17,76],"4":[33,43],"5":[23,20],"6":[17,3],"7":[13,137],"8":[8,5],"9":[20,20],"10":[20,0],"11":[10,3]},"_coverageSchema":"1a1c01bbd47fc00a2c39e90264f33305004495a9","hash":"acedca29422c5a849792c5e98a19bc23ae69e725"}
,"C:\\Users\\swaya\\OneDrive\\Desktop\\promptWars\\smartvenue-ai\\backend\\src\\routes\\auth.js": {"path":"C:\\Users\\swaya\\OneDrive\\Desktop\\promptWars\\smartvenue-ai\\backend\\src\\routes\\auth.js","statementMap":{"0":{"start":{"line":13,"column":16},"end":{"line":13,"column":34}},"1":{"start":{"line":14,"column":15},"end":{"line":14,"column":34}},"2":{"start":{"line":15,"column":12},"end":{"line":15,"column":35}},"3":{"start":{"line":16,"column":35},"end":{"line":16,"column":63}},"4":{"start":{"line":17,"column":25},"end":{"line":17,"column":54}},"5":{"start":{"line":18,"column":15},"end":{"line":18,"column":41}},"6":{"start":{"line":19,"column":32},"end":{"line":19,"column":70}},"7":{"start":{"line":21,"column":15},"end":{"line":21,"column":31}},"8":{"start":{"line":28,"column":15},"end":{"line":43,"column":1}},"9":{"start":{"line":76,"column":0},"end":{"line":157,"column":3}},"10":{"start":{"line":80,"column":2},"end":{"line":156,"column":3}},"11":{"start":{"line":81,"column":19},"end":{"line":81,"column":40}},"12":{"start":{"line":82,"column":4},"end":{"line":85,"column":5}},"13":{"start":{"line":83,"column":6},"end":{"line":83,"column":73}},"14":{"start":{"line":84,"column":6},"end":{"line":84,"column":62}},"15":{"start":{"line":87,"column":19},"end":{"line":87,"column":41}},"16":{"start":{"line":88,"column":4},"end":{"line":91,"column":5}},"17":{"start":{"line":89,"column":6},"end":{"line":89,"column":48}},"18":{"start":{"line":90,"column":6},"end":{"line":90,"column":75}},"19":{"start":{"line":93,"column":35},"end":{"line":93,"column":43}},"20":{"start":{"line":94,"column":18},"end":{"line":94,"column":59}},"21":{"start":{"line":94,"column":35},"end":{"line":94,"column":58}},"22":{"start":{"line":97,"column":4},"end":{"line":109,"column":5}},"23":{"start":{"line":98,"column":6},"end":{"line":98,"column":81}},"24":{"start":{"line":99,"column":6},"end":{"line":99,"column":71}},"25":{"start":{"line":102,"column":6},"end":{"line":106,"column":9}},"26":{"start":{"line":108,"column":6},"end":{"line":108,"column":68}},"27":{"start":{"line":112,"column":19},"end":{"line":112,"column":65}},"28":{"start":{"line":113,"column":19},"end":{"line":113,"column":48}},"29":{"start":{"line":114,"column":21},"end":{"line":114,"column":67}},"30":{"start":{"line":116,"column":4},"end":{"line":127,"column":5}},"31":{"start":{"line":117,"column":6},"end":{"line":117,"column":71}},"32":{"start":{"line":120,"column":6},"end":{"line":124,"column":9}},"33":{"start":{"line":126,"column":6},"end":{"line":126,"column":68}},"34":{"start":{"line":129,"column":18},"end":{"line":133,"column":5}},"35":{"start":{"line":136,"column":4},"end":{"line":141,"column":7}},"36":{"start":{"line":143,"column":4},"end":{"line":146,"column":7}},"37":{"start":{"line":148,"column":4},"end":{"line":152,"column":7}},"38":{"start":{"line":154,"column":4},"end":{"line":154,"column":58}},"39":{"start":{"line":155,"column":4},"end":{"line":155,"column":52}},"40":{"start":{"line":179,"column":0},"end":{"line":195,"column":3}},"41":{"start":{"line":180,"column":2},"end":{"line":194,"column":3}},"42":{"start":{"line":182,"column":4},"end":{"line":186,"column":7}},"43":{"start":{"line":188,"column":4},"end":{"line":188,"column":33}},"44":{"start":{"line":190,"column":4},"end":{"line":190,"column":68}},"45":{"start":{"line":192,"column":4},"end":{"line":192,"column":76}},"46":{"start":{"line":193,"column":4},"end":{"line":193,"column":71}},"47":{"start":{"line":212,"column":0},"end":{"line":229,"column":3}},"48":{"start":{"line":213,"column":2},"end":{"line":228,"column":3}},"49":{"start":{"line":215,"column":4},"end":{"line":220,"column":7}},"50":{"start":{"line":222,"column":4},"end":{"line":222,"column":53}},"51":{"start":{"line":224,"column":4},"end":{"line":224,"column":89}},"52":{"start":{"line":226,"column":4},"end":{"line":226,"column":59}},"53":{"start":{"line":227,"column":4},"end":{"line":227,"column":53}},"54":{"start":{"line":231,"column":0},"end":{"line":231,"column":24}}},"fnMap":{"0":{"name":"(anonymous_0)","decl":{"start":{"line":79,"column":3},"end":{"line":79,"column":4}},"loc":{"start":{"line":79,"column":23},"end":{"line":157,"column":1}},"line":79},"1":{"name":"(anonymous_1)","decl":{"start":{"line":94,"column":30},"end":{"line":94,"column":31}},"loc":{"start":{"line":94,"column":35},"end":{"line":94,"column":58}},"line":94},"2":{"name":"(anonymous_2)","decl":{"start":{"line":179,"column":32},"end":{"line":179,"column":33}},"loc":{"start":{"line":179,"column":46},"end":{"line":195,"column":1}},"line":179},"3":{"name":"(anonymous_3)","decl":{"start":{"line":212,"column":37},"end":{"line":212,"column":38}},"loc":{"start":{"line":212,"column":51},"end":{"line":229,"column":1}},"line":212}},"branchMap":{"0":{"loc":{"start":{"line":82,"column":4},"end":{"line":85,"column":5}},"type":"if","locations":[{"start":{"line":82,"column":4},"end":{"line":85,"column":5}},{"start":{},"end":{}}],"line":82},"1":{"loc":{"start":{"line":88,"column":4},"end":{"line":91,"column":5}},"type":"if","locations":[{"start":{"line":88,"column":4},"end":{"line":91,"column":5}},{"start":{},"end":{}}],"line":88},"2":{"loc":{"start":{"line":97,"column":4},"end":{"line":109,"column":5}},"type":"if","locations":[{"start":{"line":97,"column":4},"end":{"line":109,"column":5}},{"start":{},"end":{}}],"line":97},"3":{"loc":{"start":{"line":116,"column":4},"end":{"line":127,"column":5}},"type":"if","locations":[{"start":{"line":116,"column":4},"end":{"line":127,"column":5}},{"start":{},"end":{}}],"line":116},"4":{"loc":{"start":{"line":116,"column":8},"end":{"line":116,"column":28}},"type":"binary-expr","locations":[{"start":{"line":116,"column":8},"end":{"line":116,"column":15}},{"start":{"line":116,"column":19},"end":{"line":116,"column":28}}],"line":116},"5":{"loc":{"start":{"line":132,"column":19},"end":{"line":132,"column":53}},"type":"binary-expr","locations":[{"start":{"line":132,"column":19},"end":{"line":132,"column":45}},{"start":{"line":132,"column":49},"end":{"line":132,"column":53}}],"line":132}},"s":{"0":5,"1":5,"2":5,"3":5,"4":5,"5":5,"6":5,"7":5,"8":5,"9":5,"10":47,"11":47,"12":47,"13":6,"14":6,"15":41,"16":41,"17":0,"18":0,"19":41,"20":41,"21":75,"22":41,"23":32,"24":32,"25":32,"26":32,"27":9,"28":9,"29":9,"30":9,"31":2,"32":2,"33":2,"34":7,"35":7,"36":7,"37":7,"38":0,"39":0,"40":5,"41":2,"42":2,"43":2,"44":2,"45":0,"46":0,"47":5,"48":2,"49":2,"50":2,"51":2,"52":0,"53":0,"54":5},"f":{"0":47,"1":75,"2":2,"3":2},"b":{"0":[6,41],"1":[0,41],"2":[32,9],"3":[2,7],"4":[9,2],"5":[7,0]},"_coverageSchema":"1a1c01bbd47fc00a2c39e90264f33305004495a9","hash":"d41f9901c21cd0dc17a74c5a83d91a54df9cbdb4"}
,"C:\\Users\\swaya\\OneDrive\\Desktop\\promptWars\\smartvenue-ai\\backend\\src\\routes\\chat.js": {"path":"C:\\Users\\swaya\\OneDrive\\Desktop\\promptWars\\smartvenue-ai\\backend\\src\\routes\\chat.js","statementMap":{"0":{"start":{"line":11,"column":16},"end":{"line":11,"column":34}},"1":{"start":{"line":12,"column":35},"end":{"line":12,"column":63}},"2":{"start":{"line":13,"column":38},"end":{"line":13,"column":77}},"3":{"start":{"line":14,"column":15},"end":{"line":14,"column":41}},"4":{"start":{"line":15,"column":32},"end":{"line":15,"column":70}},"5":{"start":{"line":17,"column":15},"end":{"line":17,"column":31}},"6":{"start":{"line":23,"column":18},"end":{"line":23,"column":20}},"7":{"start":{"line":32,"column":14},"end":{"line":32,"column":24}},"8":{"start":{"line":33,"column":17},"end":{"line":33,"column":55}},"9":{"start":{"line":33,"column":39},"end":{"line":33,"column":54}},"10":{"start":{"line":34,"column":2},"end":{"line":34,"column":23}},"11":{"start":{"line":35,"column":2},"end":{"line":35,"column":28}},"12":{"start":{"line":36,"column":2},"end":{"line":36,"column":39}},"13":{"start":{"line":36,"column":27},"end":{"line":36,"column":39}},"14":{"start":{"line":37,"column":2},"end":{"line":37,"column":22}},"15":{"start":{"line":38,"column":2},"end":{"line":38,"column":15}},"16":{"start":{"line":54,"column":12},"end":{"line":54,"column":31}},"17":{"start":{"line":56,"column":2},"end":{"line":62,"column":3}},"18":{"start":{"line":57,"column":22},"end":{"line":57,"column":78}},"19":{"start":{"line":58,"column":17},"end":{"line":60,"column":47}},"20":{"start":{"line":59,"column":18},"end":{"line":59,"column":43}},"21":{"start":{"line":60,"column":22},"end":{"line":60,"column":43}},"22":{"start":{"line":61,"column":4},"end":{"line":61,"column":196}},"23":{"start":{"line":64,"column":2},"end":{"line":70,"column":3}},"24":{"start":{"line":65,"column":18},"end":{"line":65,"column":58}},"25":{"start":{"line":66,"column":17},"end":{"line":68,"column":47}},"26":{"start":{"line":67,"column":18},"end":{"line":67,"column":43}},"27":{"start":{"line":68,"column":22},"end":{"line":68,"column":43}},"28":{"start":{"line":69,"column":4},"end":{"line":69,"column":178}},"29":{"start":{"line":72,"column":2},"end":{"line":78,"column":3}},"30":{"start":{"line":73,"column":19},"end":{"line":73,"column":83}},"31":{"start":{"line":74,"column":17},"end":{"line":76,"column":47}},"32":{"start":{"line":75,"column":18},"end":{"line":75,"column":43}},"33":{"start":{"line":76,"column":22},"end":{"line":76,"column":43}},"34":{"start":{"line":77,"column":4},"end":{"line":77,"column":164}},"35":{"start":{"line":80,"column":2},"end":{"line":87,"column":3}},"36":{"start":{"line":81,"column":18},"end":{"line":81,"column":43}},"37":{"start":{"line":82,"column":21},"end":{"line":82,"column":83}},"38":{"start":{"line":82,"column":39},"end":{"line":82,"column":65}},"39":{"start":{"line":82,"column":76},"end":{"line":82,"column":82}},"40":{"start":{"line":83,"column":4},"end":{"line":85,"column":5}},"41":{"start":{"line":84,"column":6},"end":{"line":84,"column":141}},"42":{"start":{"line":86,"column":4},"end":{"line":86,"column":99}},"43":{"start":{"line":89,"column":2},"end":{"line":94,"column":3}},"44":{"start":{"line":90,"column":18},"end":{"line":90,"column":45}},"45":{"start":{"line":91,"column":18},"end":{"line":91,"column":45}},"46":{"start":{"line":92,"column":17},"end":{"line":92,"column":64}},"47":{"start":{"line":93,"column":4},"end":{"line":93,"column":155}},"48":{"start":{"line":96,"column":2},"end":{"line":99,"column":3}},"49":{"start":{"line":97,"column":16},"end":{"line":97,"column":40}},"50":{"start":{"line":98,"column":4},"end":{"line":98,"column":140}},"51":{"start":{"line":101,"column":2},"end":{"line":103,"column":3}},"52":{"start":{"line":102,"column":4},"end":{"line":102,"column":219}},"53":{"start":{"line":105,"column":2},"end":{"line":107,"column":3}},"54":{"start":{"line":106,"column":4},"end":{"line":106,"column":185}},"55":{"start":{"line":109,"column":2},"end":{"line":109,"column":171}},"56":{"start":{"line":128,"column":17},"end":{"line":128,"column":43}},"57":{"start":{"line":129,"column":2},"end":{"line":129,"column":68}},"58":{"start":{"line":129,"column":56},"end":{"line":129,"column":68}},"59":{"start":{"line":130,"column":2},"end":{"line":130,"column":41}},"60":{"start":{"line":130,"column":29},"end":{"line":130,"column":41}},"61":{"start":{"line":132,"column":2},"end":{"line":165,"column":3}},"62":{"start":{"line":133,"column":21},"end":{"line":158,"column":5}},"63":{"start":{"line":160,"column":4},"end":{"line":160,"column":34}},"64":{"start":{"line":160,"column":22},"end":{"line":160,"column":34}},"65":{"start":{"line":161,"column":17},"end":{"line":161,"column":38}},"66":{"start":{"line":162,"column":4},"end":{"line":162,"column":67}},"67":{"start":{"line":164,"column":4},"end":{"line":164,"column":16}},"68":{"start":{"line":192,"column":0},"end":{"line":248,"column":3}},"69":{"start":{"line":195,"column":2},"end":{"line":247,"column":3}},"70":{"start":{"line":196,"column":19},"end":{"line":196,"column":40}},"71":{"start":{"line":197,"column":4},"end":{"line":200,"column":5}},"72":{"start":{"line":198,"column":6},"end":{"line":198,"column":80}},"73":{"start":{"line":199,"column":6},"end":{"line":199,"column":62}},"74":{"start":{"line":202,"column":24},"end":{"line":202,"column":32}},"75":{"start":{"line":203,"column":23},"end":{"line":203,"column":40}},"76":{"start":{"line":205,"column":18},"end":{"line":205,"column":43}},"77":{"start":{"line":206,"column":20},"end":{"line":213,"column":5}},"78":{"start":{"line":208,"column":39},"end":{"line":208,"column":65}},"79":{"start":{"line":208,"column":76},"end":{"line":208,"column":82}},"80":{"start":{"line":209,"column":39},"end":{"line":209,"column":61}},"81":{"start":{"line":209,"column":72},"end":{"line":209,"column":78}},"82":{"start":{"line":210,"column":34},"end":{"line":210,"column":56}},"83":{"start":{"line":210,"column":73},"end":{"line":210,"column":94}},"84":{"start":{"line":211,"column":34},"end":{"line":211,"column":56}},"85":{"start":{"line":211,"column":73},"end":{"line":211,"column":94}},"86":{"start":{"line":212,"column":38},"end":{"line":212,"column":64}},"87":{"start":{"line":212,"column":81},"end":{"line":212,"column":102}},"88":{"start":{"line":215,"column":19},"end":{"line":215,"column":56}},"89":{"start":{"line":216,"column":19},"end":{"line":216,"column":29}},"90":{"start":{"line":218,"column":4},"end":{"line":220,"column":5}},"91":{"start":{"line":219,"column":6},"end":{"line":219,"column":59}},"92":{"start":{"line":223,"column":4},"end":{"line":230,"column":7}},"93":{"start":{"line":232,"column":4},"end":{"line":232,"column":72}},"94":{"start":{"line":234,"column":4},"end":{"line":238,"column":7}},"95":{"start":{"line":240,"column":4},"end":{"line":240,"column":76}},"96":{"start":{"line":241,"column":4},"end":{"line":246,"column":7}},"97":{"start":{"line":250,"column":0},"end":{"line":250,"column":24}}},"fnMap":{"0":{"name":"isGeminiRateLimited","decl":{"start":{"line":31,"column":9},"end":{"line":31,"column":28}},"loc":{"start":{"line":31,"column":31},"end":{"line":39,"column":1}},"line":31},"1":{"name":"(anonymous_1)","decl":{"start":{"line":33,"column":34},"end":{"line":33,"column":35}},"loc":{"start":{"line":33,"column":39},"end":{"line":33,"column":54}},"line":33},"2":{"name":"getRuleBasedResponse","decl":{"start":{"line":53,"column":9},"end":{"line":53,"column":29}},"loc":{"start":{"line":53,"column":49},"end":{"line":110,"column":1}},"line":53},"3":{"name":"(anonymous_3)","decl":{"start":{"line":59,"column":11},"end":{"line":59,"column":12}},"loc":{"start":{"line":59,"column":18},"end":{"line":59,"column":43}},"line":59},"4":{"name":"(anonymous_4)","decl":{"start":{"line":60,"column":12},"end":{"line":60,"column":13}},"loc":{"start":{"line":60,"column":22},"end":{"line":60,"column":43}},"line":60},"5":{"name":"(anonymous_5)","decl":{"start":{"line":67,"column":11},"end":{"line":67,"column":12}},"loc":{"start":{"line":67,"column":18},"end":{"line":67,"column":43}},"line":67},"6":{"name":"(anonymous_6)","decl":{"start":{"line":68,"column":12},"end":{"line":68,"column":13}},"loc":{"start":{"line":68,"column":22},"end":{"line":68,"column":43}},"line":68},"7":{"name":"(anonymous_7)","decl":{"start":{"line":75,"column":11},"end":{"line":75,"column":12}},"loc":{"start":{"line":75,"column":18},"end":{"line":75,"column":43}},"line":75},"8":{"name":"(anonymous_8)","decl":{"start":{"line":76,"column":12},"end":{"line":76,"column":13}},"loc":{"start":{"line":76,"column":22},"end":{"line":76,"column":43}},"line":76},"9":{"name":"(anonymous_9)","decl":{"start":{"line":82,"column":34},"end":{"line":82,"column":35}},"loc":{"start":{"line":82,"column":39},"end":{"line":82,"column":65}},"line":82},"10":{"name":"(anonymous_10)","decl":{"start":{"line":82,"column":71},"end":{"line":82,"column":72}},"loc":{"start":{"line":82,"column":76},"end":{"line":82,"column":82}},"line":82},"11":{"name":"getAIResponse","decl":{"start":{"line":127,"column":15},"end":{"line":127,"column":28}},"loc":{"start":{"line":127,"column":45},"end":{"line":166,"column":1}},"line":127},"12":{"name":"(anonymous_12)","decl":{"start":{"line":194,"column":3},"end":{"line":194,"column":4}},"loc":{"start":{"line":194,"column":23},"end":{"line":248,"column":1}},"line":194},"13":{"name":"(anonymous_13)","decl":{"start":{"line":208,"column":34},"end":{"line":208,"column":35}},"loc":{"start":{"line":208,"column":39},"end":{"line":208,"column":65}},"line":208},"14":{"name":"(anonymous_14)","decl":{"start":{"line":208,"column":71},"end":{"line":208,"column":72}},"loc":{"start":{"line":208,"column":76},"end":{"line":208,"column":82}},"line":208},"15":{"name":"(anonymous_15)","decl":{"start":{"line":209,"column":34},"end":{"line":209,"column":35}},"loc":{"start":{"line":209,"column":39},"end":{"line":209,"column":61}},"line":209},"16":{"name":"(anonymous_16)","decl":{"start":{"line":209,"column":67},"end":{"line":209,"column":68}},"loc":{"start":{"line":209,"column":72},"end":{"line":209,"column":78}},"line":209},"17":{"name":"(anonymous_17)","decl":{"start":{"line":210,"column":29},"end":{"line":210,"column":30}},"loc":{"start":{"line":210,"column":34},"end":{"line":210,"column":56}},"line":210},"18":{"name":"(anonymous_18)","decl":{"start":{"line":210,"column":63},"end":{"line":210,"column":64}},"loc":{"start":{"line":210,"column":73},"end":{"line":210,"column":94}},"line":210},"19":{"name":"(anonymous_19)","decl":{"start":{"line":211,"column":29},"end":{"line":211,"column":30}},"loc":{"start":{"line":211,"column":34},"end":{"line":211,"column":56}},"line":211},"20":{"name":"(anonymous_20)","decl":{"start":{"line":211,"column":63},"end":{"line":211,"column":64}},"loc":{"start":{"line":211,"column":73},"end":{"line":211,"column":94}},"line":211},"21":{"name":"(anonymous_21)","decl":{"start":{"line":212,"column":33},"end":{"line":212,"column":34}},"loc":{"start":{"line":212,"column":38},"end":{"line":212,"column":64}},"line":212},"22":{"name":"(anonymous_22)","decl":{"start":{"line":212,"column":71},"end":{"line":212,"column":72}},"loc":{"start":{"line":212,"column":81},"end":{"line":212,"column":102}},"line":212}},"branchMap":{"0":{"loc":{"start":{"line":36,"column":2},"end":{"line":36,"column":39}},"type":"if","locations":[{"start":{"line":36,"column":2},"end":{"line":36,"column":39}},{"start":{},"end":{}}],"line":36},"1":{"loc":{"start":{"line":56,"column":2},"end":{"line":62,"column":3}},"type":"if","locations":[{"start":{"line":56,"column":2},"end":{"line":62,"column":3}},{"start":{},"end":{}}],"line":56},"2":{"loc":{"start":{"line":56,"column":6},"end":{"line":56,"column":104}},"type":"binary-expr","locations":[{"start":{"line":56,"column":6},"end":{"line":56,"column":28}},{"start":{"line":56,"column":32},"end":{"line":56,"column":54}},{"start":{"line":56,"column":58},"end":{"line":56,"column":78}},{"start":{"line":56,"column":82},"end":{"line":56,"column":104}}],"line":56},"3":{"loc":{"start":{"line":64,"column":2},"end":{"line":70,"column":3}},"type":"if","locations":[{"start":{"line":64,"column":2},"end":{"line":70,"column":3}},{"start":{},"end":{}}],"line":64},"4":{"loc":{"start":{"line":64,"column":6},"end":{"line":64,"column":68}},"type":"binary-expr","locations":[{"start":{"line":64,"column":6},"end":{"line":64,"column":24}},{"start":{"line":64,"column":28},"end":{"line":64,"column":47}},{"start":{"line":64,"column":51},"end":{"line":64,"column":68}}],"line":64},"5":{"loc":{"start":{"line":72,"column":2},"end":{"line":78,"column":3}},"type":"if","locations":[{"start":{"line":72,"column":2},"end":{"line":78,"column":3}},{"start":{},"end":{}}],"line":72},"6":{"loc":{"start":{"line":72,"column":6},"end":{"line":72,"column":92}},"type":"binary-expr","locations":[{"start":{"line":72,"column":6},"end":{"line":72,"column":24}},{"start":{"line":72,"column":28},"end":{"line":72,"column":45}},{"start":{"line":72,"column":49},"end":{"line":72,"column":69}},{"start":{"line":72,"column":73},"end":{"line":72,"column":92}}],"line":72},"7":{"loc":{"start":{"line":80,"column":2},"end":{"line":87,"column":3}},"type":"if","locations":[{"start":{"line":80,"column":2},"end":{"line":87,"column":3}},{"start":{},"end":{}}],"line":80},"8":{"loc":{"start":{"line":80,"column":6},"end":{"line":80,"column":75}},"type":"binary-expr","locations":[{"start":{"line":80,"column":6},"end":{"line":80,"column":25}},{"start":{"line":80,"column":29},"end":{"line":80,"column":47}},{"start":{"line":80,"column":51},"end":{"line":80,"column":75}}],"line":80},"9":{"loc":{"start":{"line":83,"column":4},"end":{"line":85,"column":5}},"type":"if","locations":[{"start":{"line":83,"column":4},"end":{"line":85,"column":5}},{"start":{},"end":{}}],"line":83},"10":{"loc":{"start":{"line":89,"column":2},"end":{"line":94,"column":3}},"type":"if","locations":[{"start":{"line":89,"column":2},"end":{"line":94,"column":3}},{"start":{},"end":{}}],"line":89},"11":{"loc":{"start":{"line":89,"column":6},"end":{"line":89,"column":45}},"type":"binary-expr","locations":[{"start":{"line":89,"column":6},"end":{"line":89,"column":24}},{"start":{"line":89,"column":28},"end":{"line":89,"column":45}}],"line":89},"12":{"loc":{"start":{"line":92,"column":17},"end":{"line":92,"column":64}},"type":"cond-expr","locations":[{"start":{"line":92,"column":51},"end":{"line":92,"column":56}},{"start":{"line":92,"column":59},"end":{"line":92,"column":64}}],"line":92},"13":{"loc":{"start":{"line":96,"column":2},"end":{"line":99,"column":3}},"type":"if","locations":[{"start":{"line":96,"column":2},"end":{"line":99,"column":3}},{"start":{},"end":{}}],"line":96},"14":{"loc":{"start":{"line":96,"column":6},"end":{"line":96,"column":47}},"type":"binary-expr","locations":[{"start":{"line":96,"column":6},"end":{"line":96,"column":23}},{"start":{"line":96,"column":27},"end":{"line":96,"column":47}}],"line":96},"15":{"loc":{"start":{"line":101,"column":2},"end":{"line":103,"column":3}},"type":"if","locations":[{"start":{"line":101,"column":2},"end":{"line":103,"column":3}},{"start":{},"end":{}}],"line":101},"16":{"loc":{"start":{"line":101,"column":6},"end":{"line":101,"column":103}},"type":"binary-expr","locations":[{"start":{"line":101,"column":6},"end":{"line":101,"column":27}},{"start":{"line":101,"column":31},"end":{"line":101,"column":54}},{"start":{"line":101,"column":58},"end":{"line":101,"column":81}},{"start":{"line":101,"column":85},"end":{"line":101,"column":103}}],"line":101},"17":{"loc":{"start":{"line":102,"column":94},"end":{"line":102,"column":137}},"type":"binary-expr","locations":[{"start":{"line":102,"column":94},"end":{"line":102,"column":132}},{"start":{"line":102,"column":136},"end":{"line":102,"column":137}}],"line":102},"18":{"loc":{"start":{"line":105,"column":2},"end":{"line":107,"column":3}},"type":"if","locations":[{"start":{"line":105,"column":2},"end":{"line":107,"column":3}},{"start":{},"end":{}}],"line":105},"19":{"loc":{"start":{"line":105,"column":6},"end":{"line":105,"column":72}},"type":"binary-expr","locations":[{"start":{"line":105,"column":6},"end":{"line":105,"column":24}},{"start":{"line":105,"column":28},"end":{"line":105,"column":49}},{"start":{"line":105,"column":53},"end":{"line":105,"column":72}}],"line":105},"20":{"loc":{"start":{"line":129,"column":2},"end":{"line":129,"column":68}},"type":"if","locations":[{"start":{"line":129,"column":2},"end":{"line":129,"column":68}},{"start":{},"end":{}}],"line":129},"21":{"loc":{"start":{"line":129,"column":6},"end":{"line":129,"column":54}},"type":"binary-expr","locations":[{"start":{"line":129,"column":6},"end":{"line":129,"column":13}},{"start":{"line":129,"column":17},"end":{"line":129,"column":54}}],"line":129},"22":{"loc":{"start":{"line":130,"column":2},"end":{"line":130,"column":41}},"type":"if","locations":[{"start":{"line":130,"column":2},"end":{"line":130,"column":41}},{"start":{},"end":{}}],"line":130},"23":{"loc":{"start":{"line":143,"column":20},"end":{"line":143,"column":63}},"type":"binary-expr","locations":[{"start":{"line":143,"column":20},"end":{"line":143,"column":53}},{"start":{"line":143,"column":57},"end":{"line":143,"column":63}}],"line":143},"24":{"loc":{"start":{"line":160,"column":4},"end":{"line":160,"column":34}},"type":"if","locations":[{"start":{"line":160,"column":4},"end":{"line":160,"column":34}},{"start":{},"end":{}}],"line":160},"25":{"loc":{"start":{"line":162,"column":11},"end":{"line":162,"column":66}},"type":"binary-expr","locations":[{"start":{"line":162,"column":11},"end":{"line":162,"column":58}},{"start":{"line":162,"column":62},"end":{"line":162,"column":66}}],"line":162},"26":{"loc":{"start":{"line":197,"column":4},"end":{"line":200,"column":5}},"type":"if","locations":[{"start":{"line":197,"column":4},"end":{"line":200,"column":5}},{"start":{},"end":{}}],"line":197},"27":{"loc":{"start":{"line":218,"column":4},"end":{"line":220,"column":5}},"type":"if","locations":[{"start":{"line":218,"column":4},"end":{"line":220,"column":5}},{"start":{},"end":{}}],"line":218},"28":{"loc":{"start":{"line":227,"column":18},"end":{"line":229,"column":77}},"type":"cond-expr","locations":[{"start":{"line":227,"column":63},"end":{"line":227,"column":73}},{"start":{"line":228,"column":18},"end":{"line":229,"column":77}}],"line":227},"29":{"loc":{"start":{"line":228,"column":18},"end":{"line":229,"column":77}},"type":"cond-expr","locations":[{"start":{"line":228,"column":59},"end":{"line":228,"column":65}},{"start":{"line":229,"column":18},"end":{"line":229,"column":77}}],"line":228},"30":{"loc":{"start":{"line":229,"column":18},"end":{"line":229,"column":77}},"type":"cond-expr","locations":[{"start":{"line":229,"column":59},"end":{"line":229,"column":65}},{"start":{"line":229,"column":68},"end":{"line":229,"column":77}}],"line":229}},"s":{"0":5,"1":5,"2":5,"3":5,"4":5,"5":5,"6":5,"7":0,"8":0,"9":0,"10":0,"11":0,"12":0,"13":0,"14":0,"15":0,"16":16,"17":16,"18":5,"19":5,"20":20,"21":30,"22":5,"23":11,"24":2,"25":2,"26":8,"27":11,"28":2,"29":9,"30":2,"31":2,"32":8,"33":11,"34":2,"35":7,"36":1,"37":1,"38":20,"39":0,"40":1,"41":0,"42":1,"43":6,"44":1,"45":1,"46":1,"47":1,"48":5,"49":1,"50":1,"51":4,"52":1,"53":3,"54":0,"55":3,"56":16,"57":16,"58":16,"59":0,"60":0,"61":0,"62":0,"63":0,"64":0,"65":0,"66":0,"67":0,"68":5,"69":19,"70":19,"71":19,"72":3,"73":3,"74":16,"75":16,"76":16,"77":16,"78":320,"79":0,"80":320,"81":0,"82":320,"83":87,"84":320,"85":89,"86":320,"87":96,"88":16,"89":16,"90":16,"91":16,"92":16,"93":16,"94":16,"95":0,"96":0,"97":5},"f":{"0":0,"1":0,"2":16,"3":20,"4":30,"5":8,"6":11,"7":8,"8":11,"9":20,"10":0,"11":16,"12":19,"13":320,"14":0,"15":320,"16":0,"17":320,"18":87,"19":320,"20":89,"21":320,"22":96},"b":{"0":[0,0],"1":[5,11],"2":[16,15,13,12],"3":[2,9],"4":[11,9,9],"5":[2,7],"6":[9,7,7,7],"7":[1,6],"8":[7,6,6],"9":[0,1],"10":[1,5],"11":[6,5],"12":[1,0],"13":[1,4],"14":[5,4],"15":[1,3],"16":[4,3,3,3],"17":[1,0],"18":[0,3],"19":[3,3,3],"20":[16,0],"21":[16,0],"22":[0,0],"23":[0,0],"24":[0,0],"25":[0,0],"26":[3,16],"27":[16,0],"28":[2,14],"29":[2,12],"30":[2,10]},"_coverageSchema":"1a1c01bbd47fc00a2c39e90264f33305004495a9","hash":"ddd1a8f4d6449ad370ffc3cee9fb7074bc418ac7"}
,"C:\\Users\\swaya\\OneDrive\\Desktop\\promptWars\\smartvenue-ai\\backend\\src\\routes\\crowd.js": {"path":"C:\\Users\\swaya\\OneDrive\\Desktop\\promptWars\\smartvenue-ai\\backend\\src\\routes\\crowd.js","statementMap":{"0":{"start":{"line":10,"column":16},"end":{"line":10,"column":34}},"1":{"start":{"line":11,"column":21},"end":{"line":11,"column":56}},"2":{"start":{"line":12,"column":15},"end":{"line":12,"column":41}},"3":{"start":{"line":13,"column":32},"end":{"line":13,"column":70}},"4":{"start":{"line":15,"column":15},"end":{"line":15,"column":31}},"5":{"start":{"line":41,"column":0},"end":{"line":59,"column":3}},"6":{"start":{"line":42,"column":2},"end":{"line":58,"column":3}},"7":{"start":{"line":43,"column":18},"end":{"line":43,"column":44}},"8":{"start":{"line":46,"column":4},"end":{"line":49,"column":7}},"9":{"start":{"line":51,"column":4},"end":{"line":51,"column":50}},"10":{"start":{"line":52,"column":4},"end":{"line":52,"column":61}},"11":{"start":{"line":54,"column":4},"end":{"line":54,"column":66}},"12":{"start":{"line":56,"column":4},"end":{"line":56,"column":75}},"13":{"start":{"line":57,"column":4},"end":{"line":57,"column":70}},"14":{"start":{"line":88,"column":0},"end":{"line":113,"column":3}},"15":{"start":{"line":89,"column":2},"end":{"line":112,"column":3}},"16":{"start":{"line":90,"column":19},"end":{"line":90,"column":29}},"17":{"start":{"line":91,"column":17},"end":{"line":91,"column":45}},"18":{"start":{"line":93,"column":4},"end":{"line":96,"column":5}},"19":{"start":{"line":94,"column":6},"end":{"line":94,"column":52}},"20":{"start":{"line":95,"column":6},"end":{"line":95,"column":63}},"21":{"start":{"line":99,"column":4},"end":{"line":104,"column":7}},"22":{"start":{"line":106,"column":4},"end":{"line":106,"column":60}},"23":{"start":{"line":108,"column":4},"end":{"line":108,"column":81}},"24":{"start":{"line":110,"column":4},"end":{"line":110,"column":99}},"25":{"start":{"line":111,"column":4},"end":{"line":111,"column":71}},"26":{"start":{"line":143,"column":0},"end":{"line":161,"column":3}},"27":{"start":{"line":144,"column":2},"end":{"line":160,"column":3}},"28":{"start":{"line":145,"column":20},"end":{"line":145,"column":49}},"29":{"start":{"line":148,"column":4},"end":{"line":151,"column":7}},"30":{"start":{"line":150,"column":43},"end":{"line":150,"column":95}},"31":{"start":{"line":153,"column":4},"end":{"line":153,"column":50}},"32":{"start":{"line":154,"column":4},"end":{"line":154,"column":63}},"33":{"start":{"line":156,"column":4},"end":{"line":156,"column":69}},"34":{"start":{"line":158,"column":4},"end":{"line":158,"column":76}},"35":{"start":{"line":159,"column":4},"end":{"line":159,"column":71}},"36":{"start":{"line":186,"column":0},"end":{"line":208,"column":3}},"37":{"start":{"line":187,"column":2},"end":{"line":207,"column":3}},"38":{"start":{"line":188,"column":20},"end":{"line":188,"column":45}},"39":{"start":{"line":191,"column":4},"end":{"line":195,"column":7}},"40":{"start":{"line":197,"column":4},"end":{"line":197,"column":50}},"41":{"start":{"line":198,"column":4},"end":{"line":198,"column":66}},"42":{"start":{"line":200,"column":4},"end":{"line":203,"column":7}},"43":{"start":{"line":205,"column":4},"end":{"line":205,"column":77}},"44":{"start":{"line":206,"column":4},"end":{"line":206,"column":72}},"45":{"start":{"line":210,"column":0},"end":{"line":210,"column":24}}},"fnMap":{"0":{"name":"(anonymous_0)","decl":{"start":{"line":41,"column":21},"end":{"line":41,"column":22}},"loc":{"start":{"line":41,"column":35},"end":{"line":59,"column":1}},"line":41},"1":{"name":"(anonymous_1)","decl":{"start":{"line":88,"column":25},"end":{"line":88,"column":26}},"loc":{"start":{"line":88,"column":39},"end":{"line":113,"column":1}},"line":88},"2":{"name":"(anonymous_2)","decl":{"start":{"line":143,"column":23},"end":{"line":143,"column":24}},"loc":{"start":{"line":143,"column":37},"end":{"line":161,"column":1}},"line":143},"3":{"name":"(anonymous_3)","decl":{"start":{"line":150,"column":38},"end":{"line":150,"column":39}},"loc":{"start":{"line":150,"column":43},"end":{"line":150,"column":95}},"line":150},"4":{"name":"(anonymous_4)","decl":{"start":{"line":186,"column":23},"end":{"line":186,"column":24}},"loc":{"start":{"line":186,"column":37},"end":{"line":208,"column":1}},"line":186}},"branchMap":{"0":{"loc":{"start":{"line":93,"column":4},"end":{"line":96,"column":5}},"type":"if","locations":[{"start":{"line":93,"column":4},"end":{"line":96,"column":5}},{"start":{},"end":{}}],"line":93},"1":{"loc":{"start":{"line":150,"column":43},"end":{"line":150,"column":95}},"type":"binary-expr","locations":[{"start":{"line":150,"column":43},"end":{"line":150,"column":65}},{"start":{"line":150,"column":69},"end":{"line":150,"column":95}}],"line":150}},"s":{"0":5,"1":5,"2":5,"3":5,"4":5,"5":5,"6":370,"7":370,"8":370,"9":370,"10":370,"11":370,"12":0,"13":0,"14":5,"15":3,"16":3,"17":3,"18":3,"19":2,"20":2,"21":1,"22":1,"23":1,"24":0,"25":0,"26":5,"27":13,"28":13,"29":13,"30":260,"31":13,"32":13,"33":13,"34":0,"35":0,"36":5,"37":12,"38":12,"39":12,"40":12,"41":12,"42":12,"43":0,"44":0,"45":5},"f":{"0":370,"1":3,"2":13,"3":260,"4":12},"b":{"0":[2,1],"1":[260,260]},"_coverageSchema":"1a1c01bbd47fc00a2c39e90264f33305004495a9","hash":"60ef7b4e3d1e9118128a605661e9bcf67fb79672"}
,"C:\\Users\\swaya\\OneDrive\\Desktop\\promptWars\\smartvenue-ai\\backend\\src\\routes\\navigation.js": {"path":"C:\\Users\\swaya\\OneDrive\\Desktop\\promptWars\\smartvenue-ai\\backend\\src\\routes\\navigation.js","statementMap":{"0":{"start":{"line":14,"column":16},"end":{"line":14,"column":34}},"1":{"start":{"line":15,"column":35},"end":{"line":15,"column":63}},"2":{"start":{"line":16,"column":38},"end":{"line":16,"column":77}},"3":{"start":{"line":17,"column":30},"end":{"line":17,"column":68}},"4":{"start":{"line":18,"column":15},"end":{"line":18,"column":41}},"5":{"start":{"line":20,"column":15},"end":{"line":20,"column":31}},"6":{"start":{"line":37,"column":16},"end":{"line":37,"column":26}},"7":{"start":{"line":38,"column":16},"end":{"line":38,"column":18}},"8":{"start":{"line":41,"column":2},"end":{"line":43,"column":5}},"9":{"start":{"line":42,"column":4},"end":{"line":42,"column":24}},"10":{"start":{"line":46,"column":2},"end":{"line":75,"column":3}},"11":{"start":{"line":46,"column":15},"end":{"line":46,"column":16}},"12":{"start":{"line":47,"column":4},"end":{"line":74,"column":5}},"13":{"start":{"line":47,"column":17},"end":{"line":47,"column":22}},"14":{"start":{"line":48,"column":16},"end":{"line":48,"column":24}},"15":{"start":{"line":49,"column":16},"end":{"line":49,"column":24}},"16":{"start":{"line":52,"column":19},"end":{"line":52,"column":77}},"17":{"start":{"line":55,"column":6},"end":{"line":73,"column":7}},"18":{"start":{"line":56,"column":25},"end":{"line":56,"column":57}},"19":{"start":{"line":57,"column":25},"end":{"line":57,"column":57}},"20":{"start":{"line":61,"column":23},"end":{"line":61,"column":61}},"21":{"start":{"line":63,"column":8},"end":{"line":67,"column":10}},"22":{"start":{"line":68,"column":8},"end":{"line":72,"column":10}},"23":{"start":{"line":77,"column":2},"end":{"line":77,"column":15}},"24":{"start":{"line":97,"column":20},"end":{"line":97,"column":22}},"25":{"start":{"line":98,"column":19},"end":{"line":98,"column":21}},"26":{"start":{"line":99,"column":18},"end":{"line":99,"column":27}},"27":{"start":{"line":100,"column":16},"end":{"line":100,"column":34}},"28":{"start":{"line":103,"column":2},"end":{"line":106,"column":5}},"29":{"start":{"line":104,"column":4},"end":{"line":104,"column":28}},"30":{"start":{"line":105,"column":4},"end":{"line":105,"column":23}},"31":{"start":{"line":107,"column":2},"end":{"line":107,"column":23}},"32":{"start":{"line":110,"column":2},"end":{"line":138,"column":3}},"33":{"start":{"line":112,"column":18},"end":{"line":112,"column":22}},"34":{"start":{"line":113,"column":18},"end":{"line":113,"column":26}},"35":{"start":{"line":115,"column":4},"end":{"line":120,"column":7}},"36":{"start":{"line":116,"column":6},"end":{"line":119,"column":7}},"37":{"start":{"line":117,"column":8},"end":{"line":117,"column":31}},"38":{"start":{"line":118,"column":8},"end":{"line":118,"column":20}},"39":{"start":{"line":123,"column":4},"end":{"line":123,"column":43}},"40":{"start":{"line":123,"column":37},"end":{"line":123,"column":43}},"41":{"start":{"line":125,"column":4},"end":{"line":125,"column":25}},"42":{"start":{"line":128,"column":22},"end":{"line":128,"column":42}},"43":{"start":{"line":129,"column":4},"end":{"line":137,"column":7}},"44":{"start":{"line":130,"column":6},"end":{"line":136,"column":7}},"45":{"start":{"line":131,"column":24},"end":{"line":131,"column":56}},"46":{"start":{"line":132,"column":8},"end":{"line":135,"column":9}},"47":{"start":{"line":133,"column":10},"end":{"line":133,"column":40}},"48":{"start":{"line":134,"column":10},"end":{"line":134,"column":39}},"49":{"start":{"line":141,"column":15},"end":{"line":141,"column":17}},"50":{"start":{"line":142,"column":16},"end":{"line":142,"column":19}},"51":{"start":{"line":143,"column":2},"end":{"line":146,"column":3}},"52":{"start":{"line":144,"column":4},"end":{"line":144,"column":26}},"53":{"start":{"line":145,"column":4},"end":{"line":145,"column":32}},"54":{"start":{"line":148,"column":2},"end":{"line":152,"column":4}},"55":{"start":{"line":168,"column":20},"end":{"line":168,"column":72}},"56":{"start":{"line":168,"column":52},"end":{"line":168,"column":68}},"57":{"start":{"line":169,"column":21},"end":{"line":169,"column":94}},"58":{"start":{"line":169,"column":53},"end":{"line":169,"column":68}},"59":{"start":{"line":170,"column":2},"end":{"line":170,"column":73}},"60":{"start":{"line":186,"column":0},"end":{"line":273,"column":3}},"61":{"start":{"line":191,"column":17},"end":{"line":191,"column":38}},"62":{"start":{"line":192,"column":2},"end":{"line":195,"column":3}},"63":{"start":{"line":193,"column":4},"end":{"line":193,"column":82}},"64":{"start":{"line":194,"column":4},"end":{"line":194,"column":60}},"65":{"start":{"line":197,"column":48},"end":{"line":197,"column":56}},"66":{"start":{"line":198,"column":21},"end":{"line":198,"column":38}},"67":{"start":{"line":199,"column":16},"end":{"line":199,"column":26}},"68":{"start":{"line":202,"column":18},"end":{"line":202,"column":38}},"69":{"start":{"line":202,"column":33},"end":{"line":202,"column":37}},"70":{"start":{"line":203,"column":2},"end":{"line":206,"column":3}},"71":{"start":{"line":204,"column":4},"end":{"line":204,"column":49}},"72":{"start":{"line":205,"column":4},"end":{"line":205,"column":66}},"73":{"start":{"line":207,"column":2},"end":{"line":210,"column":3}},"74":{"start":{"line":208,"column":4},"end":{"line":208,"column":52}},"75":{"start":{"line":209,"column":4},"end":{"line":209,"column":71}},"76":{"start":{"line":212,"column":2},"end":{"line":272,"column":3}},"77":{"start":{"line":214,"column":18},"end":{"line":214,"column":40}},"78":{"start":{"line":215,"column":19},"end":{"line":215,"column":44}},"79":{"start":{"line":217,"column":4},"end":{"line":220,"column":5}},"80":{"start":{"line":218,"column":6},"end":{"line":218,"column":50}},"81":{"start":{"line":219,"column":6},"end":{"line":219,"column":83}},"82":{"start":{"line":223,"column":25},"end":{"line":235,"column":6}},"83":{"start":{"line":224,"column":19},"end":{"line":224,"column":51}},"84":{"start":{"line":224,"column":35},"end":{"line":224,"column":50}},"85":{"start":{"line":225,"column":20},"end":{"line":225,"column":38}},"86":{"start":{"line":226,"column":6},"end":{"line":234,"column":8}},"87":{"start":{"line":237,"column":22},"end":{"line":237,"column":74}},"88":{"start":{"line":237,"column":54},"end":{"line":237,"column":70}},"89":{"start":{"line":238,"column":23},"end":{"line":238,"column":96}},"90":{"start":{"line":238,"column":55},"end":{"line":238,"column":70}},"91":{"start":{"line":239,"column":18},"end":{"line":239,"column":51}},"92":{"start":{"line":241,"column":21},"end":{"line":250,"column":5}},"93":{"start":{"line":253,"column":4},"end":{"line":259,"column":7}},"94":{"start":{"line":261,"column":4},"end":{"line":266,"column":7}},"95":{"start":{"line":268,"column":4},"end":{"line":268,"column":23}},"96":{"start":{"line":270,"column":4},"end":{"line":270,"column":80}},"97":{"start":{"line":271,"column":4},"end":{"line":271,"column":65}},"98":{"start":{"line":284,"column":0},"end":{"line":304,"column":3}},"99":{"start":{"line":285,"column":2},"end":{"line":303,"column":3}},"100":{"start":{"line":286,"column":18},"end":{"line":286,"column":28}},"101":{"start":{"line":287,"column":21},"end":{"line":292,"column":7}},"102":{"start":{"line":287,"column":37},"end":{"line":292,"column":5}},"103":{"start":{"line":294,"column":4},"end":{"line":294,"column":51}},"104":{"start":{"line":295,"column":4},"end":{"line":299,"column":7}},"105":{"start":{"line":301,"column":4},"end":{"line":301,"column":66}},"106":{"start":{"line":302,"column":4},"end":{"line":302,"column":64}},"107":{"start":{"line":306,"column":0},"end":{"line":306,"column":24}}},"fnMap":{"0":{"name":"buildGraph","decl":{"start":{"line":36,"column":9},"end":{"line":36,"column":19}},"loc":{"start":{"line":36,"column":32},"end":{"line":78,"column":1}},"line":36},"1":{"name":"(anonymous_1)","decl":{"start":{"line":41,"column":16},"end":{"line":41,"column":17}},"loc":{"start":{"line":41,"column":24},"end":{"line":43,"column":3}},"line":41},"2":{"name":"dijkstra","decl":{"start":{"line":96,"column":9},"end":{"line":96,"column":17}},"loc":{"start":{"line":96,"column":37},"end":{"line":153,"column":1}},"line":96},"3":{"name":"(anonymous_3)","decl":{"start":{"line":103,"column":16},"end":{"line":103,"column":17}},"loc":{"start":{"line":103,"column":21},"end":{"line":106,"column":3}},"line":103},"4":{"name":"(anonymous_4)","decl":{"start":{"line":115,"column":18},"end":{"line":115,"column":19}},"loc":{"start":{"line":115,"column":23},"end":{"line":120,"column":5}},"line":115},"5":{"name":"(anonymous_5)","decl":{"start":{"line":129,"column":38},"end":{"line":129,"column":39}},"loc":{"start":{"line":129,"column":60},"end":{"line":137,"column":5}},"line":129},"6":{"name":"calculateRouteScore","decl":{"s
[...]
,"C:\\Users\\swaya\\OneDrive\\Desktop\\promptWars\\smartvenue-ai\\backend\\src\\utils\\sanitize.js": {"path":"C:\\Users\\swaya\\OneDrive\\Desktop\\promptWars\\smartvenue-ai\\backend\\src\\utils\\sanitize.js","statementMap":{"0":{"start":{"line":8,"column":2},"end":{"line":8,"column":42}},"1":{"start":{"line":8,"column":31},"end":{"line":8,"column":42}},"2":{"start":{"line":9,"column":2},"end":{"line":15,"column":12}},"3":{"start":{"line":20,"column":2},"end":{"line":20,"column":28}},"4":{"start":{"line":20,"column":17},"end":{"line":20,"column":28}},"5":{"start":{"line":21,"column":2},"end":{"line":21,"column":58}},"6":{"start":{"line":21,"column":31},"end":{"line":21,"column":58}},"7":{"start":{"line":22,"column":2},"end":{"line":22,"column":58}},"8":{"start":{"line":22,"column":47},"end":{"line":22,"column":58}},"9":{"start":{"line":23,"column":17},"end":{"line":23,"column":19}},"10":{"start":{"line":24,"column":2},"end":{"line":26,"column":3}},"11":{"start":{"line":25,"column":4},"end":{"line":25,"column":51}},"12":{"start":{"line":27,"column":2},"end":{"line":27,"column":16}},"13":{"start":{"line":32,"column":2},"end":{"line":34,"column":3}},"14":{"start":{"line":33,"column":4},"end":{"line":33,"column":40}},"15":{"start":{"line":35,"column":2},"end":{"line":35,"column":9}},"16":{"start":{"line":38,"column":0},"end":{"line":38,"column":66}}},"fnMap":{"0":{"name":"sanitizeString","decl":{"start":{"line":7,"column":9},"end":{"line":7,"column":23}},"loc":{"start":{"line":7,"column":29},"end":{"line":16,"column":1}},"line":7},"1":{"name":"sanitizeObject","decl":{"start":{"line":19,"column":9},"end":{"line":19,"column":23}},"loc":{"start":{"line":19,"column":40},"end":{"line":28,"column":1}},"line":19},"2":{"name":"sanitizeBody","decl":{"start":{"line":31,"column":9},"end":{"line":31,"column":21}},"loc":{"start":{"line":31,"column":38},"end":{"line":36,"column":1}},"line":31}},"branchMap":{"0":{"loc":{"start":{"line":8,"column":2},"end":{"line":8,"column":42}},"type":"if","locations":[{"start":{"line":8,"column":2},"end":{"line":8,"column":42}},{"start":{},"end":{}}],"line":8},"1":{"loc":{"start":{"line":19,"column":29},"end":{"line":19,"column":38}},"type":"default-arg","locations":[{"start":{"line":19,"column":37},"end":{"line":19,"column":38}}],"line":19},"2":{"loc":{"start":{"line":20,"column":2},"end":{"line":20,"column":28}},"type":"if","locations":[{"start":{"line":20,"column":2},"end":{"line":20,"column":28}},{"start":{},"end":{}}],"line":20},"3":{"loc":{"start":{"line":21,"column":2},"end":{"line":21,"column":58}},"type":"if","locations":[{"start":{"line":21,"column":2},"end":{"line":21,"column":58}},{"start":{},"end":{}}],"line":21},"4":{"loc":{"start":{"line":22,"column":2},"end":{"line":22,"column":58}},"type":"if","locations":[{"start":{"line":22,"column":2},"end":{"line":22,"column":58}},{"start":{},"end":{}}],"line":22},"5":{"loc":{"start":{"line":22,"column":6},"end":{"line":22,"column":45}},"type":"binary-expr","locations":[{"start":{"line":22,"column":6},"end":{"line":22,"column":29}},{"start":{"line":22,"column":33},"end":{"line":22,"column":45}}],"line":22},"6":{"loc":{"start":{"line":32,"column":2},"end":{"line":34,"column":3}},"type":"if","locations":[{"start":{"line":32,"column":2},"end":{"line":34,"column":3}},{"start":{},"end":{}}],"line":32},"7":{"loc":{"start":{"line":32,"column":6},"end":{"line":32,"column":46}},"type":"binary-expr","locations":[{"start":{"line":32,"column":6},"end":{"line":32,"column":14}},{"start":{"line":32,"column":18},"end":{"line":32,"column":46}}],"line":32}},"s":{"0":190,"1":0,"2":190,"3":771,"4":0,"5":771,"6":190,"7":581,"8":1,"9":580,"10":580,"11":191,"12":580,"13":580,"14":580,"15":580,"16":6},"f":{"0":190,"1":771,"2":580},"b":{"0":[0,190],"1":[580],"2":[0,771],"3":[190,581],"4":[1,580],"5":[581,581],"6":[580,0],"7":[580,580]},"_coverageSchema":"1a1c01bbd47fc00a2c39e90264f33305004495a9","hash":"658870cfac0264f0d92d7c2c8891e88de0c44056"}
,"C:\\Users\\swaya\\OneDrive\\Desktop\\promptWars\\smartvenue-ai\\backend\\src\\websocket\\wsServer.js": {"path":"C:\\Users\\swaya\\OneDrive\\Desktop\\promptWars\\smartvenue-ai\\backend\\src\\websocket\\wsServer.js","statementMap":{"0":{"start":{"line":15,"column":18},"end":{"line":15,"column":31}},"1":{"start":{"line":16,"column":58},"end":{"line":16,"column":96}},"2":{"start":{"line":17,"column":15},"end":{"line":17,"column":41}},"3":{"start":{"line":19,"column":10},"end":{"line":19,"column":14}},"4":{"start":{"line":20,"column":16},"end":{"line":20,"column":25}},"5":{"start":{"line":21,"column":22},"end":{"line":21,"column":31}},"6":{"start":{"line":35,"column":2},"end":{"line":35,"column":54}},"7":{"start":{"line":38,"column":23},"end":{"line":46,"column":11}},"8":{"start":{"line":39,"column":4},"end":{"line":45,"column":7}},"9":{"start":{"line":40,"column":6},"end":{"line":44,"column":7}},"10":{"start":{"line":41,"column":8},"end":{"line":41,"column":18}},"11":{"start":{"line":42,"column":13},"end":{"line":44,"column":7}},"12":{"start":{"line":43,"column":8},"end":{"line":43,"column":27}},"13":{"start":{"line":48,"column":2},"end":{"line":51,"column":5}},"14":{"start":{"line":49,"column":4},"end":{"line":49,"column":32}},"15":{"start":{"line":50,"column":4},"end":{"line":50,"column":43}},"16":{"start":{"line":53,"column":2},"end":{"line":55,"column":5}},"17":{"start":{"line":54,"column":4},"end":{"line":54,"column":33}},"18":{"start":{"line":57,"column":2},"end":{"line":57,"column":53}},"19":{"start":{"line":74,"column":19},"end":{"line":74,"column":77}},"20":{"start":{"line":76,"column":2},"end":{"line":76,"column":18}},"21":{"start":{"line":77,"column":2},"end":{"line":77,"column":20}},"22":{"start":{"line":78,"column":2},"end":{"line":78,"column":35}},"23":{"start":{"line":80,"column":2},"end":{"line":84,"column":5}},"24":{"start":{"line":87,"column":30},"end":{"line":87,"column":69}},"25":{"start":{"line":88,"column":23},"end":{"line":88,"column":40}},"26":{"start":{"line":90,"column":2},"end":{"line":95,"column":5}},"27":{"start":{"line":98,"column":2},"end":{"line":101,"column":5}},"28":{"start":{"line":104,"column":2},"end":{"line":106,"column":5}},"29":{"start":{"line":105,"column":4},"end":{"line":105,"column":22}},"30":{"start":{"line":109,"column":2},"end":{"line":123,"column":5}},"31":{"start":{"line":110,"column":4},"end":{"line":122,"column":5}},"32":{"start":{"line":111,"column":18},"end":{"line":111,"column":37}},"33":{"start":{"line":112,"column":6},"end":{"line":112,"column":35}},"34":{"start":{"line":114,"column":6},"end":{"line":117,"column":9}},"35":{"start":{"line":118,"column":6},"end":{"line":121,"column":9}},"36":{"start":{"line":126,"column":2},"end":{"line":139,"column":5}},"37":{"start":{"line":127,"column":4},"end":{"line":127,"column":23}},"38":{"start":{"line":128,"column":4},"end":{"line":128,"column":38}},"39":{"start":{"line":130,"column":4},"end":{"line":133,"column":7}},"40":{"start":{"line":135,"column":4},"end":{"line":138,"column":7}},"41":{"start":{"line":142,"column":2},"end":{"line":149,"column":5}},"42":{"start":{"line":143,"column":4},"end":{"line":146,"column":7}},"43":{"start":{"line":147,"column":4},"end":{"line":147,"column":23}},"44":{"start":{"line":148,"column":4},"end":{"line":148,"column":38}},"45":{"start":{"line":167,"column":2},"end":{"line":170,"column":5}},"46":{"start":{"line":172,"column":2},"end":{"line":225,"column":3}},"47":{"start":{"line":174,"column":6},"end":{"line":177,"column":9}},"48":{"start":{"line":178,"column":6},"end":{"line":178,"column":12}},"49":{"start":{"line":181,"column":6},"end":{"line":196,"column":7}},"50":{"start":{"line":182,"column":8},"end":{"line":184,"column":9}},"51":{"start":{"line":183,"column":10},"end":{"line":183,"column":52}},"52":{"start":{"line":185,"column":8},"end":{"line":185,"column":55}},"53":{"start":{"line":187,"column":8},"end":{"line":190,"column":11}},"54":{"start":{"line":192,"column":8},"end":{"line":195,"column":11}},"55":{"start":{"line":197,"column":6},"end":{"line":197,"column":12}},"56":{"start":{"line":200,"column":6},"end":{"line":207,"column":7}},"57":{"start":{"line":201,"column":8},"end":{"line":201,"column":58}},"58":{"start":{"line":203,"column":8},"end":{"line":206,"column":11}},"59":{"start":{"line":208,"column":6},"end":{"line":208,"column":12}},"60":{"start":{"line":211,"column":34},"end":{"line":211,"column":73}},"61":{"start":{"line":212,"column":6},"end":{"line":216,"column":9}},"62":{"start":{"line":217,"column":6},"end":{"line":217,"column":12}},"63":{"start":{"line":220,"column":6},"end":{"line":223,"column":9}},"64":{"start":{"line":224,"column":6},"end":{"line":224,"column":12}},"65":{"start":{"line":236,"column":2},"end":{"line":244,"column":3}},"66":{"start":{"line":237,"column":4},"end":{"line":243,"column":5}},"67":{"start":{"line":238,"column":6},"end":{"line":238,"column":36}},"68":{"start":{"line":239,"column":6},"end":{"line":239,"column":18}},"69":{"start":{"line":241,"column":6},"end":{"line":241,"column":73}},"70":{"start":{"line":242,"column":6},"end":{"line":242,"column":19}},"71":{"start":{"line":245,"column":2},"end":{"line":245,"column":15}},"72":{"start":{"line":259,"column":2},"end":{"line":262,"column":3}},"73":{"start":{"line":260,"column":4},"end":{"line":260,"column":52}},"74":{"start":{"line":261,"column":4},"end":{"line":261,"column":13}},"75":{"start":{"line":264,"column":18},"end":{"line":264,"column":38}},"76":{"start":{"line":265,"column":21},"end":{"line":265,"column":22}},"77":{"start":{"line":267,"column":2},"end":{"line":279,"column":5}},"78":{"start":{"line":268,"column":4},"end":{"line":278,"column":5}},"79":{"start":{"line":269,"column":6},"end":{"line":277,"column":7}},"80":{"start":{"line":270,"column":8},"end":{"line":270,"column":29}},"81":{"start":{"line":271,"column":8},"end":{"line":271,"column":23}},"82":{"start":{"line":273,"column":8},"end":{"line":276,"column":11}},"83":{"start":{"line":282,"column":2},"end":{"line":290,"column":3}},"84":{"start":{"line":283,"column":4},"end":{"line":289,"column":5}},"85":{"start":{"line":284,"column":6},"end":{"line":284,"column":38}},"86":{"start":{"line":286,"column":6},"end":{"line":288,"column":9}},"87":{"start":{"line":292,"column":2},"end":{"line":295,"column":5}},"88":{"start":{"line":297,"column":2},"end":{"line":297,"column":22}},"89":{"start":{"line":312,"column":15},"end":{"line":316,"column":3}},"90":{"start":{"line":319,"column":2},"end":{"line":331,"column":3}},"91":{"start":{"line":320,"column":20},"end":{"line":320,"column":43}},"92":{"start":{"line":321,"column":4},"end":{"line":321,"column":27}},"93":{"start":{"line":323,"column":4},"end":{"line":326,"column":7}},"94":{"start":{"line":328,"column":4},"end":{"line":330,"column":7}},"95":{"start":{"line":334,"column":25},"end":{"line":334,"column":46}},"96":{"start":{"line":337,"column":2},"end":{"line":341,"column":5}},"97":{"start":{"line":343,"column":2},"end":{"line":343,"column":24}},"98":{"start":{"line":352,"column":2},"end":{"line":352,"column":75}},"99":{"start":{"line":361,"column":2},"end":{"line":365,"column":4}},"100":{"start":{"line":368,"column":0},"end":{"line":373,"column":2}}},"fnMap":{"0":{"name":"initWebSocket","decl":{"start":{"line":34,"column":9},"end":{"line":34,"column":22}},"loc":{"start":{"line":34,"column":31},"end":{"line":58,"column":1}},"line":34},"1":{"name":"(anonymous_1)","decl":{"start":{"line":38,"column":35},"end":{"line":38,"column":36}},"loc":{"start":{"line":38,"column":41},"end":{"line":46,"column":3}},"line":38},"2":{"name":"(anonymous_2)","decl":{"start":{"line":39,"column":20},"end":{"line":39,"column":21}},"loc":{"start":{"line":39,"column":26},"end":{"line":45,"column":5}},"line":39},"3":{"name":"(anonymous_3)","decl":{"start":{"line":48,"column":18},"end":{"line":48,"column":19}},"loc":{"start":{"line":48,"column":24},"end":{"line":51,"column":3}},"line":48},"4":{"name":"(anonymous_4)","decl":{"start":{"line":53,"column":23},"end":{"line":53,"column":24}},"loc":{"start":{"line":53,"column":36},"end":{"line":55,"column":3}},"line":53},"5":{"name":"handleNewConnection","decl":{"start":{"line":73,"column":9},"end":{"line":73,"column":28}},"loc":{"start":{"line":73,"column":38},"end":{"line":150,"column":1}},"line":73},"6":{"name":"(anonymous_6)","decl":{"start":{"line":104,"column":16},"end":{"line":104,"column":17}},"loc":{"start":{"line":104,"column":22},"end":{"line":106,"column":3}},"line":104},"7":{"name":"(anonymous_7)","decl":{"start":{"line":109,"column":19},"end":{"line":109,"column":20}},"loc":{"start":{"line":109,"column":32},"end":{"line":123,"column":3}},"line":109},"8":{"name":"(anonymous_8)","decl":{"start":{"line":126,"column":17},"end":{"line":126,"column":18}},"loc":{"start":{"line":126,"column":23},"end":{"line":139,"column":3}},"line":126},"9":{"name":"(anonymous_9)","decl":{"start":{"line":142,"column":17},"end":{"line":142,"column":18}},"loc":{"start":{"line":142,"column":28},"end":{"line":149,"column":3}},"line":142},"10":{"name":"handleClientMessage","decl":{"start":{"line":166,"column":9},"end":{"line":166,"column":28}},"loc":{"start":{"line":166,"column":38},"end":{"line":226,"column":1}},"line":166},"11":{"name":"sendToClient","decl":{"start":{"line":235,"column":9},"end":{"line":235,"column":21}},"loc":{"start":{"line":235,"column":32},"end":{"line":246,"column":1}},"line":235},"12":{"name":"broadcast","decl":{"start":{"line":258,"column":15},"end":{"line":258,"column":24}},"loc":{"start":{"line":258,"column":31},"end":{"line":298,"column":1}},"line":258},"13":{"name":"(anonymous_13)","decl":{"start":{"line":267,"column":18},"end":{"line":267,"column":19}},"loc":{"start":{"line":267,"column":28},"end":{"line":279,"column":3}},"line":267},"14":{"name":"broadcastAlert","decl":{"start":{"line":311,"column":15},"end":{"line":311,"column":29}},"loc":{"start":{"line":311,"column":37},"end":{"line":344,"column":1}},"line":311},"15":{"name":"generateClientId","decl":{"start":{"line":351,"column":9},"end":{"line":351,"column":25}},"loc":{"start":{"line":351,"column":28},"end":{"line":353,"column":1}},"line":351},"16":{"name":"getStats","decl":{"start":{"line":360,"column":9},"end":{"line":360,"column":17}},"loc":{"start":{"line":360,"column":20},"end":{"line":366,"column":1}},"line":360}},"branchMap":{"0":{"loc":{"start":{"line":40,"column":6},"end":{"line":44,"column":7}},"type":"if","locations":[{"start":{"line":40,"column":6},"end":{"line":44,"column":7}},{"start":{"line":42,"column":13},"end":{"line":44,"column":7}}],"line":40},"1":{"loc":{"start":{"line":42,"column":13},"end":{"line":44,"column":7}},"type":"if","locations":[{"start":{"line":42,"column":13},"end":{"line":44,"column":7}},{"start":{},"end":{}}],"line":42},"2":{"loc":{"start":{"line":74,"column":19},"end":{"line":74,"column":77}},"type":"binary-expr","locations":[{"start":{"line":74,"column":19},"end":{"line":74,"column":49}},{"start":{"line":74,"column":53},"end":{"line":74,"column":77}}],"line":74},"3":{"loc":{"start":{"line":172,"column":2},"end":{"line":225,"column":3}},"type":"switch","locations":[{"start":{"line":173,"column":4},"end":{"line":178,"column":12}},{"start":{"line":180,"column":4},"end":{"line":197,"column":12}},{"start":{"line":199,"column":4},"end":{"line":208,"column":12}},{"start":{"line":210,"column":4},"end":{"line":217,"column":12}},{"start":{"line":219,"column":4},"end":{"line":224,"column":12}}],"line":172},"4":{"loc":{"start":{"line":181,"column":6},"end":{"line":196,"column":7}},"type":"if","locations":[{"start":{"line":181,"column":6},"end":{"line":196,"column":7}},{"start":{},"end":{}}],"line":181},"5":{"loc":{"start":{"line":182,"column":8},"end":{"line":184,"column":9}},"type":"if","locations":[{"start":{"line":182,"column":8},"end":{"line":184,"column":9}},{"start":{},"end":{}}],"line":182},"6":{"loc":{"start":{"line":200,"column":6},"end":{"line":207,"column":7}},"type":"if","locations":[{"start":{"line":200,"column":6},"end":{"line":207,"column":7}},{"start":{},"end":{}}],"line":200},"7":{"loc":{"start":{"line":200,"column":10},"end":{"line":200,"column":54}},"type":"binary-expr","locations":[{"start":{"line":200,"column":10},"end":{"line":200,"column":20}},{"start":{"line":200,"column":24},"end":{"line":200,"column":54}}],"line":200},"8":{"loc":{"start":{"line":236,"column":2},"end":{"line":244,"column":3}},"type":"if","locations":[{"start":{"line":236,"column":2},"end":{"line":244,"column":3}},{"start":{},"end":{}}],"line":236},"9":{"loc":{"start":{"line":259,"column":2},"end":{"line":262,"column":3}},"type":"if","locations":[{"start":{"line":259,"column":2},"end":{"line":262,"column":3}},{"start":{},"end":{}}],"line":259},"10":{"loc":{"start":{"line":268,"column":4},"end":{"line":278,"column":5}},"type":"if","locations":[{"start":{"line":268,"column":4},"end":{"line":278,"column":5}},{"start":{},"end":{}}],"line":268},"11":{"loc":{"start":{"line":282,"column":2},"end":{"line":290,"column":3}},"type":"if","locations":[{"start":{"line":282,"column":2},"end":{"line":290,"column":3}},{"start":{},"end":{}}],"line":282},"12":{"loc":{"start":{"line":282,"column":6},"end":{"line":282,"column":47}},"type":"binary-expr","locations":[{"start":{"line":282,"column":6},"end":{"line":282,"column":34}},{"start":{"line":282,"column":38},"end":{"line":282,"column":47}}],"line":282}},"s":{"0":17,"1":17,"2":17,"3":17,"4":17,"5":17,"6":0,"7":0,"8":0,"9":0,"10":0,"11":0,"12":0,"13":0,"14":0,"15":0,"16":0,"17":0,"18":0,"19":0,"20":0,"21":0,"22":0,"23":0,"24":0,"25":0,"26":0,"27":0,"28":0,"29":0,"30":0,"31":0,"32":0,"33":0,"34":0,"35":0,"36":0,"37":0,"38":0,"39":0,"40":0,"41":0,"42":0,"43":0,"44":0,"45":0,"46":0,"47":0,"48":0,"49":0,"50":0,"51":0,"52":0,"53":0,"54":0,"55":0,"56":0,"57":0,"58":0,"59":0,"60":0,"61":0,"62":0,"63":0,"64":0,"65":0,"66":0,"67":0,"68":0,"69":0,"70":0,"71":0,"72":118,"73":118,"74":118,"75":0,"76":0,"77":0,"78":0,"79":0,"80":0,"81":0,"82":0,"83":0,"84":0,"85":0,"86":0,"87":0,"88":0,"89":5,"90":5,"91":5,"92":5,"93":5,"94":0,"95":5,"96":5,"97":5,"98":0,"99":0,"100":17},"f":{"0":0,"1":0,"2":0,"3":0,"4":0,"5":0,"6":0,"7":0,"8":0,"9":0,"10":0,"11":0,"12":118,"13":0,"14":5,"15":0,"16":0},"b":{"0":[0,0],"1":[0,0],"2":[0,0],"3":[0,0,0,0,0],"4":[0,0],"5":[0,0],"6":[0,0],"7":[0,0],"8":[0,0],"9":[118,0],"10":[0,0],"11":[0,0],"12":[0,0]},"_coverageSchema":"1a1c01bbd47fc00a2c39e90264f33305004495a9","hash":"0d25d0730a45ae6c8f991cdf47148bd058cd7cb2"}
}
