TN:
SF:src\app.js
FN:65,(anonymous_0)
FN:111,(anonymous_1)
FN:118,(anonymous_2)
FN:134,(anonymous_3)
FN:139,(anonymous_4)
FNF:5
FNH:0
FNDA:0,(anonymous_0)
FNDA:0,(anonymous_1)
FNDA:0,(anonymous_2)
FNDA:0,(anonymous_3)
FNDA:0,(anonymous_4)
DA:1,0
DA:2,0
DA:3,0
DA:4,0
DA:5,0
DA:6,0
DA:7,0
DA:8,0
DA:9,0
DA:10,0
DA:11,0
DA:13,0
DA:14,0
DA:15,0
DA:16,0
DA:17,0
DA:18,0
DA:19,0
DA:20,0
DA:22,0
DA:25,0
DA:28,0
DA:31,0
DA:34,0
DA:58,0
DA:64,0
DA:66,0
DA:67,0
DA:69,0
DA:70,0
DA:73,0
DA:74,0
DA:76,0
DA:82,0
DA:90,0
DA:96,0
DA:97,0
DA:100,0
DA:103,0
DA:104,0
DA:107,0
DA:110,0
DA:111,0
DA:112,0
DA:113,0
DA:118,0
DA:119,0
DA:120,0
DA:124,0
DA:125,0
DA:126,0
DA:127,0
DA:128,0
DA:129,0
DA:130,0
DA:131,0
DA:134,0
DA:135,0
DA:139,0
DA:140,0
DA:142,0
DA:151,0
DA:158,0
LF:63
LH:0
BRDA:66,0,0,0
BRDA:66,0,1,0
BRDA:67,1,0,0
BRDA:67,1,1,0
BRDA:69,2,0,0
BRDA:69,2,1,0
BRDA:69,3,0,0
BRDA:69,3,1,0
BRDA:73,4,0,0
BRDA:73,4,1,0
BRDA:110,5,0,0
BRDA:110,5,1,0
BRDA:140,6,0,0
BRDA:140,6,1,0
BRDA:145,7,0,0
BRDA:145,7,1,0
BRDA:151,8,0,0
BRDA:151,8,1,0
BRDA:152,9,0,0
BRDA:152,9,1,0
BRDA:154,10,0,0
BRDA:154,10,1,0
BRF:22
BRH:0
end_of_record
TN:
SF:src\config\firebaseAdmin.js
FN:11,initFirebaseAdmin
FN:59,pushCrowdToFirebase
FN:62,(anonymous_2)
FN:77,(anonymous_3)
FN:80,pushAlertToFirebase
FN:82,(anonymous_5)
FN:85,verifyFirebaseToken
FN:99,(anonymous_7)
FNF:8
FNH:3
FNDA:4,initFirebaseAdmin
FNDA:3,pushCrowdToFirebase
FNDA:0,(anonymous_2)
FNDA:0,(anonymous_3)
FNDA:2,pushAlertToFirebase
FNDA:0,(anonymous_5)
FNDA:0,verifyFirebaseToken
FNDA:0,(anonymous_7)
DA:6,4
DA:8,4
DA:9,4
DA:12,4
DA:14,4
DA:15,4
DA:17,4
DA:18,4
DA:19,4
DA:22,0
DA:23,0
DA:24,0
DA:26,0
DA:28,0
DA:29,0
DA:33,0
DA:35,0
DA:43,0
DA:44,0
DA:45,0
DA:49,0
DA:50,0
DA:51,0
DA:53,0
DA:57,4
DA:60,3
DA:61,0
DA:62,0
DA:63,0
DA:77,0
DA:81,2
DA:82,0
DA:86,0
DA:87,0
DA:88,0
DA:90,0
DA:94,4
DA:99,0
LF:38
LH:13
BRDA:12,0,0,0
BRDA:12,0,1,4
BRDA:17,1,0,4
BRDA:17,1,1,0
BRDA:17,2,0,4
BRDA:17,2,1,0
BRDA:23,3,0,0
BRDA:23,3,1,0
BRDA:26,4,0,0
BRDA:26,4,1,0
BRDA:33,5,0,0
BRDA:33,5,1,0
BRDA:60,6,0,3
BRDA:60,6,1,0
BRDA:73,7,0,0
BRDA:73,7,1,0
BRDA:74,8,0,0
BRDA:74,8,1,0
BRDA:81,9,0,2
BRDA:81,9,1,0
BRDA:86,10,0,0
BRDA:86,10,1,0
BRF:22
BRH:5
end_of_record
TN:
SF:src\middleware\auth.js
FN:31,(anonymous_0)
FN:123,(anonymous_1)
FN:156,(anonymous_2)
FNF:3
FNH:3
FNDA:4,(anonymous_0)
FNDA:2,(anonymous_1)
FNDA:3,(anonymous_2)
DA:14,1
DA:15,1
DA:31,1
DA:32,4
DA:35,4
DA:36,1
DA:40,1
DA:47,3
DA:48,3
DA:49,0
DA:50,0
DA:56,3
DA:59,3
DA:60,0
DA:61,0
DA:67,3
DA:69,3
DA:75,1
DA:76,0
DA:80,1
DA:87,1
DA:92,1
DA:95,2
DA:102,2
DA:123,1
DA:124,2
DA:125,0
DA:126,0
DA:132,2
DA:133,1
DA:138,1
DA:144,1
DA:156,1
DA:157,3
DA:158,0
DA:164,3
DA:165,3
DA:166,1
DA:171,1
DA:177,2
DA:180,1
LF:41
LH:33
BRDA:35,0,0,1
BRDA:35,0,1,3
BRDA:35,1,0,4
BRDA:35,1,1,3
BRDA:48,2,0,0
BRDA:48,2,1,3
BRDA:59,3,0,0
BRDA:59,3,1,3
BRDA:59,4,0,3
BRDA:59,4,1,3
BRDA:75,5,0,0
BRDA:75,5,1,1
BRDA:75,6,0,1
BRDA:75,6,1,1
BRDA:124,7,0,0
BRDA:124,7,1,2
BRDA:132,8,0,1
BRDA:132,8,1,1
BRDA:157,9,0,0
BRDA:157,9,1,3
BRDA:165,10,0,1
BRDA:165,10,1,2
BRF:22
BRH:17
end_of_record
TN:
SF:src\middleware\csrfProtection.js
FN:18,generateCsrfToken
FN:41,validateCsrfToken
FNF:2
FNH:0
FNDA:0,generateCsrfToken
FNDA:0,validateCsrfToken
DA:8,0
DA:9,0
DA:19,0
DA:20,0
DA:21,0
DA:27,0
DA:29,0
DA:31,0
DA:43,0
DA:44,0
DA:47,0
DA:48,0
DA:50,0
DA:51,0
DA:56,0
DA:62,0
DA:65,0
LF:17
LH:0
BRDA:19,0,0,0
BRDA:19,0,1,0
BRDA:19,1,0,0
BRDA:19,1,1,0
BRDA:43,2,0,0
BRDA:43,2,1,0
BRDA:50,3,0,0
BRDA:50,3,1,0
BRDA:50,4,0,0
BRDA:50,4,1,0
BRDA:50,4,2,0
BRF:11
BRH:0
end_of_record
TN:
SF:src\middleware\rateLimiter.js
FN:16,(anonymous_0)
FN:35,createRateLimiter
FN:40,(anonymous_2)
FN:43,(anonymous_3)
FNF:4
FNH:0
FNDA:0,(anonymous_0)
FNDA:0,createRateLimiter
FNDA:0,(anonymous_2)
FNDA:0,(anonymous_3)
DA:8,0
DA:11,0
DA:16,0
DA:17,0
DA:18,0
DA:19,0
DA:20,0
DA:40,0
DA:41,0
DA:43,0
DA:44,0
DA:45,0
DA:47,0
DA:49,0
DA:50,0
DA:54,0
DA:57,0
DA:59,0
DA:60,0
DA:62,0
DA:63,0
DA:64,0
DA:66,0
DA:67,0
DA:74,0
DA:81,0
DA:85,0
LF:27
LH:0
BRDA:19,0,0,0
BRDA:19,0,1,0
BRDA:35,1,0,0
BRDA:37,2,0,0
BRDA:38,3,0,0
BRDA:39,4,0,0
BRDA:40,5,0,0
BRDA:49,6,0,0
BRDA:49,6,1,0
BRDA:49,7,0,0
BRDA:49,7,1,0
BRDA:66,8,0,0
BRDA:66,8,1,0
BRF:13
BRH:0
end_of_record
TN:
SF:src\middleware\requestId.js
FN:16,requestId
FNF:1
FNH:0
FNDA:0,requestId
DA:17,0
DA:18,0
DA:19,0
DA:22,0
LF:4
LH:0
BRDA:17,0,0,0
BRDA:17,0,1,0
BRF:2
BRH:0
end_of_record
TN:
SF:src\routes\alerts.js
FN:56,checkAutoAlerts
FN:60,(anonymous_1)
FN:110,(anonymous_2)
FN:113,(anonymous_3)
FN:119,(anonymous_4)
FN:157,(anonymous_5)
FN:210,(anonymous_6)
FN:212,(anonymous_7)
FN:259,(anonymous_8)
FNF:9
FNH:0
FNDA:0,checkAutoAlerts
FNDA:0,(anonymous_1)
FNDA:0,(anonymous_2)
FNDA:0,(anonymous_3)
FNDA:0,(anonymous_4)
FNDA:0,(anonymous_5)
FNDA:0,(anonymous_6)
FNDA:0,(anonymous_7)
FNDA:0,(anonymous_8)
DA:14,0
DA:15,0
DA:16,0
DA:17,0
DA:18,0
DA:19,0
DA:20,0
DA:21,0
DA:23,0
DA:29,0
DA:35,0
DA:57,0
DA:58,0
DA:60,0
DA:61,0
DA:62,0
DA:73,0
DA:74,0
DA:89,0
DA:90,0
DA:110,0
DA:111,0
DA:112,0
DA:113,0
DA:116,0
DA:119,0
DA:122,0
DA:124,0
DA:126,0
DA:127,0
DA:153,0
DA:158,0
DA:159,0
DA:160,0
DA:161,0
DA:162,0
DA:165,0
DA:174,0
DA:175,0
DA:176,0
DA:179,0
DA:185,0
DA:187,0
DA:193,0
DA:194,0
DA:210,0
DA:211,0
DA:212,0
DA:214,0
DA:215,0
DA:216,0
DA:219,0
DA:220,0
DA:221,0
DA:224,0
DA:230,0
DA:232,0
DA:237,0
DA:238,0
DA:259,0
DA:260,0
DA:261,0
DA:274,0
DA:275,0
DA:276,0
DA:279,0
DA:285,0
DA:287,0
DA:292,0
DA:293,0
DA:297,0
LF:71
LH:0
BRDA:61,0,0,0
BRDA:61,0,1,0
BRDA:73,1,0,0
BRDA:73,1,1,0
BRDA:160,2,0,0
BRDA:160,2,1,0
BRDA:214,3,0,0
BRDA:214,3,1,0
BRDA:265,4,0,0
BRDA:265,4,1,0
BRF:10
BRH:0
end_of_record
TN:
SF:src\routes\analytics.js
FN:37,generateHistoricalData
FN:90,(anonymous_1)
FN:96,(anonymous_2)
FN:100,(anonymous_3)
FN:101,(anonymous_4)
FN:102,(anonymous_5)
FN:103,(anonymous_6)
FN:107,(anonymous_7)
FN:113,(anonymous_8)
FN:163,(anonymous_9)
FNF:10
FNH:0
FNDA:0,generateHistoricalData
FNDA:0,(anonymous_1)
FNDA:0,(anonymous_2)
FNDA:0,(anonymous_3)
FNDA:0,(anonymous_4)
FNDA:0,(anonymous_5)
FNDA:0,(anonymous_6)
FNDA:0,(anonymous_7)
FNDA:0,(anonymous_8)
FNDA:0,(anonymous_9)
DA:11,0
DA:12,0
DA:13,0
DA:14,0
DA:15,0
DA:17,0
DA:38,0
DA:39,0
DA:41,0
DA:42,0
DA:43,0
DA:46,0
DA:53,0
DA:62,0
DA:90,0
DA:91,0
DA:92,0
DA:93,0
DA:95,0
DA:96,0
DA:98,0
DA:100,0
DA:101,0
DA:102,0
DA:103,0
DA:107,0
DA:113,0
DA:118,0
DA:125,0
DA:127,0
DA:132,0
DA:133,0
DA:163,0
DA:164,0
DA:165,0
DA:166,0
DA:169,0
DA:174,0
DA:175,0
DA:177,0
DA:179,0
DA:180,0
DA:184,0
LF:43
LH:0
BRDA:37,0,0,0
BRDA:46,1,0,0
BRDA:46,1,1,0
BRDA:47,2,0,0
BRDA:47,2,1,0
BRDA:48,3,0,0
BRDA:48,3,1,0
BRDA:49,4,0,0
BRDA:49,4,1,0
BRDA:50,5,0,0
BRDA:50,5,1,0
BRDA:51,6,0,0
BRDA:51,6,1,0
BRDA:58,7,0,0
BRDA:58,7,1,0
BRDA:96,8,0,0
BRDA:96,8,1,0
BRDA:100,9,0,0
BRDA:100,9,1,0
BRDA:103,10,0,0
BRDA:103,10,1,0
BRDA:165,11,0,0
BRDA:165,11,1,0
BRF:23
BRH:0
end_of_record
TN:
SF:src\routes\auth.js
FN:90,(anonymous_0)
FN:105,(anonymous_1)
FN:190,(anonymous_2)
FN:223,(anonymous_3)
FNF:4
FNH:0
FNDA:0,(anonymous_0)
FNDA:0,(anonymous_1)
FNDA:0,(anonymous_2)
FNDA:0,(anonymous_3)
DA:13,0
DA:14,0
DA:15,0
DA:16,0
DA:17,0
DA:18,0
DA:19,0
DA:21,0
DA:29,0
DA:31,0
DA:53,0
DA:54,0
DA:87,0
DA:91,0
DA:92,0
DA:93,0
DA:94,0
DA:95,0
DA:98,0
DA:99,0
DA:100,0
DA:101,0
DA:104,0
DA:105,0
DA:108,0
DA:109,0
DA:110,0
DA:113,0
DA:119,0
DA:123,0
DA:124,0
DA:125,0
DA:127,0
DA:128,0
DA:131,0
DA:137,0
DA:140,0
DA:147,0
DA:154,0
DA:159,0
DA:165,0
DA:166,0
DA:190,0
DA:191,0
DA:193,0
DA:199,0
DA:201,0
DA:203,0
DA:204,0
DA:223,0
DA:224,0
DA:226,0
DA:233,0
DA:235,0
DA:237,0
DA:238,0
DA:242,0
LF:57
LH:0
BRDA:93,0,0,0
BRDA:93,0,1,0
BRDA:99,1,0,0
BRDA:99,1,1,0
BRDA:108,2,0,0
BRDA:108,2,1,0
BRDA:127,3,0,0
BRDA:127,3,1,0
BRDA:127,4,0,0
BRDA:127,4,1,0
BRDA:143,5,0,0
BRDA:143,5,1,0
BRF:12
BRH:0
end_of_record
TN:
SF:src\routes\chat.js
FN:31,isGeminiRateLimited
FN:33,(anonymous_1)
FN:53,getRuleBasedResponse
FN:59,(anonymous_3)
FN:60,(anonymous_4)
FN:67,(anonymous_5)
FN:68,(anonymous_6)
FN:75,(anonymous_7)
FN:76,(anonymous_8)
FN:82,(anonymous_9)
FN:82,(anonymous_10)
FN:127,getAIResponse
FN:194,(anonymous_12)
FN:208,(anonymous_13)
FN:208,(anonymous_14)
FN:209,(anonymous_15)
FN:209,(anonymous_16)
FN:210,(anonymous_17)
FN:210,(anonymous_18)
FN:211,(anonymous_19)
FN:211,(anonymous_20)
FN:212,(anonymous_21)
FN:212,(anonymous_22)
FNF:23
FNH:0
FNDA:0,isGeminiRateLimited
FNDA:0,(anonymous_1)
FNDA:0,getRuleBasedResponse
FNDA:0,(anonymous_3)
FNDA:0,(anonymous_4)
FNDA:0,(anonymous_5)
FNDA:0,(anonymous_6)
FNDA:0,(anonymous_7)
FNDA:0,(anonymous_8)
FNDA:0,(anonymous_9)
FNDA:0,(anonymous_10)
FNDA:0,getAIResponse
FNDA:0,(anonymous_12)
FNDA:0,(anonymous_13)
FNDA:0,(anonymous_14)
FNDA:0,(anonymous_15)
FNDA:0,(anonymous_16)
FNDA:0,(anonymous_17)
FNDA:0,(anonymous_18)
FNDA:0,(anonymous_19)
FNDA:0,(anonymous_20)
FNDA:0,(anonymous_21)
FNDA:0,(anonymous_22)
DA:11,0
DA:12,0
DA:13,0
DA:14,0
DA:15,0
DA:17,0
DA:23,0
DA:32,0
DA:33,0
DA:34,0
DA:35,0
DA:36,0
DA:37,0
DA:38,0
DA:54,0
DA:56,0
DA:57,0
DA:58,0
DA:59,0
DA:60,0
DA:61,0
DA:64,0
DA:65,0
DA:66,0
DA:67,0
DA:68,0
DA:69,0
DA:72,0
DA:73,0
DA:74,0
DA:75,0
DA:76,0
DA:77,0
DA:80,0
DA:81,0
DA:82,0
DA:83,0
DA:84,0
DA:86,0
DA:89,0
DA:90,0
DA:91,0
DA:92,0
DA:93,0
DA:96,0
DA:97,0
DA:98,0
DA:101,0
DA:102,0
DA:105,0
DA:106,0
DA:109,0
DA:128,0
DA:129,0
DA:130,0
DA:132,0
DA:133,0
DA:160,0
DA:161,0
DA:162,0
DA:164,0
DA:192,0
DA:195,0
DA:196,0
DA:197,0
DA:198,0
DA:199,0
DA:202,0
DA:203,0
DA:205,0
DA:206,0
DA:208,0
DA:209,0
DA:210,0
DA:211,0
DA:212,0
DA:215,0
DA:216,0
DA:218,0
DA:219,0
DA:223,0
DA:232,0
DA:234,0
DA:240,0
DA:241,0
DA:250,0
LF:86
LH:0
BRDA:36,0,0,0
BRDA:36,0,1,0
BRDA:56,1,0,0
BRDA:56,1,1,0
BRDA:56,2,0,0
BRDA:56,2,1,0
BRDA:56,2,2,0
BRDA:56,2,3,0
BRDA:64,3,0,0
BRDA:64,3,1,0
BRDA:64,4,0,0
BRDA:64,4,1,0
BRDA:64,4,2,0
BRDA:72,5,0,0
BRDA:72,5,1,0
BRDA:72,6,0,0
BRDA:72,6,1,0
BRDA:72,6,2,0
BRDA:72,6,3,0
BRDA:80,7,0,0
BRDA:80,7,1,0
BRDA:80,8,0,0
BRDA:80,8,1,0
BRDA:80,8,2,0
BRDA:83,9,0,0
BRDA:83,9,1,0
BRDA:89,10,0,0
BRDA:89,10,1,0
BRDA:89,11,0,0
BRDA:89,11,1,0
BRDA:92,12,0,0
BRDA:92,12,1,0
BRDA:96,13,0,0
BRDA:96,13,1,0
BRDA:96,14,0,0
BRDA:96,14,1,0
BRDA:101,15,0,0
BRDA:101,15,1,0
BRDA:101,16,0,0
BRDA:101,16,1,0
BRDA:101,16,2,0
BRDA:101,16,3,0
BRDA:102,17,0,0
BRDA:102,17,1,0
BRDA:105,18,0,0
BRDA:105,18,1,0
BRDA:105,19,0,0
BRDA:105,19,1,0
BRDA:105,19,2,0
BRDA:129,20,0,0
BRDA:129,20,1,0
BRDA:129,21,0,0
BRDA:129,21,1,0
BRDA:130,22,0,0
BRDA:130,22,1,0
BRDA:143,23,0,0
BRDA:143,23,1,0
BRDA:160,24,0,0
BRDA:160,24,1,0
BRDA:162,25,0,0
BRDA:162,25,1,0
BRDA:197,26,0,0
BRDA:197,26,1,0
BRDA:218,27,0,0
BRDA:218,27,1,0
BRDA:227,28,0,0
BRDA:227,28,1,0
BRDA:228,29,0,0
BRDA:228,29,1,0
BRDA:229,30,0,0
BRDA:229,30,1,0
BRF:71
BRH:0
end_of_record
TN:
SF:src\routes\crowd.js
FN:41,(anonymous_0)
FN:88,(anonymous_1)
FN:143,(anonymous_2)
FN:150,(anonymous_3)
FN:186,(anonymous_4)
FNF:5
FNH:0
FNDA:0,(anonymous_0)
FNDA:0,(anonymous_1)
FNDA:0,(anonymous_2)
FNDA:0,(anonymous_3)
FNDA:0,(anonymous_4)
DA:10,0
DA:11,0
DA:12,0
DA:13,0
DA:15,0
DA:41,0
DA:42,0
DA:43,0
DA:46,0
DA:51,0
DA:52,0
DA:54,0
DA:56,0
DA:57,0
DA:88,0
DA:89,0
DA:90,0
DA:91,0
DA:93,0
DA:94,0
DA:95,0
DA:99,0
DA:106,0
DA:108,0
DA:110,0
DA:111,0
DA:143,0
DA:144,0
DA:145,0
DA:148,0
DA:150,0
DA:153,0
DA:154,0
DA:156,0
DA:158,0
DA:159,0
DA:186,0
DA:187,0
DA:188,0
DA:191,0
DA:197,0
DA:198,0
DA:200,0
DA:205,0
DA:206,0
DA:210,0
LF:46
LH:0
BRDA:93,0,0,0
BRDA:93,0,1,0
BRDA:150,1,0,0
BRDA:150,1,1,0
BRF:4
BRH:0
end_of_record
TN:
SF:src\routes\monitoring.js
FN:28,(anonymous_0)
FN:51,(anonymous_1)
FN:77,(anonymous_2)
FN:103,(anonymous_3)
FNF:4
FNH:0
FNDA:0,(anonymous_0)
FNDA:0,(anonymous_1)
FNDA:0,(anonymous_2)
FNDA:0,(anonymous_3)
DA:8,0
DA:9,0
DA:14,0
DA:15,0
DA:16,0
DA:18,0
DA:28,0
DA:29,0
DA:30,0
DA:31,0
DA:36,0
DA:38,0
DA:39,0
DA:51,0
DA:52,0
DA:53,0
DA:54,0
DA:56,0
DA:62,0
DA:64,0
DA:65,0
DA:77,0
DA:78,0
DA:79,0
DA:80,0
DA:82,0
DA:88,0
DA:90,0
DA:91,0
DA:103,0
DA:104,0
DA:105,0
DA:113,0
DA:115,0
DA:116,0
DA:124,0
LF:36
LH:0
BRDA:53,0,0,0
BRDA:53,0,1,0
BRDA:110,1,0,0
BRDA:110,1,1,0
BRF:4
BRH:0
end_of_record
TN:
SF:src\routes\navigation.js
FN:36,buildGraph
FN:41,(anonymous_1)
FN:96,dijkstra
FN:103,(anonymous_3)
FN:115,(anonymous_4)
FN:129,(anonymous_5)
FN:167,calculateRouteScore
FN:168,(anonymous_7)
FN:169,(anonymous_8)
FN:190,(anonymous_9)
FN:202,(anonymous_10)
FN:223,(anonymous_11)
FN:224,(anonymous_12)
FN:237,(anonymous_13)
FN:238,(anonymous_14)
FN:284,(anonymous_15)
FN:287,(anonymous_16)
FNF:17
FNH:0
FNDA:0,buildGraph
FNDA:0,(anonymous_1)
FNDA:0,dijkstra
FNDA:0,(anonymous_3)
FNDA:0,(anonymous_4)
FNDA:0,(anonymous_5)
FNDA:0,calculateRouteScore
FNDA:0,(anonymous_7)
FNDA:0,(anonymous_8)
FNDA:0,(anonymous_9)
FNDA:0,(anonymous_10)
FNDA:0,(anonymous_11)
FNDA:0,(anonymous_12)
FNDA:0,(anonymous_13)
FNDA:0,(anonymous_14)
FNDA:0,(anonymous_15)
FNDA:0,(anonymous_16)
DA:14,0
DA:15,0
DA:16,0
DA:17,0
DA:18,0
DA:20,0
DA:37,0
DA:38,0
DA:41,0
DA:42,0
DA:46,0
DA:47,0
DA:48,0
DA:49,0
DA:52,0
DA:55,0
DA:56,0
DA:57,0
DA:61,0
DA:63,0
DA:68,0
DA:77,0
DA:97,0
DA:98,0
DA:99,0
DA:100,0
DA:103,0
DA:104,0
DA:105,0
DA:107,0
DA:110,0
DA:112,0
DA:113,0
DA:115,0
DA:116,0
DA:117,0
DA:118,0
DA:123,0
DA:125,0
DA:128,0
DA:129,0
DA:130,0
DA:131,0
DA:132,0
DA:133,0
DA:134,0
DA:141,0
DA:142,0
DA:143,0
DA:144,0
DA:145,0
DA:148,0
DA:168,0
DA:169,0
DA:170,0
DA:186,0
DA:191,0
DA:192,0
DA:193,0
DA:194,0
DA:197,0
DA:198,0
DA:199,0
DA:202,0
DA:203,0
DA:204,0
DA:205,0
DA:207,0
DA:208,0
DA:209,0
DA:212,0
DA:214,0
DA:215,0
DA:217,0
DA:218,0
DA:219,0
DA:223,0
DA:224,0
DA:225,0
DA:226,0
DA:237,0
DA:238,0
DA:239,0
DA:241,0
DA:253,0
DA:261,0
DA:268,0
DA:270,0
DA:271,0
DA:284,0
DA:285,0
DA:286,0
DA:287,0
DA:294,0
DA:295,0
DA:301,0
DA:302,0
DA:306,0
LF:98
LH:0
BRDA:55,0,0,0
BRDA:55,0,1,0
BRDA:56,1,0,0
BRDA:56,1,1,0
BRDA:57,2,0,0
BRDA:57,2,1,0
BRDA:116,3,0,0
BRDA:116,3,1,0
BRDA:116,4,0,0
BRDA:116,4,1,0
BRDA:123,5,0,0
BRDA:123,5,1,0
BRDA:123,6,0,0
BRDA:123,6,1,0
BRDA:128,7,0,0
BRDA:128,7,1,0
BRDA:130,8,0,0
BRDA:130,8,1,0
BRDA:132,9,0,0
BRDA:132,9,1,0
BRDA:149,10,0,0
BRDA:149,10,1,0
BRDA:192,11,0,0
BRDA:192,11,1,0
BRDA:197,12,0,0
BRDA:203,13,0,0
BRDA:203,13,1,0
BRDA:207,14,0,0
BRDA:207,14,1,0
BRDA:217,15,0,0
BRDA:217,15,1,0
BRDA:228,16,0,0
BRDA:228,16,1,0
BRDA:231,17,0,0
BRDA:231,17,1,0
BRDA:232,18,0,0
BRDA:232,18,1,0
BRDA:233,19,0,0
BRDA:233,19,1,0
BRF:39
BRH:0
end_of_record
TN:
SF:src\routes\queue.js
FN:47,getQueueData
FN:97,(anonymous_1)
FN:103,(anonymous_2)
FN:104,(anonymous_3)
FN:146,(anonymous_4)
FN:159,(anonymous_5)
FN:164,(anonymous_6)
FN:173,(anonymous_7)
FNF:8
FNH:0
FNDA:0,getQueueData
FNDA:0,(anonymous_1)
FNDA:0,(anonymous_2)
FNDA:0,(anonymous_3)
FNDA:0,(anonymous_4)
FNDA:0,(anonymous_5)
FNDA:0,(anonymous_6)
FNDA:0,(anonymous_7)
DA:10,0
DA:11,0
DA:12,0
DA:13,0
DA:15,0
DA:21,0
DA:48,0
DA:49,0
DA:51,0
DA:52,0
DA:55,0
DA:56,0
DA:58,0
DA:59,0
DA:63,0
DA:97,0
DA:98,0
DA:99,0
DA:100,0
DA:101,0
DA:103,0
DA:104,0
DA:105,0
DA:109,0
DA:114,0
DA:116,0
DA:118,0
DA:119,0
DA:146,0
DA:147,0
DA:148,0
DA:150,0
DA:151,0
DA:152,0
DA:157,0
DA:158,0
DA:159,0
DA:163,0
DA:164,0
DA:169,0
DA:173,0
DA:176,0
DA:183,0
DA:189,0
DA:193,0
DA:197,0
LF:46
LH:0
BRDA:49,0,0,0
BRDA:49,0,1,0
BRDA:55,1,0,0
BRDA:55,1,1,0
BRDA:56,2,0,0
BRDA:56,2,1,0
BRDA:59,3,0,0
BRDA:59,3,1,0
BRDA:70,4,0,0
BRDA:70,4,1,0
BRDA:70,5,0,0
BRDA:70,5,1,0
BRDA:70,6,0,0
BRDA:70,6,1,0
BRDA:150,7,0,0
BRDA:150,7,1,0
BRDA:164,8,0,0
BRDA:164,8,1,0
BRF:18
BRH:0
end_of_record
TN:
SF:src\services\crowdService.js
FN:36,(anonymous_0)
FN:59,(anonymous_1)
FN:84,(anonymous_2)
FN:86,(anonymous_3)
FN:116,(anonymous_4)
FN:118,(anonymous_5)
FN:119,(anonymous_6)
FN:120,(anonymous_7)
FN:127,(anonymous_8)
FN:128,(anonymous_9)
FN:129,(anonymous_10)
FN:130,(anonymous_11)
FN:150,(anonymous_12)
FN:153,(anonymous_13)
FN:154,(anonymous_14)
FNF:15
FNH:15
FNDA:227,(anonymous_0)
FNDA:8,(anonymous_1)
FNDA:6,(anonymous_2)
FNDA:120,(anonymous_3)
FNDA:108,(anonymous_4)
FNDA:2160,(anonymous_5)
FNDA:2160,(anonymous_6)
FNDA:2160,(anonymous_7)
FNDA:2160,(anonymous_8)
FNDA:2160,(anonymous_9)
FNDA:2160,(anonymous_10)
FNDA:2160,(anonymous_11)
FNDA:8,(anonymous_12)
FNDA:160,(anonymous_13)
FNDA:90,(anonymous_14)
DA:8,3
DA:37,227
DA:38,227
DA:60,8
DA:61,8
DA:85,6
DA:86,120
DA:117,108
DA:118,2160
DA:119,2160
DA:120,2160
DA:122,108
DA:127,2160
DA:128,2160
DA:129,2160
DA:130,2160
DA:151,8
DA:152,8
DA:153,160
DA:154,90
DA:158,3
LF:21
LH:21
BRDA:61,0,0,8
BRDA:61,0,1,6
BRDA:118,1,0,2160
BRDA:118,1,1,2140
BRDA:130,2,0,2160
BRDA:130,2,1,0
BRDA:152,3,0,8
BRDA:152,3,1,2
BRF:8
BRH:7
end_of_record
TN:
SF:src\services\firebaseService.js
FN:27,initializeFirebase
FN:77,verifyIdToken
FN:99,storeCrowdData
FN:123,logAnalyticsEvent
FN:151,sendPushNotification
FN:190,getUserData
FN:217,storeAlert
FN:242,getAlertHistory
FN:252,(anonymous_8)
FN:271,isFirebaseAvailable
FN:283,trackAnalyticsEvent
FNF:11
FNH:6
FNDA:15,initializeFirebase
FNDA:0,verifyIdToken
FNDA:1,storeCrowdData
FNDA:9,logAnalyticsEvent
FNDA:0,sendPushNotification
FNDA:0,getUserData
FNDA:5,storeAlert
FNDA:0,getAlertHistory
FNDA:0,(anonymous_8)
FNDA:1,isFirebaseAvailable
FNDA:1,trackAnalyticsEvent
DA:14,15
DA:15,15
DA:17,15
DA:18,15
DA:19,15
DA:28,15
DA:29,0
DA:32,15
DA:34,15
DA:35,15
DA:37,15
DA:38,15
DA:39,15
DA:43,0
DA:44,0
DA:45,0
DA:52,0
DA:58,0
DA:59,0
DA:60,0
DA:62,0
DA:63,0
DA:65,0
DA:66,0
DA:78,0
DA:79,0
DA:82,0
DA:83,0
DA:84,0
DA:85,0
DA:87,0
DA:88,0
DA:100,1
DA:101,1
DA:104,0
DA:105,0
DA:106,0
DA:110,0
DA:112,0
DA:124,9
DA:125,9
DA:128,0
DA:130,0
DA:131,0
DA:136,0
DA:138,0
DA:152,0
DA:153,0
DA:154,0
DA:157,0
DA:158,0
DA:167,0
DA:168,0
DA:173,0
DA:179,0
DA:180,0
DA:191,0
DA:192,0
DA:195,0
DA:196,0
DA:197,0
DA:206,0
DA:207,0
DA:218,5
DA:219,5
DA:222,0
DA:223,0
DA:224,0
DA:228,0
DA:229,0
DA:231,0
DA:232,0
DA:243,0
DA:244,0
DA:247,0
DA:248,0
DA:249,0
DA:250,0
DA:252,0
DA:253,0
DA:259,0
DA:261,0
DA:262,0
DA:272,1
DA:284,1
DA:288,15
DA:290,15
LF:87
LH:22
BRDA:28,0,0,0
BRDA:28,0,1,15
BRDA:37,1,0,15
BRDA:37,1,1,0
BRDA:43,2,0,0
BRDA:43,2,1,0
BRDA:78,3,0,0
BRDA:78,3,1,0
BRDA:100,4,0,1
BRDA:100,4,1,0
BRDA:100,5,0,1
BRDA:100,5,1,0
BRDA:123,6,0,1
BRDA:124,7,0,9
BRDA:124,7,1,0
BRDA:151,8,0,0
BRDA:152,9,0,0
BRDA:152,9,1,0
BRDA:152,10,0,0
BRDA:152,10,1,0
BRDA:191,11,0,0
BRDA:191,11,1,0
BRDA:218,12,0,5
BRDA:218,12,1,0
BRDA:218,13,0,5
BRDA:218,13,1,0
BRDA:242,14,0,0
BRDA:243,15,0,0
BRDA:243,15,1,0
BRDA:243,16,0,0
BRDA:243,16,1,0
BRDA:283,17,0,0
BRF:32
BRH:8
end_of_record
TN:
SF:src\simulation\crowdSimulator.js
FN:59,(anonymous_0)
FN:82,getTimeMultiplier
FN:104,getRiskLevel
FN:123,predictDensity
FN:127,(anonymous_4)
FN:130,(anonymous_5)
FN:159,simulateTick
FN:163,(anonymous_7)
FN:214,startSimulation
FN:226,stopSimulation
FN:239,getCurrentState
FN:248,getZones
FNF:12
FNH:8
FNDA:60,(anonymous_0)
FNDA:1,getTimeMultiplier
FNDA:20,getRiskLevel
FNDA:20,predictDensity
FNDA:0,(anonymous_4)
FNDA:0,(anonymous_5)
FNDA:1,simulateTick
FNDA:20,(anonymous_7)
FNDA:0,startSimulation
FNDA:0,stopSimulation
FNDA:255,getCurrentState
FNDA:11,getZones
DA:10,3
DA:11,3
DA:17,3
DA:44,3
DA:50,3
DA:56,3
DA:59,3
DA:60,60
DA:67,60
DA:83,1
DA:84,1
DA:86,1
DA:87,1
DA:88,1
DA:89,1
DA:90,0
DA:105,20
DA:106,20
DA:107,20
DA:108,13
DA:124,20
DA:125,20
DA:127,0
DA:128,0
DA:130,0
DA:131,0
DA:132,0
DA:160,1
DA:161,1
DA:163,1
DA:164,20
DA:167,20
DA:168,20
DA:169,20
DA:170,20
DA:173,20
DA:176,20
DA:177,20
DA:180,20
DA:181,20
DA:183,20
DA:185,20
DA:196,20
DA:200,1
DA:203,1
DA:205,1
DA:215,0
DA:216,0
DA:217,0
DA:227,0
DA:228,0
DA:229,0
DA:230,0
DA:240,255
DA:249,11
DA:252,3
LF:56
LH:43
BRDA:87,0,0,0
BRDA:87,0,1,1
BRDA:88,1,0,0
BRDA:88,1,1,1
BRDA:89,2,0,1
BRDA:89,2,1,0
BRDA:105,3,0,0
BRDA:105,3,1,20
BRDA:106,4,0,0
BRDA:106,4,1,20
BRDA:107,5,0,7
BRDA:107,5,1,13
BRDA:125,6,0,20
BRDA:125,6,1,0
BRDA:176,7,0,4
BRDA:176,7,1,16
BRDA:176,8,0,4
BRDA:176,8,1,12
BRDA:176,9,0,4
BRDA:176,9,1,8
BRDA:181,10,0,0
BRDA:181,10,1,20
BRDA:215,11,0,0
BRDA:215,11,1,0
BRDA:227,12,0,0
BRDA:227,12,1,0
BRF:26
BRH:15
end_of_record
TN:
SF:src\utils\apiResponse.js
FN:6,(anonymous_0)
FN:14,(anonymous_1)
FN:20,(anonymous_2)
FNF:3
FNH:0
FNDA:0,(anonymous_0)
FNDA:0,(anonymous_1)
FNDA:0,(anonymous_2)
DA:6,1
DA:7,0
DA:14,1
DA:15,0
DA:16,0
DA:17,0
DA:20,1
DA:21,0
DA:29,1
LF:9
LH:4
BRDA:6,0,0,0
BRDA:14,1,0,0
BRDA:14,2,0,0
BRDA:16,3,0,0
BRDA:16,3,1,0
BRF:5
BRH:0
end_of_record
TN:
SF:src\utils\cache.js
FN:11,(anonymous_0)
FN:16,(anonymous_1)
FN:26,(anonymous_2)
FN:38,(anonymous_3)
FN:54,(anonymous_4)
FN:62,(anonymous_5)
FN:71,(anonymous_6)
FN:92,(anonymous_7)
FN:109,cacheMiddleware
FN:110,(anonymous_9)
FN:126,(anonymous_10)
FNF:11
FNH:0
FNDA:0,(anonymous_0)
FNDA:0,(anonymous_1)
FNDA:0,(anonymous_2)
FNDA:0,(anonymous_3)
FNDA:0,(anonymous_4)
FNDA:0,(anonymous_5)
FNDA:0,(anonymous_6)
FNDA:0,(anonymous_7)
FNDA:0,cacheMiddleware
FNDA:0,(anonymous_9)
FNDA:0,(anonymous_10)
DA:8,0
DA:12,0
DA:13,0
DA:16,0
DA:27,0
DA:28,0
DA:29,0
DA:39,0
DA:41,0
DA:42,0
DA:43,0
DA:46,0
DA:55,0
DA:56,0
DA:63,0
DA:64,0
DA:65,0
DA:72,0
DA:73,0
DA:75,0
DA:76,0
DA:77,0
DA:78,0
DA:82,0
DA:83,0
DA:93,0
DA:101,0
DA:110,0
DA:112,0
DA:113,0
DA:116,0
DA:117,0
DA:119,0
DA:120,0
DA:121,0
DA:125,0
DA:126,0
DA:127,0
DA:128,0
DA:131,0
DA:135,0
LF:41
LH:0
BRDA:26,0,0,0
BRDA:41,1,0,0
BRDA:41,1,1,0
BRDA:41,2,0,0
BRDA:41,2,1,0
BRDA:76,3,0,0
BRDA:76,3,1,0
BRDA:82,4,0,0
BRDA:82,4,1,0
BRDA:109,5,0,0
BRDA:112,6,0,0
BRDA:112,6,1,0
BRDA:119,7,0,0
BRDA:119,7,1,0
BRF:14
BRH:0
end_of_record
TN:
SF:src\utils\logger.js
FN:11,formatMessage
FN:23,(anonymous_1)
FN:24,(anonymous_2)
FN:25,(anonymous_3)
FN:26,(anonymous_4)
FN:27,(anonymous_5)
FNF:6
FNH:5
FNDA:47,formatMessage
FNDA:2,(anonymous_1)
FNDA:23,(anonymous_2)
FNDA:22,(anonymous_3)
FNDA:1,(anonymous_4)
FNDA:0,(anonymous_5)
DA:5,16
DA:6,16
DA:8,16
DA:9,16
DA:12,47
DA:19,47
DA:22,16
DA:23,2
DA:24,23
DA:25,22
DA:26,1
DA:27,0
DA:30,16
LF:13
LH:12
BRDA:5,0,0,16
BRDA:5,0,1,16
BRDA:9,1,0,16
BRDA:9,1,1,0
BRDA:11,2,0,35
BRDA:19,3,0,0
BRDA:19,3,1,47
BRDA:19,4,0,12
BRDA:19,4,1,35
BRDA:23,5,0,2
BRDA:23,5,1,0
BRDA:24,6,0,23
BRDA:24,6,1,0
BRDA:25,7,0,22
BRDA:25,7,1,0
BRDA:26,8,0,0
BRDA:26,8,1,1
BRDA:27,9,0,0
BRDA:27,9,1,0
BRF:19
BRH:11
end_of_record
TN:
SF:src\utils\performance.js
FN:27,performanceMonitoring
FN:28,(anonymous_1)
FN:34,(anonymous_2)
FN:89,getPerformanceStats
FN:102,(anonymous_4)
FN:103,(anonymous_5)
FN:122,calculateRequestsPerMinute
FN:124,(anonymous_7)
FN:136,getSlowQueries
FN:143,clearMetrics
FN:156,logError
FN:174,getSystemMetrics
FNF:12
FNH:0
FNDA:0,performanceMonitoring
FNDA:0,(anonymous_1)
FNDA:0,(anonymous_2)
FNDA:0,getPerformanceStats
FNDA:0,(anonymous_4)
FNDA:0,(anonymous_5)
FNDA:0,calculateRequestsPerMinute
FNDA:0,(anonymous_7)
FNDA:0,getSlowQueries
FNDA:0,clearMetrics
FNDA:0,logError
FNDA:0,getSystemMetrics
DA:8,0
DA:11,0
DA:18,0
DA:19,0
DA:28,0
DA:29,0
DA:32,0
DA:34,0
DA:35,0
DA:38,0
DA:39,0
DA:46,0
DA:54,0
DA:55,0
DA:60,0
DA:69,0
DA:70,0
DA:74,0
DA:77,0
DA:80,0
DA:90,0
DA:92,0
DA:93,0
DA:102,0
DA:103,0
DA:105,0
DA:123,0
DA:124,0
DA:125,0
DA:127,0
DA:137,0
DA:144,0
DA:145,0
DA:146,0
DA:147,0
DA:157,0
DA:164,0
DA:165,0
DA:175,0
DA:177,0
DA:191,0
LF:41
LH:0
BRDA:38,0,0,0
BRDA:38,0,1,0
BRDA:54,1,0,0
BRDA:54,1,1,0
BRDA:69,2,0,0
BRDA:69,2,1,0
BRDA:92,3,0,0
BRDA:92,3,1,0
BRDA:136,4,0,0
BRDA:156,5,0,0
BRDA:164,6,0,0
BRDA:164,6,1,0
BRF:12
BRH:0
end_of_record
TN:
SF:src\utils\sanitize.js
FN:7,sanitizeString
FN:19,sanitizeObject
FN:31,sanitizeBody
FNF:3
FNH:3
FNDA:3,sanitizeString
FNDA:7,sanitizeObject
FNDA:3,sanitizeBody
DA:8,3
DA:9,3
DA:20,7
DA:21,7
DA:22,4
DA:23,3
DA:24,3
DA:25,4
DA:27,3
DA:32,3
DA:33,3
DA:35,3
DA:38,1
LF:13
LH:13
BRDA:8,0,0,0
BRDA:8,0,1,3
BRDA:19,1,0,3
BRDA:20,2,0,0
BRDA:20,2,1,7
BRDA:21,3,0,3
BRDA:21,3,1,4
BRDA:22,4,0,1
BRDA:22,4,1,3
BRDA:22,5,0,4
BRDA:22,5,1,4
BRDA:32,6,0,3
BRDA:32,6,1,0
BRDA:32,7,0,3
BRDA:32,7,1,3
BRF:15
BRH:12
end_of_record
TN:
SF:src\utils\validation.js
FN:16,validateLength
FN:27,validateEmail
FN:38,validateUrl
FN:55,validateRange
FN:66,validateEnum
FN:76,validateZoneId
FN:89,validateObject
FNF:7
FNH:0
FNDA:0,validateLength
FNDA:0,validateEmail
FNDA:0,validateUrl
FNDA:0,validateRange
FNDA:0,validateEnum
FNDA:0,validateZoneId
FNDA:0,validateObject
DA:17,0
DA:18,0
DA:28,0
DA:29,0
DA:39,0
DA:40,0
DA:41,0
DA:43,0
DA:56,0
DA:67,0
DA:77,0
DA:79,0
DA:90,0
DA:92,0
DA:93,0
DA:95,0
DA:96,0
DA:97,0
DA:100,0
DA:101,0
DA:102,0
DA:105,0
DA:106,0
DA:109,0
DA:110,0
DA:113,0
DA:114,0
DA:117,0
DA:118,0
DA:123,0
DA:129,0
LF:31
LH:0
BRDA:16,0,0,0
BRDA:16,1,0,0
BRDA:17,2,0,0
BRDA:17,2,1,0
BRDA:18,3,0,0
BRDA:18,3,1,0
BRDA:55,4,0,0
BRDA:55,5,0,0
BRDA:56,6,0,0
BRDA:56,6,1,0
BRDA:56,6,2,0
BRDA:77,7,0,0
BRDA:77,7,1,0
BRDA:79,8,0,0
BRDA:79,8,1,0
BRDA:95,9,0,0
BRDA:95,9,1,0
BRDA:95,10,0,0
BRDA:95,10,1,0
BRDA:95,10,2,0
BRDA:100,11,0,0
BRDA:100,11,1,0
BRDA:100,12,0,0
BRDA:100,12,1,0
BRDA:101,13,0,0
BRDA:101,13,1,0
BRDA:101,14,0,0
BRDA:101,14,1,0
BRDA:105,15,0,0
BRDA:105,15,1,0
BRDA:105,16,0,0
BRDA:105,16,1,0
BRDA:109,17,0,0
BRDA:109,17,1,0
BRDA:109,18,0,0
BRDA:109,18,1,0
BRDA:113,19,0,0
BRDA:113,19,1,0
BRDA:113,20,0,0
BRDA:113,20,1,0
BRDA:117,21,0,0
BRDA:117,21,1,0
BRDA:117,22,0,0
BRDA:117,22,1,0
BRF:44
BRH:0
end_of_record
TN:
SF:src\websocket\wsServer.js
FN:34,initWebSocket
FN:38,(anonymous_1)
FN:39,(anonymous_2)
FN:48,(anonymous_3)
FN:53,(anonymous_4)
FN:73,handleNewConnection
FN:104,(anonymous_6)
FN:109,(anonymous_7)
FN:126,(anonymous_8)
FN:142,(anonymous_9)
FN:166,handleClientMessage
FN:235,sendToClient
FN:258,broadcast
FN:267,(anonymous_13)
FN:311,broadcastAlert
FN:351,generateClientId
FN:360,getStats
FNF:17
FNH:2
FNDA:0,initWebSocket
FNDA:0,(anonymous_1)
FNDA:0,(anonymous_2)
FNDA:0,(anonymous_3)
FNDA:0,(anonymous_4)
FNDA:0,handleNewConnection
FNDA:0,(anonymous_6)
FNDA:0,(anonymous_7)
FNDA:0,(anonymous_8)
FNDA:0,(anonymous_9)
FNDA:0,handleClientMessage
FNDA:0,sendToClient
FNDA:17,broadcast
FNDA:0,(anonymous_13)
FNDA:5,broadcastAlert
FNDA:0,generateClientId
FNDA:0,getStats
DA:15,14
DA:16,14
DA:17,14
DA:19,14
DA:20,14
DA:21,14
DA:35,0
DA:38,0
DA:39,0
DA:40,0
DA:41,0
DA:42,0
DA:43,0
DA:48,0
DA:49,0
DA:50,0
DA:53,0
DA:54,0
DA:57,0
DA:74,0
DA:76,0
DA:77,0
DA:78,0
DA:80,0
DA:87,0
DA:88,0
DA:90,0
DA:98,0
DA:104,0
DA:105,0
DA:109,0
DA:110,0
DA:111,0
DA:112,0
DA:114,0
DA:118,0
DA:126,0
DA:127,0
DA:128,0
DA:130,0
DA:135,0
DA:142,0
DA:143,0
DA:147,0
DA:148,0
DA:167,0
DA:172,0
DA:174,0
DA:178,0
DA:181,0
DA:182,0
DA:183,0
DA:185,0
DA:187,0
DA:192,0
DA:197,0
DA:200,0
DA:201,0
DA:203,0
DA:208,0
DA:211,0
DA:212,0
DA:217,0
DA:220,0
DA:224,0
DA:236,0
DA:237,0
DA:238,0
DA:239,0
DA:241,0
DA:242,0
DA:245,0
DA:259,17
DA:260,17
DA:261,17
DA:264,0
DA:265,0
DA:267,0
DA:268,0
DA:269,0
DA:270,0
DA:271,0
DA:273,0
DA:282,0
DA:283,0
DA:284,0
DA:286,0
DA:292,0
DA:297,0
DA:312,5
DA:319,5
DA:320,5
DA:321,5
DA:323,5
DA:328,0
DA:334,5
DA:337,5
DA:343,5
DA:352,0
DA:361,0
DA:368,14
LF:101
LH:18
BRDA:40,0,0,0
BRDA:40,0,1,0
BRDA:42,1,0,0
BRDA:42,1,1,0
BRDA:74,2,0,0
BRDA:74,2,1,0
BRDA:172,3,0,0
BRDA:172,3,1,0
BRDA:172,3,2,0
BRDA:172,3,3,0
BRDA:172,3,4,0
BRDA:181,4,0,0
BRDA:181,4,1,0
BRDA:182,5,0,0
BRDA:182,5,1,0
BRDA:200,6,0,0
BRDA:200,6,1,0
BRDA:200,7,0,0
BRDA:200,7,1,0
BRDA:236,8,0,0
BRDA:236,8,1,0
BRDA:259,9,0,17
BRDA:259,9,1,0
BRDA:268,10,0,0
BRDA:268,10,1,0
BRDA:282,11,0,0
BRDA:282,11,1,0
BRDA:282,12,0,0
BRDA:282,12,1,0
BRF:29
BRH:1
end_of_record
